{"total": {"lines":{"total":390,"covered":102,"skipped":0,"pct":26.15},"statements":{"total":434,"covered":108,"skipped":0,"pct":24.88},"functions":{"total":117,"covered":11,"skipped":0,"pct":9.4},"branches":{"total":160,"covered":14,"skipped":0,"pct":8.75},"branchesTrue":{"total":0,"covered":0,"skipped":0,"pct":100}}
,"D:/Alzhivida/proyecto/frontend/src/App.jsx": {"lines":{"total":3,"covered":3,"skipped":0,"pct":100},"functions":{"total":1,"covered":1,"skipped":0,"pct":100},"statements":{"total":3,"covered":3,"skipped":0,"pct":100},"branches":{"total":0,"covered":0,"skipped":0,"pct":100}}
,"D:/Alzhivida/proyecto/frontend/src/main.jsx": {"lines":{"total":4,"covered":4,"skipped":0,"pct":100},"functions":{"total":0,"covered":0,"skipped":0,"pct":100},"statements":{"total":4,"covered":4,"skipped":0,"pct":100},"branches":{"total":1,"covered":1,"skipped":0,"pct":100}}
,"D:/Alzhivida/proyecto/frontend/src/api/apiAutenticacion.js": {"lines":{"total":28,"covered":5,"skipped":0,"pct":17.85},"functions":{"total":6,"covered":1,"skipped":0,"pct":16.66},"statements":{"total":39,"covered":5,"skipped":0,"pct":12.82},"branches":{"total":15,"covered":0,"skipped":0,"pct":0}}
,"D:/Alzhivida/proyecto/frontend/src/components/Modal.jsx": {"lines":{"total":5,"covered":3,"skipped":0,"pct":60},"functions":{"total":1,"covered":0,"skipped":0,"pct":0},"statements":{"total":6,"covered":3,"skipped":0,"pct":50},"branches":{"total":1,"covered":0,"skipped":0,"pct":0}}
,"D:/Alzhivida/proyecto/frontend/src/components/ModalEditPerfil.jsx": {"lines":{"total":5,"covered":2,"skipped":0,"pct":40},"functions":{"total":2,"covered":0,"skipped":0,"pct":0},"statements":{"total":7,"covered":3,"skipped":0,"pct":42.85},"branches":{"total":0,"covered":0,"skipped":0,"pct":100}}
,"D:/Alzhivida/proyecto/frontend/src/components/ModalModContrasena.jsx": {"lines":{"total":16,"covered":3,"skipped":0,"pct":18.75},"functions":{"total":4,"covered":0,"skipped":0,"pct":0},"statements":{"total":18,"covered":3,"skipped":0,"pct":16.66},"branches":{"total":3,"covered":0,"skipped":0,"pct":0}}
,"D:/Alzhivida/proyecto/frontend/src/layouts/Header.jsx": {"lines":{"total":8,"covered":3,"skipped":0,"pct":37.5},"functions":{"total":4,"covered":0,"skipped":0,"pct":0},"statements":{"total":9,"covered":3,"skipped":0,"pct":33.33},"branches":{"total":4,"covered":0,"skipped":0,"pct":0}}
,"D:/Alzhivida/proyecto/frontend/src/layouts/HeaderMod.jsx": {"lines":{"total":8,"covered":6,"skipped":0,"pct":75},"functions":{"total":4,"covered":2,"skipped":0,"pct":50},"statements":{"total":9,"covered":7,"skipped":0,"pct":77.77},"branches":{"total":4,"covered":2,"skipped":0,"pct":50}}
,"D:/Alzhivida/proyecto/frontend/src/layouts/HeaderPrincipal.jsx": {"lines":{"total":39,"covered":3,"skipped":0,"pct":7.69},"functions":{"total":13,"covered":0,"skipped":0,"pct":0},"statements":{"total":40,"covered":3,"skipped":0,"pct":7.5},"branches":{"total":18,"covered":0,"skipped":0,"pct":0}}
,"D:/Alzhivida/proyecto/frontend/src/layouts/Loading.jsx": {"lines":{"total":3,"covered":2,"skipped":0,"pct":66.66},"functions":{"total":1,"covered":0,"skipped":0,"pct":0},"statements":{"total":3,"covered":2,"skipped":0,"pct":66.66},"branches":{"total":0,"covered":0,"skipped":0,"pct":100}}
,"D:/Alzhivida/proyecto/frontend/src/layouts/Prueba.jsx": {"lines":{"total":3,"covered":2,"skipped":0,"pct":66.66},"functions":{"total":1,"covered":0,"skipped":0,"pct":0},"statements":{"total":3,"covered":2,"skipped":0,"pct":66.66},"branches":{"total":0,"covered":0,"skipped":0,"pct":100}}
,"D:/Alzhivida/proyecto/frontend/src/pages/Forgotten.jsx": {"lines":{"total":59,"covered":3,"skipped":0,"pct":5.08},"functions":{"total":19,"covered":0,"skipped":0,"pct":0},"statements":{"total":64,"covered":3,"skipped":0,"pct":4.68},"branches":{"total":27,"covered":0,"skipped":0,"pct":0}}
,"D:/Alzhivida/proyecto/frontend/src/pages/Home.jsx": {"lines":{"total":24,"covered":5,"skipped":0,"pct":20.83},"functions":{"total":8,"covered":0,"skipped":0,"pct":0},"statements":{"total":27,"covered":5,"skipped":0,"pct":18.51},"branches":{"total":8,"covered":0,"skipped":0,"pct":0}}
,"D:/Alzhivida/proyecto/frontend/src/pages/Login.jsx": {"lines":{"total":27,"covered":3,"skipped":0,"pct":11.11},"functions":{"total":7,"covered":0,"skipped":0,"pct":0},"statements":{"total":30,"covered":3,"skipped":0,"pct":10},"branches":{"total":13,"covered":0,"skipped":0,"pct":0}}
,"D:/Alzhivida/proyecto/frontend/src/pages/NoEncontrado.jsx": {"lines":{"total":3,"covered":2,"skipped":0,"pct":66.66},"functions":{"total":1,"covered":0,"skipped":0,"pct":0},"statements":{"total":3,"covered":2,"skipped":0,"pct":66.66},"branches":{"total":0,"covered":0,"skipped":0,"pct":100}}
,"D:/Alzhivida/proyecto/frontend/src/pages/Principal.jsx": {"lines":{"total":3,"covered":2,"skipped":0,"pct":66.66},"functions":{"total":1,"covered":0,"skipped":0,"pct":0},"statements":{"total":3,"covered":2,"skipped":0,"pct":66.66},"branches":{"total":0,"covered":0,"skipped":0,"pct":100}}
,"D:/Alzhivida/proyecto/frontend/src/pages/Register.jsx": {"lines":{"total":140,"covered":43,"skipped":0,"pct":30.71},"functions":{"total":39,"covered":6,"skipped":0,"pct":15.38},"statements":{"total":154,"covered":47,"skipped":0,"pct":30.51},"branches":{"total":66,"covered":11,"skipped":0,"pct":16.66}}
,"D:/Alzhivida/proyecto/frontend/src/pages/Sessions.jsx": {"lines":{"total":3,"covered":2,"skipped":0,"pct":66.66},"functions":{"total":1,"covered":0,"skipped":0,"pct":0},"statements":{"total":3,"covered":2,"skipped":0,"pct":66.66},"branches":{"total":0,"covered":0,"skipped":0,"pct":100}}
,"D:/Alzhivida/proyecto/frontend/src/routes/AppRoutes.jsx": {"lines":{"total":3,"covered":3,"skipped":0,"pct":100},"functions":{"total":1,"covered":1,"skipped":0,"pct":100},"statements":{"total":3,"covered":3,"skipped":0,"pct":100},"branches":{"total":0,"covered":0,"skipped":0,"pct":100}}
,"D:/Alzhivida/proyecto/frontend/src/services/autenticacionService.js": {"lines":{"total":6,"covered":3,"skipped":0,"pct":50},"functions":{"total":3,"covered":0,"skipped":0,"pct":0},"statements":{"total":6,"covered":3,"skipped":0,"pct":50},"branches":{"total":0,"covered":0,"skipped":0,"pct":100}}
}
