{"total": {"lines":{"total":225,"covered":77,"skipped":0,"pct":34.22},"statements":{"total":256,"covered":82,"skipped":0,"pct":32.03},"functions":{"total":68,"covered":9,"skipped":0,"pct":13.23},"branches":{"total":97,"covered":13,"skipped":0,"pct":13.4},"branchesTrue":{"total":0,"covered":0,"skipped":0,"pct":100}}
,"D:/Alzhivida/proyecto/frontend/src/App.jsx": {"lines":{"total":3,"covered":3,"skipped":0,"pct":100},"functions":{"total":1,"covered":1,"skipped":0,"pct":100},"statements":{"total":3,"covered":3,"skipped":0,"pct":100},"branches":{"total":0,"covered":0,"skipped":0,"pct":100}}
,"D:/Alzhivida/proyecto/frontend/src/main.jsx": {"lines":{"total":4,"covered":4,"skipped":0,"pct":100},"functions":{"total":0,"covered":0,"skipped":0,"pct":100},"statements":{"total":4,"covered":4,"skipped":0,"pct":100},"branches":{"total":1,"covered":1,"skipped":0,"pct":100}}
,"D:/Alzhivida/proyecto/frontend/src/api/apiAutenticacion.js": {"lines":{"total":19,"covered":2,"skipped":0,"pct":10.52},"functions":{"total":3,"covered":0,"skipped":0,"pct":0},"statements":{"total":26,"covered":2,"skipped":0,"pct":7.69},"branches":{"total":11,"covered":0,"skipped":0,"pct":0}}
,"D:/Alzhivida/proyecto/frontend/src/components/Input.jsx": {"lines":{"total":12,"covered":3,"skipped":0,"pct":25},"functions":{"total":4,"covered":0,"skipped":0,"pct":0},"statements":{"total":15,"covered":3,"skipped":0,"pct":20},"branches":{"total":7,"covered":0,"skipped":0,"pct":0}}
,"D:/Alzhivida/proyecto/frontend/src/layouts/Header.jsx": {"lines":{"total":8,"covered":3,"skipped":0,"pct":37.5},"functions":{"total":4,"covered":0,"skipped":0,"pct":0},"statements":{"total":9,"covered":3,"skipped":0,"pct":33.33},"branches":{"total":4,"covered":0,"skipped":0,"pct":0}}
,"D:/Alzhivida/proyecto/frontend/src/layouts/HeaderMod.jsx": {"lines":{"total":8,"covered":6,"skipped":0,"pct":75},"functions":{"total":4,"covered":2,"skipped":0,"pct":50},"statements":{"total":9,"covered":7,"skipped":0,"pct":77.77},"branches":{"total":4,"covered":2,"skipped":0,"pct":50}}
,"D:/Alzhivida/proyecto/frontend/src/pages/Home.jsx": {"lines":{"total":24,"covered":5,"skipped":0,"pct":20.83},"functions":{"total":8,"covered":0,"skipped":0,"pct":0},"statements":{"total":27,"covered":5,"skipped":0,"pct":18.51},"branches":{"total":8,"covered":0,"skipped":0,"pct":0}}
,"D:/Alzhivida/proyecto/frontend/src/pages/Login.jsx": {"lines":{"total":5,"covered":3,"skipped":0,"pct":60},"functions":{"total":2,"covered":0,"skipped":0,"pct":0},"statements":{"total":7,"covered":3,"skipped":0,"pct":42.85},"branches":{"total":0,"covered":0,"skipped":0,"pct":100}}
,"D:/Alzhivida/proyecto/frontend/src/pages/NoEncontrado.jsx": {"lines":{"total":3,"covered":2,"skipped":0,"pct":66.66},"functions":{"total":1,"covered":0,"skipped":0,"pct":0},"statements":{"total":3,"covered":2,"skipped":0,"pct":66.66},"branches":{"total":0,"covered":0,"skipped":0,"pct":100}}
,"D:/Alzhivida/proyecto/frontend/src/pages/Register.jsx": {"lines":{"total":127,"covered":38,"skipped":0,"pct":29.92},"functions":{"total":36,"covered":5,"skipped":0,"pct":13.88},"statements":{"total":141,"covered":42,"skipped":0,"pct":29.78},"branches":{"total":62,"covered":10,"skipped":0,"pct":16.12}}
,"D:/Alzhivida/proyecto/frontend/src/pages/Sessions.jsx": {"lines":{"total":3,"covered":2,"skipped":0,"pct":66.66},"functions":{"total":1,"covered":0,"skipped":0,"pct":0},"statements":{"total":3,"covered":2,"skipped":0,"pct":66.66},"branches":{"total":0,"covered":0,"skipped":0,"pct":100}}
,"D:/Alzhivida/proyecto/frontend/src/routes/AppRoutes.jsx": {"lines":{"total":3,"covered":3,"skipped":0,"pct":100},"functions":{"total":1,"covered":1,"skipped":0,"pct":100},"statements":{"total":3,"covered":3,"skipped":0,"pct":100},"branches":{"total":0,"covered":0,"skipped":0,"pct":100}}
,"D:/Alzhivida/proyecto/frontend/src/services/autenticacionService.js": {"lines":{"total":6,"covered":3,"skipped":0,"pct":50},"functions":{"total":3,"covered":0,"skipped":0,"pct":0},"statements":{"total":6,"covered":3,"skipped":0,"pct":50},"branches":{"total":0,"covered":0,"skipped":0,"pct":100}}
}
