{"D:/Alzhivida/proyecto/frontend/src/App.jsx": {"path":"D:/Alzhivida/proyecto/frontend/src/App.jsx","statementMap":{"0":{"start":{"line":5,"column":2},"end":{"line":5,"column":null}},"1":{"start":{"line":6,"column":1},"end":{"line":4,"column":15}},"2":{"start":{"line":8,"column":18},"end":{"line":8,"column":null}}},"fnMap":{"0":{"name":"App","decl":{"start":{"line":4,"column":9},"end":{"line":4,"column":15}},"loc":{"start":{"line":4,"column":15},"end":{"line":6,"column":1}}}},"branchMap":{},"s":{"0":2,"1":1,"2":1},"f":{"0":2},"b":{}}
,"D:/Alzhivida/proyecto/frontend/src/main.jsx": {"path":"D:/Alzhivida/proyecto/frontend/src/main.jsx","statementMap":{"0":{"start":{"line":10,"column":0},"end":{"line":13,"column":null}},"1":{"start":{"line":11,"column":13},"end":{"line":11,"column":null}},"2":{"start":{"line":12,"column":2},"end":{"line":12,"column":null}},"3":{"start":{"line":15,"column":0},"end":{"line":19,"column":null}}},"fnMap":{},"branchMap":{"0":{"loc":{"start":{"line":10,"column":0},"end":{"line":13,"column":null}},"type":"if","locations":[{"start":{"line":10,"column":0},"end":{"line":13,"column":null}}]}},"s":{"0":1,"1":1,"2":1,"3":1},"f":{},"b":{"0":[1]}}
,"D:/Alzhivida/proyecto/frontend/src/api/apiAutenticacion.js": {"path":"D:/Alzhivida/proyecto/frontend/src/api/apiAutenticacion.js","statementMap":{"0":{"start":{"line":4,"column":25},"end":{"line":9,"column":2}},"1":{"start":{"line":11,"column":0},"end":{"line":51,"column":1}},"2":{"start":{"line":12,"column":16},"end":{"line":12,"column":24}},"3":{"start":{"line":14,"column":8},"end":{"line":46,"column":9}},"4":{"start":{"line":15,"column":37},"end":{"line":15,"column":51}},"5":{"start":{"line":17,"column":12},"end":{"line":43,"column":13}},"6":{"start":{"line":18,"column":42},"end":{"line":28,"column":18}},"7":{"start":{"line":19,"column":20},"end":{"line":19,"column":92}},"8":{"start":{"line":19,"column":50},"end":{"line":19,"column":92}},"9":{"start":{"line":20,"column":20},"end":{"line":20,"column":100}},"10":{"start":{"line":20,"column":54},"end":{"line":20,"column":100}},"11":{"start":{"line":21,"column":20},"end":{"line":21,"column":93}},"12":{"start":{"line":21,"column":49},"end":{"line":21,"column":93}},"13":{"start":{"line":22,"column":20},"end":{"line":22,"column":97}},"14":{"start":{"line":22,"column":51},"end":{"line":22,"column":97}},"15":{"start":{"line":23,"column":20},"end":{"line":23,"column":91}},"16":{"start":{"line":23,"column":49},"end":{"line":23,"column":91}},"17":{"start":{"line":24,"column":20},"end":{"line":24,"column":87}},"18":{"start":{"line":24,"column":47},"end":{"line":24,"column":87}},"19":{"start":{"line":25,"column":20},"end":{"line":25,"column":113}},"20":{"start":{"line":25,"column":58},"end":{"line":25,"column":113}},"21":{"start":{"line":27,"column":20},"end":{"line":27,"column":52}},"22":{"start":{"line":31,"column":16},"end":{"line":36,"column":18}},"23":{"start":{"line":39,"column":16},"end":{"line":39,"column":63}},"24":{"start":{"line":42,"column":16},"end":{"line":42,"column":44}},"25":{"start":{"line":49,"column":8},"end":{"line":49,"column":36}}},"fnMap":{"0":{"name":"(anonymous_0)","decl":{"start":{"line":12,"column":4},"end":{"line":12,"column":12}},"loc":{"start":{"line":12,"column":16},"end":{"line":12,"column":24}}},"1":{"name":"(anonymous_1)","decl":{"start":{"line":13,"column":4},"end":{"line":13,"column":9}},"loc":{"start":{"line":13,"column":13},"end":{"line":50,"column":5}}},"2":{"name":"(anonymous_2)","decl":{"start":{"line":18,"column":59},"end":{"line":18,"column":62}},"loc":{"start":{"line":18,"column":66},"end":{"line":28,"column":17}}}},"branchMap":{"0":{"loc":{"start":{"line":14,"column":8},"end":{"line":46,"column":9}},"type":"if","locations":[{"start":{"line":14,"column":8},"end":{"line":46,"column":9}}]},"1":{"loc":{"start":{"line":17,"column":12},"end":{"line":43,"column":13}},"type":"if","locations":[{"start":{"line":17,"column":12},"end":{"line":43,"column":13}}]},"2":{"loc":{"start":{"line":17,"column":16},"end":{"line":17,"column":61}},"type":"binary-expr","locations":[{"start":{"line":17,"column":16},"end":{"line":17,"column":30}},{"start":{"line":17,"column":34},"end":{"line":17,"column":61}}]},"3":{"loc":{"start":{"line":19,"column":20},"end":{"line":19,"column":92}},"type":"if","locations":[{"start":{"line":19,"column":20},"end":{"line":19,"column":92}}]},"4":{"loc":{"start":{"line":20,"column":20},"end":{"line":20,"column":100}},"type":"if","locations":[{"start":{"line":20,"column":20},"end":{"line":20,"column":100}}]},"5":{"loc":{"start":{"line":21,"column":20},"end":{"line":21,"column":93}},"type":"if","locations":[{"start":{"line":21,"column":20},"end":{"line":21,"column":93}}]},"6":{"loc":{"start":{"line":22,"column":20},"end":{"line":22,"column":97}},"type":"if","locations":[{"start":{"line":22,"column":20},"end":{"line":22,"column":97}}]},"7":{"loc":{"start":{"line":23,"column":20},"end":{"line":23,"column":91}},"type":"if","locations":[{"start":{"line":23,"column":20},"end":{"line":23,"column":91}}]},"8":{"loc":{"start":{"line":24,"column":20},"end":{"line":24,"column":87}},"type":"if","locations":[{"start":{"line":24,"column":20},"end":{"line":24,"column":87}}]},"9":{"loc":{"start":{"line":25,"column":20},"end":{"line":25,"column":113}},"type":"if","locations":[{"start":{"line":25,"column":20},"end":{"line":25,"column":113}}]}},"s":{"0":1,"1":1,"2":0,"3":0,"4":0,"5":0,"6":0,"7":0,"8":0,"9":0,"10":0,"11":0,"12":0,"13":0,"14":0,"15":0,"16":0,"17":0,"18":0,"19":0,"20":0,"21":0,"22":0,"23":0,"24":0,"25":0},"f":{"0":0,"1":0,"2":0},"b":{"0":[0],"1":[0],"2":[0,0],"3":[0],"4":[0],"5":[0],"6":[0],"7":[0],"8":[0],"9":[0]}}
,"D:/Alzhivida/proyecto/frontend/src/components/Input.jsx": {"path":"D:/Alzhivida/proyecto/frontend/src/components/Input.jsx","statementMap":{"0":{"start":{"line":4,"column":68},"end":{"line":4,"column":null}},"1":{"start":{"line":9,"column":8},"end":{"line":9,"column":null}},"2":{"start":{"line":12,"column":27},"end":{"line":15,"column":null}},"3":{"start":{"line":13,"column":8},"end":{"line":13,"column":null}},"4":{"start":{"line":13,"column":29},"end":{"line":13,"column":null}},"5":{"start":{"line":14,"column":8},"end":{"line":14,"column":null}},"6":{"start":{"line":17,"column":26},"end":{"line":19,"column":null}},"7":{"start":{"line":18,"column":8},"end":{"line":18,"column":null}},"8":{"start":{"line":22,"column":23},"end":{"line":22,"column":null}},"9":{"start":{"line":23,"column":22},"end":{"line":23,"column":null}},"10":{"start":{"line":25,"column":4},"end":{"line":47,"column":null}},"11":{"start":{"line":49,"column":3},"end":{"line":9,"column":23}},"12":{"start":{"line":4,"column":14},"end":{"line":9,"column":23}},"13":{"start":{"line":9,"column":22},"end":{"line":4,"column":14}},"14":{"start":{"line":51,"column":20},"end":{"line":51,"column":null}}},"fnMap":{"0":{"name":"Input","decl":{"start":{"line":4,"column":9},"end":{"line":4,"column":14}},"loc":{"start":{"line":4,"column":68},"end":{"line":49,"column":3}}},"1":{"name":"(anonymous_1)","decl":{"start":{"line":12,"column":27},"end":{"line":12,"column":28}},"loc":{"start":{"line":12,"column":45},"end":{"line":15,"column":null}}},"2":{"name":"(anonymous_2)","decl":{"start":{"line":17,"column":26},"end":{"line":17,"column":27}},"loc":{"start":{"line":17,"column":42},"end":{"line":19,"column":null}}},"3":{"name":"(anonymous_3)","decl":{"start":{"line":4,"column":14},"end":{"line":4,"column":16}},"loc":{"start":{"line":4,"column":14},"end":{"line":9,"column":23}}}},"branchMap":{"0":{"loc":{"start":{"line":13,"column":8},"end":{"line":13,"column":null}},"type":"if","locations":[{"start":{"line":13,"column":8},"end":{"line":13,"column":null}}]},"1":{"loc":{"start":{"line":13,"column":11},"end":{"line":13,"column":29}},"type":"binary-expr","locations":[{"start":{"line":13,"column":11},"end":{"line":13,"column":22}},{"start":{"line":13,"column":22},"end":{"line":13,"column":29}}]},"2":{"loc":{"start":{"line":14,"column":15},"end":{"line":14,"column":null}},"type":"cond-expr","locations":[{"start":{"line":14,"column":30},"end":{"line":14,"column":55}},{"start":{"line":14,"column":55},"end":{"line":14,"column":null}}]},"3":{"loc":{"start":{"line":33,"column":18},"end":{"line":34,"column":null}},"type":"binary-expr","locations":[{"start":{"line":33,"column":18},"end":{"line":33,"column":null}},{"start":{"line":34,"column":20},"end":{"line":34,"column":null}}]}},"s":{"0":0,"1":0,"2":0,"3":0,"4":0,"5":0,"6":0,"7":0,"8":0,"9":0,"10":0,"11":1,"12":0,"13":1,"14":1},"f":{"0":0,"1":0,"2":0,"3":0},"b":{"0":[0],"1":[0,0],"2":[0,0],"3":[0,0]}}
,"D:/Alzhivida/proyecto/frontend/src/layouts/Header.jsx": {"path":"D:/Alzhivida/proyecto/frontend/src/layouts/Header.jsx","statementMap":{"0":{"start":{"line":8,"column":19},"end":{"line":8,"column":null}},"1":{"start":{"line":9,"column":30},"end":{"line":9,"column":null}},"2":{"start":{"line":11,"column":2},"end":{"line":108,"column":null}},"3":{"start":{"line":30,"column":10},"end":{"line":37,"column":null}},"4":{"start":{"line":60,"column":25},"end":{"line":60,"column":null}},"5":{"start":{"line":78,"column":10},"end":{"line":85,"column":null}},"6":{"start":{"line":110,"column":1},"end":{"line":8,"column":19}},"7":{"start":{"line":8,"column":15},"end":{"line":null,"column":-1}},"8":{"start":{"line":112,"column":22},"end":{"line":112,"column":null}}},"fnMap":{"0":{"name":"Header","decl":{"start":{"line":8,"column":9},"end":{"line":8,"column":15}},"loc":{"start":{"line":8,"column":19},"end":{"line":110,"column":1}}},"1":{"name":"(anonymous_1)","decl":{"start":{"line":29,"column":14},"end":{"line":29,"column":15}},"loc":{"start":{"line":30,"column":10},"end":{"line":37,"column":null}}},"2":{"name":"(anonymous_2)","decl":{"start":{"line":60,"column":19},"end":{"line":60,"column":25}},"loc":{"start":{"line":60,"column":25},"end":{"line":60,"column":null}}},"3":{"name":"(anonymous_3)","decl":{"start":{"line":77,"column":14},"end":{"line":77,"column":15}},"loc":{"start":{"line":78,"column":10},"end":{"line":85,"column":null}}}},"branchMap":{"0":{"loc":{"start":{"line":63,"column":33},"end":{"line":63,"column":60}},"type":"cond-expr","locations":[{"start":{"line":63,"column":42},"end":{"line":63,"column":52}},{"start":{"line":63,"column":52},"end":{"line":63,"column":60}}]},"1":{"loc":{"start":{"line":69,"column":11},"end":{"line":106,"column":null}},"type":"binary-expr","locations":[{"start":{"line":69,"column":11},"end":{"line":69,"column":null}},{"start":{"line":70,"column":6},"end":{"line":106,"column":null}}]}},"s":{"0":0,"1":0,"2":0,"3":0,"4":0,"5":0,"6":1,"7":1,"8":1},"f":{"0":0,"1":0,"2":0,"3":0},"b":{"0":[0,0],"1":[0,0]}}
,"D:/Alzhivida/proyecto/frontend/src/layouts/HeaderMod.jsx": {"path":"D:/Alzhivida/proyecto/frontend/src/layouts/HeaderMod.jsx","statementMap":{"0":{"start":{"line":14,"column":22},"end":{"line":14,"column":null}},"1":{"start":{"line":15,"column":30},"end":{"line":15,"column":null}},"2":{"start":{"line":17,"column":2},"end":{"line":114,"column":null}},"3":{"start":{"line":36,"column":10},"end":{"line":43,"column":null}},"4":{"start":{"line":66,"column":25},"end":{"line":66,"column":null}},"5":{"start":{"line":84,"column":10},"end":{"line":91,"column":null}},"6":{"start":{"line":116,"column":1},"end":{"line":14,"column":22}},"7":{"start":{"line":14,"column":18},"end":{"line":null,"column":-1}},"8":{"start":{"line":118,"column":25},"end":{"line":118,"column":null}}},"fnMap":{"0":{"name":"HeaderMod","decl":{"start":{"line":14,"column":9},"end":{"line":14,"column":18}},"loc":{"start":{"line":14,"column":22},"end":{"line":116,"column":1}}},"1":{"name":"(anonymous_1)","decl":{"start":{"line":35,"column":14},"end":{"line":35,"column":15}},"loc":{"start":{"line":36,"column":10},"end":{"line":43,"column":null}}},"2":{"name":"(anonymous_2)","decl":{"start":{"line":66,"column":19},"end":{"line":66,"column":25}},"loc":{"start":{"line":66,"column":25},"end":{"line":66,"column":null}}},"3":{"name":"(anonymous_3)","decl":{"start":{"line":83,"column":14},"end":{"line":83,"column":15}},"loc":{"start":{"line":84,"column":10},"end":{"line":91,"column":null}}}},"branchMap":{"0":{"loc":{"start":{"line":69,"column":33},"end":{"line":69,"column":60}},"type":"cond-expr","locations":[{"start":{"line":69,"column":42},"end":{"line":69,"column":52}},{"start":{"line":69,"column":52},"end":{"line":69,"column":60}}]},"1":{"loc":{"start":{"line":75,"column":11},"end":{"line":112,"column":null}},"type":"binary-expr","locations":[{"start":{"line":75,"column":11},"end":{"line":75,"column":null}},{"start":{"line":76,"column":6},"end":{"line":112,"column":null}}]}},"s":{"0":2,"1":2,"2":2,"3":10,"4":0,"5":0,"6":1,"7":1,"8":1},"f":{"0":2,"1":10,"2":0,"3":0},"b":{"0":[0,2],"1":[2,0]}}
,"D:/Alzhivida/proyecto/frontend/src/pages/Home.jsx": {"path":"D:/Alzhivida/proyecto/frontend/src/pages/Home.jsx","statementMap":{"0":{"start":{"line":10,"column":26},"end":{"line":10,"column":null}},"1":{"start":{"line":11,"column":28},"end":{"line":11,"column":null}},"2":{"start":{"line":12,"column":2},"end":{"line":25,"column":null}},"3":{"start":{"line":13,"column":16},"end":{"line":13,"column":null}},"4":{"start":{"line":14,"column":22},"end":{"line":14,"column":null}},"5":{"start":{"line":15,"column":21},"end":{"line":23,"column":null}},"6":{"start":{"line":16,"column":6},"end":{"line":16,"column":null}},"7":{"start":{"line":17,"column":6},"end":{"line":22,"column":null}},"8":{"start":{"line":18,"column":8},"end":{"line":18,"column":null}},"9":{"start":{"line":19,"column":8},"end":{"line":19,"column":null}},"10":{"start":{"line":21,"column":8},"end":{"line":21,"column":null}},"11":{"start":{"line":24,"column":4},"end":{"line":24,"column":null}},"12":{"start":{"line":24,"column":17},"end":{"line":24,"column":null}},"13":{"start":{"line":26,"column":2},"end":{"line":26,"column":null}},"14":{"start":{"line":27,"column":1},"end":{"line":10,"column":17}},"15":{"start":{"line":10,"column":16},"end":{"line":null,"column":-1}},"16":{"start":{"line":31,"column":16},"end":{"line":31,"column":null}},"17":{"start":{"line":32,"column":38},"end":{"line":32,"column":null}},"18":{"start":{"line":34,"column":17},"end":{"line":51,"column":null}},"19":{"start":{"line":55,"column":22},"end":{"line":57,"column":null}},"20":{"start":{"line":56,"column":6},"end":{"line":56,"column":null}},"21":{"start":{"line":60,"column":2},"end":{"line":324,"column":null}},"22":{"start":{"line":252,"column":12},"end":{"line":275,"column":null}},"23":{"start":{"line":258,"column":31},"end":{"line":258,"column":null}},"24":{"start":{"line":326,"column":1},"end":{"line":31,"column":16}},"25":{"start":{"line":31,"column":13},"end":{"line":null,"column":-1}},"26":{"start":{"line":328,"column":20},"end":{"line":328,"column":null}}},"fnMap":{"0":{"name":"Counter","decl":{"start":{"line":10,"column":9},"end":{"line":10,"column":16}},"loc":{"start":{"line":10,"column":26},"end":{"line":27,"column":1}}},"1":{"name":"(anonymous_1)","decl":{"start":{"line":12,"column":12},"end":{"line":12,"column":18}},"loc":{"start":{"line":12,"column":18},"end":{"line":25,"column":5}}},"2":{"name":"(anonymous_2)","decl":{"start":{"line":15,"column":33},"end":{"line":15,"column":39}},"loc":{"start":{"line":15,"column":39},"end":{"line":23,"column":7}}},"3":{"name":"(anonymous_3)","decl":{"start":{"line":24,"column":11},"end":{"line":24,"column":17}},"loc":{"start":{"line":24,"column":17},"end":{"line":24,"column":null}}},"4":{"name":"Home","decl":{"start":{"line":31,"column":9},"end":{"line":31,"column":13}},"loc":{"start":{"line":31,"column":16},"end":{"line":326,"column":1}}},"5":{"name":"(anonymous_5)","decl":{"start":{"line":55,"column":22},"end":{"line":55,"column":23}},"loc":{"start":{"line":55,"column":33},"end":{"line":57,"column":null}}},"6":{"name":"(anonymous_6)","decl":{"start":{"line":251,"column":20},"end":{"line":251,"column":21}},"loc":{"start":{"line":252,"column":12},"end":{"line":275,"column":null}}},"7":{"name":"(anonymous_7)","decl":{"start":{"line":258,"column":25},"end":{"line":258,"column":31}},"loc":{"start":{"line":258,"column":31},"end":{"line":258,"column":null}}}},"branchMap":{"0":{"loc":{"start":{"line":17,"column":6},"end":{"line":22,"column":null}},"type":"if","locations":[{"start":{"line":17,"column":6},"end":{"line":22,"column":null}},{"start":{"line":20,"column":13},"end":{"line":22,"column":null}}]},"1":{"loc":{"start":{"line":56,"column":19},"end":{"line":56,"column":53}},"type":"cond-expr","locations":[{"start":{"line":56,"column":41},"end":{"line":56,"column":48}},{"start":{"line":56,"column":48},"end":{"line":56,"column":53}}]},"2":{"loc":{"start":{"line":265,"column":20},"end":{"line":265,"column":74}},"type":"cond-expr","locations":[{"start":{"line":265,"column":42},"end":{"line":265,"column":72}},{"start":{"line":265,"column":72},"end":{"line":265,"column":74}}]},"3":{"loc":{"start":{"line":270,"column":15},"end":{"line":273,"column":null}},"type":"binary-expr","locations":[{"start":{"line":270,"column":15},"end":{"line":270,"column":null}},{"start":{"line":271,"column":16},"end":{"line":273,"column":null}}]}},"s":{"0":0,"1":0,"2":0,"3":0,"4":0,"5":0,"6":0,"7":0,"8":0,"9":0,"10":0,"11":0,"12":0,"13":0,"14":1,"15":1,"16":0,"17":0,"18":0,"19":0,"20":0,"21":0,"22":0,"23":0,"24":1,"25":1,"26":2},"f":{"0":0,"1":0,"2":0,"3":0,"4":0,"5":0,"6":0,"7":0},"b":{"0":[0,0],"1":[0,0],"2":[0,0],"3":[0,0]}}
,"D:/Alzhivida/proyecto/frontend/src/pages/Login.jsx": {"path":"D:/Alzhivida/proyecto/frontend/src/pages/Login.jsx","statementMap":{"0":{"start":{"line":6,"column":17},"end":{"line":6,"column":null}},"1":{"start":{"line":7,"column":20},"end":{"line":7,"column":null}},"2":{"start":{"line":9,"column":4},"end":{"line":24,"column":null}},"3":{"start":{"line":26,"column":1},"end":{"line":7,"column":28}},"4":{"start":{"line":6,"column":14},"end":{"line":7,"column":28}},"5":{"start":{"line":7,"column":27},"end":{"line":6,"column":14}},"6":{"start":{"line":28,"column":21},"end":{"line":28,"column":null}}},"fnMap":{"0":{"name":"Login","decl":{"start":{"line":6,"column":9},"end":{"line":6,"column":14}},"loc":{"start":{"line":6,"column":17},"end":{"line":26,"column":1}}},"1":{"name":"(anonymous_1)","decl":{"start":{"line":6,"column":14},"end":{"line":6,"column":17}},"loc":{"start":{"line":6,"column":14},"end":{"line":7,"column":28}}}},"branchMap":{},"s":{"0":0,"1":0,"2":0,"3":1,"4":0,"5":1,"6":1},"f":{"0":0,"1":0},"b":{}}
,"D:/Alzhivida/proyecto/frontend/src/pages/NoEncontrado.jsx": {"path":"D:/Alzhivida/proyecto/frontend/src/pages/NoEncontrado.jsx","statementMap":{"0":{"start":{"line":5,"column":4},"end":{"line":16,"column":null}},"1":{"start":{"line":19,"column":1},"end":{"line":4,"column":23}},"2":{"start":{"line":21,"column":27},"end":{"line":21,"column":null}}},"fnMap":{"0":{"name":"NoEncontrado","decl":{"start":{"line":4,"column":9},"end":{"line":4,"column":23}},"loc":{"start":{"line":4,"column":23},"end":{"line":19,"column":1}}}},"branchMap":{},"s":{"0":0,"1":1,"2":1},"f":{"0":0},"b":{}}
,"D:/Alzhivida/proyecto/frontend/src/pages/Register.jsx": {"path":"D:/Alzhivida/proyecto/frontend/src/pages/Register.jsx","statementMap":{"0":{"start":{"line":20,"column":20},"end":{"line":20,"column":null}},"1":{"start":{"line":21,"column":26},"end":{"line":21,"column":null}},"2":{"start":{"line":22,"column":28},"end":{"line":22,"column":null}},"3":{"start":{"line":23,"column":26},"end":{"line":23,"column":null}},"4":{"start":{"line":24,"column":34},"end":{"line":24,"column":null}},"5":{"start":{"line":25,"column":46},"end":{"line":25,"column":null}},"6":{"start":{"line":26,"column":42},"end":{"line":26,"column":null}},"7":{"start":{"line":27,"column":54},"end":{"line":27,"column":null}},"8":{"start":{"line":29,"column":32},"end":{"line":29,"column":null}},"9":{"start":{"line":30,"column":36},"end":{"line":30,"column":null}},"10":{"start":{"line":31,"column":30},"end":{"line":31,"column":null}},"11":{"start":{"line":32,"column":26},"end":{"line":32,"column":null}},"12":{"start":{"line":33,"column":48},"end":{"line":33,"column":null}},"13":{"start":{"line":34,"column":46},"end":{"line":34,"column":null}},"14":{"start":{"line":37,"column":28},"end":{"line":37,"column":null}},"15":{"start":{"line":38,"column":3},"end":{"line":48,"column":null}},"16":{"start":{"line":39,"column":19},"end":{"line":39,"column":null}},"17":{"start":{"line":40,"column":4},"end":{"line":46,"column":null}},"18":{"start":{"line":41,"column":6},"end":{"line":43,"column":null}},"19":{"start":{"line":42,"column":8},"end":{"line":42,"column":null}},"20":{"start":{"line":42,"column":27},"end":{"line":42,"column":35}},"21":{"start":{"line":44,"column":4},"end":{"line":46,"column":null}},"22":{"start":{"line":45,"column":6},"end":{"line":45,"column":null}},"23":{"start":{"line":47,"column":4},"end":{"line":47,"column":null}},"24":{"start":{"line":47,"column":17},"end":{"line":47,"column":null}},"25":{"start":{"line":50,"column":21},"end":{"line":52,"column":null}},"26":{"start":{"line":51,"column":4},"end":{"line":51,"column":null}},"27":{"start":{"line":55,"column":27},"end":{"line":58,"column":null}},"28":{"start":{"line":56,"column":4},"end":{"line":56,"column":null}},"29":{"start":{"line":56,"column":29},"end":{"line":56,"column":null}},"30":{"start":{"line":56,"column":55},"end":{"line":56,"column":60}},"31":{"start":{"line":57,"column":4},"end":{"line":57,"column":null}},"32":{"start":{"line":57,"column":27},"end":{"line":57,"column":null}},"33":{"start":{"line":57,"column":59},"end":{"line":57,"column":64}},"34":{"start":{"line":60,"column":28},"end":{"line":128,"column":null}},"35":{"start":{"line":61,"column":4},"end":{"line":61,"column":null}},"36":{"start":{"line":63,"column":4},"end":{"line":71,"column":null}},"37":{"start":{"line":64,"column":6},"end":{"line":69,"column":null}},"38":{"start":{"line":70,"column":6},"end":{"line":70,"column":null}},"39":{"start":{"line":73,"column":22},"end":{"line":73,"column":null}},"40":{"start":{"line":74,"column":4},"end":{"line":82,"column":null}},"41":{"start":{"line":75,"column":6},"end":{"line":80,"column":null}},"42":{"start":{"line":81,"column":6},"end":{"line":81,"column":null}},"43":{"start":{"line":84,"column":4},"end":{"line":127,"column":null}},"44":{"start":{"line":86,"column":24},"end":{"line":86,"column":null}},"45":{"start":{"line":88,"column":8},"end":{"line":97,"column":null}},"46":{"start":{"line":89,"column":10},"end":{"line":95,"column":null}},"47":{"start":{"line":96,"column":10},"end":{"line":96,"column":null}},"48":{"start":{"line":99,"column":8},"end":{"line":104,"column":null}},"49":{"start":{"line":106,"column":8},"end":{"line":106,"column":null}},"50":{"start":{"line":108,"column":8},"end":{"line":108,"column":null}},"51":{"start":{"line":111,"column":8},"end":{"line":125,"column":null}},"52":{"start":{"line":112,"column":10},"end":{"line":117,"column":null}},"53":{"start":{"line":119,"column":10},"end":{"line":124,"column":null}},"54":{"start":{"line":126,"column":8},"end":{"line":126,"column":null}},"55":{"start":{"line":131,"column":29},"end":{"line":183,"column":null}},"56":{"start":{"line":132,"column":4},"end":{"line":132,"column":null}},"57":{"start":{"line":135,"column":4},"end":{"line":144,"column":null}},"58":{"start":{"line":136,"column":8},"end":{"line":142,"column":null}},"59":{"start":{"line":143,"column":8},"end":{"line":143,"column":null}},"60":{"start":{"line":146,"column":4},"end":{"line":181,"column":null}},"61":{"start":{"line":147,"column":6},"end":{"line":171,"column":null}},"62":{"start":{"line":148,"column":8},"end":{"line":168,"column":null}},"63":{"start":{"line":149,"column":10},"end":{"line":156,"column":null}},"64":{"start":{"line":158,"column":10},"end":{"line":165,"column":null}},"65":{"start":{"line":167,"column":10},"end":{"line":167,"column":null}},"66":{"start":{"line":174,"column":6},"end":{"line":174,"column":null}},"67":{"start":{"line":175,"column":6},"end":{"line":180,"column":null}},"68":{"start":{"line":185,"column":25},"end":{"line":206,"column":null}},"69":{"start":{"line":186,"column":4},"end":{"line":205,"column":null}},"70":{"start":{"line":187,"column":6},"end":{"line":204,"column":null}},"71":{"start":{"line":189,"column":10},"end":{"line":194,"column":null}},"72":{"start":{"line":195,"column":10},"end":{"line":195,"column":null}},"73":{"start":{"line":198,"column":10},"end":{"line":203,"column":null}},"74":{"start":{"line":208,"column":22},"end":{"line":212,"column":null}},"75":{"start":{"line":209,"column":16},"end":{"line":209,"column":null}},"76":{"start":{"line":210,"column":16},"end":{"line":210,"column":null}},"77":{"start":{"line":211,"column":4},"end":{"line":211,"column":null}},"78":{"start":{"line":215,"column":30},"end":{"line":235,"column":null}},"79":{"start":{"line":216,"column":4},"end":{"line":216,"column":null}},"80":{"start":{"line":218,"column":4},"end":{"line":234,"column":null}},"81":{"start":{"line":219,"column":6},"end":{"line":224,"column":null}},"82":{"start":{"line":225,"column":4},"end":{"line":234,"column":null}},"83":{"start":{"line":226,"column":6},"end":{"line":231,"column":null}},"84":{"start":{"line":233,"column":6},"end":{"line":233,"column":null}},"85":{"start":{"line":238,"column":19},"end":{"line":238,"column":null}},"86":{"start":{"line":240,"column":38},"end":{"line":282,"column":null}},"87":{"start":{"line":241,"column":4},"end":{"line":241,"column":null}},"88":{"start":{"line":243,"column":4},"end":{"line":251,"column":null}},"89":{"start":{"line":244,"column":6},"end":{"line":249,"column":null}},"90":{"start":{"line":250,"column":6},"end":{"line":250,"column":null}},"91":{"start":{"line":253,"column":17},"end":{"line":262,"column":null}},"92":{"start":{"line":264,"column":4},"end":{"line":281,"column":null}},"93":{"start":{"line":265,"column":23},"end":{"line":265,"column":null}},"94":{"start":{"line":268,"column":6},"end":{"line":268,"column":null}},"95":{"start":{"line":270,"column":6},"end":{"line":270,"column":null}},"96":{"start":{"line":273,"column":6},"end":{"line":280,"column":null}},"97":{"start":{"line":274,"column":8},"end":{"line":279,"column":null}},"98":{"start":{"line":284,"column":30},"end":{"line":304,"column":null}},"99":{"start":{"line":285,"column":4},"end":{"line":285,"column":null}},"100":{"start":{"line":285,"column":19},"end":{"line":285,"column":null}},"101":{"start":{"line":287,"column":19},"end":{"line":287,"column":null}},"102":{"start":{"line":288,"column":4},"end":{"line":288,"column":null}},"103":{"start":{"line":288,"column":30},"end":{"line":288,"column":null}},"104":{"start":{"line":289,"column":4},"end":{"line":289,"column":null}},"105":{"start":{"line":289,"column":32},"end":{"line":289,"column":null}},"106":{"start":{"line":290,"column":4},"end":{"line":290,"column":null}},"107":{"start":{"line":290,"column":32},"end":{"line":290,"column":null}},"108":{"start":{"line":291,"column":4},"end":{"line":291,"column":null}},"109":{"start":{"line":291,"column":39},"end":{"line":291,"column":null}},"110":{"start":{"line":293,"column":4},"end":{"line":303,"column":null}},"111":{"start":{"line":296,"column":8},"end":{"line":296,"column":null}},"112":{"start":{"line":298,"column":8},"end":{"line":298,"column":null}},"113":{"start":{"line":300,"column":8},"end":{"line":300,"column":null}},"114":{"start":{"line":302,"column":8},"end":{"line":302,"column":null}},"115":{"start":{"line":306,"column":27},"end":{"line":306,"column":null}},"116":{"start":{"line":308,"column":4},"end":{"line":312,"column":null}},"117":{"start":{"line":314,"column":2},"end":{"line":320,"column":null}},"118":{"start":{"line":315,"column":4},"end":{"line":319,"column":null}},"119":{"start":{"line":316,"column":6},"end":{"line":316,"column":null}},"120":{"start":{"line":317,"column":6},"end":{"line":317,"column":null}},"121":{"start":{"line":318,"column":6},"end":{"line":318,"column":null}},"122":{"start":{"line":323,"column":2},"end":{"line":546,"column":null}},"123":{"start":{"line":347,"column":33},"end":{"line":347,"column":58}},"124":{"start":{"line":369,"column":33},"end":{"line":369,"column":57}},"125":{"start":{"line":378,"column":18},"end":{"line":378,"column":null}},"126":{"start":{"line":378,"column":35},"end":{"line":378,"column":null}},"127":{"start":{"line":404,"column":33},"end":{"line":404,"column":null}},"128":{"start":{"line":410,"column":31},"end":{"line":410,"column":null}},"129":{"start":{"line":426,"column":33},"end":{"line":426,"column":null}},"130":{"start":{"line":431,"column":31},"end":{"line":431,"column":null}},"131":{"start":{"line":456,"column":31},"end":{"line":456,"column":58}},"132":{"start":{"line":467,"column":31},"end":{"line":467,"column":60}},"133":{"start":{"line":477,"column":33},"end":{"line":477,"column":null}},"134":{"start":{"line":492,"column":33},"end":{"line":492,"column":null}},"135":{"start":{"line":524,"column":33},"end":{"line":524,"column":68}},"136":{"start":{"line":532,"column":33},"end":{"line":532,"column":69}},"137":{"start":{"line":548,"column":1},"end":{"line":238,"column":31}},"138":{"start":{"line":20,"column":17},"end":{"line":238,"column":31}},"139":{"start":{"line":238,"column":30},"end":{"line":20,"column":17}},"140":{"start":{"line":550,"column":24},"end":{"line":550,"column":null}}},"fnMap":{"0":{"name":"Register","decl":{"start":{"line":20,"column":9},"end":{"line":20,"column":17}},"loc":{"start":{"line":20,"column":20},"end":{"line":548,"column":1}}},"1":{"name":"(anonymous_1)","decl":{"start":{"line":38,"column":13},"end":{"line":38,"column":19}},"loc":{"start":{"line":38,"column":19},"end":{"line":48,"column":5}}},"2":{"name":"(anonymous_2)","decl":{"start":{"line":41,"column":29},"end":{"line":41,"column":35}},"loc":{"start":{"line":41,"column":35},"end":{"line":43,"column":9}}},"3":{"name":"(anonymous_3)","decl":{"start":{"line":42,"column":17},"end":{"line":42,"column":18}},"loc":{"start":{"line":42,"column":27},"end":{"line":42,"column":35}}},"4":{"name":"(anonymous_4)","decl":{"start":{"line":47,"column":11},"end":{"line":47,"column":17}},"loc":{"start":{"line":47,"column":17},"end":{"line":47,"column":null}}},"5":{"name":"(anonymous_5)","decl":{"start":{"line":50,"column":21},"end":{"line":50,"column":27}},"loc":{"start":{"line":50,"column":27},"end":{"line":52,"column":null}}},"6":{"name":"(anonymous_6)","decl":{"start":{"line":55,"column":27},"end":{"line":55,"column":28}},"loc":{"start":{"line":55,"column":37},"end":{"line":58,"column":null}}},"7":{"name":"(anonymous_7)","decl":{"start":{"line":56,"column":45},"end":{"line":56,"column":46}},"loc":{"start":{"line":56,"column":55},"end":{"line":56,"column":60}}},"8":{"name":"(anonymous_8)","decl":{"start":{"line":57,"column":49},"end":{"line":57,"column":50}},"loc":{"start":{"line":57,"column":59},"end":{"line":57,"column":64}}},"9":{"name":"(anonymous_9)","decl":{"start":{"line":60,"column":28},"end":{"line":60,"column":29}},"loc":{"start":{"line":60,"column":35},"end":{"line":128,"column":null}}},"10":{"name":"(anonymous_10)","decl":{"start":{"line":85,"column":12},"end":{"line":85,"column":24}},"loc":{"start":{"line":85,"column":24},"end":{"line":109,"column":7}}},"11":{"name":"(anonymous_11)","decl":{"start":{"line":110,"column":13},"end":{"line":110,"column":22}},"loc":{"start":{"line":110,"column":22},"end":{"line":127,"column":7}}},"12":{"name":"(anonymous_12)","decl":{"start":{"line":131,"column":29},"end":{"line":131,"column":30}},"loc":{"start":{"line":131,"column":36},"end":{"line":183,"column":null}}},"13":{"name":"(anonymous_13)","decl":{"start":{"line":147,"column":39},"end":{"line":147,"column":40}},"loc":{"start":{"line":147,"column":53},"end":{"line":171,"column":7}}},"14":{"name":"(anonymous_14)","decl":{"start":{"line":185,"column":25},"end":{"line":185,"column":31}},"loc":{"start":{"line":185,"column":31},"end":{"line":206,"column":null}}},"15":{"name":"(anonymous_15)","decl":{"start":{"line":188,"column":14},"end":{"line":188,"column":20}},"loc":{"start":{"line":188,"column":20},"end":{"line":196,"column":9}}},"16":{"name":"(anonymous_16)","decl":{"start":{"line":197,"column":15},"end":{"line":197,"column":21}},"loc":{"start":{"line":197,"column":21},"end":{"line":204,"column":9}}},"17":{"name":"(anonymous_17)","decl":{"start":{"line":208,"column":22},"end":{"line":208,"column":23}},"loc":{"start":{"line":208,"column":32},"end":{"line":212,"column":null}}},"18":{"name":"(anonymous_18)","decl":{"start":{"line":215,"column":30},"end":{"line":215,"column":31}},"loc":{"start":{"line":215,"column":37},"end":{"line":235,"column":null}}},"19":{"name":"(anonymous_19)","decl":{"start":{"line":240,"column":38},"end":{"line":240,"column":45}},"loc":{"start":{"line":240,"column":51},"end":{"line":282,"column":null}}},"20":{"name":"(anonymous_20)","decl":{"start":{"line":284,"column":30},"end":{"line":284,"column":36}},"loc":{"start":{"line":284,"column":36},"end":{"line":304,"column":null}}},"21":{"name":"(anonymous_21)","decl":{"start":{"line":314,"column":37},"end":{"line":314,"column":47}},"loc":{"start":{"line":314,"column":50},"end":{"line":320,"column":3}}},"22":{"name":"(anonymous_22)","decl":{"start":{"line":347,"column":26},"end":{"line":347,"column":27}},"loc":{"start":{"line":347,"column":33},"end":{"line":347,"column":58}}},"23":{"name":"(anonymous_23)","decl":{"start":{"line":369,"column":26},"end":{"line":369,"column":27}},"loc":{"start":{"line":369,"column":33},"end":{"line":369,"column":57}}},"24":{"name":"(anonymous_24)","decl":{"start":{"line":377,"column":25},"end":{"line":377,"column":31}},"loc":{"start":{"line":377,"column":31},"end":{"line":379,"column":null}}},"25":{"name":"(anonymous_25)","decl":{"start":{"line":404,"column":26},"end":{"line":404,"column":27}},"loc":{"start":{"line":404,"column":33},"end":{"line":404,"column":null}}},"26":{"name":"(anonymous_26)","decl":{"start":{"line":410,"column":25},"end":{"line":410,"column":31}},"loc":{"start":{"line":410,"column":31},"end":{"line":410,"column":null}}},"27":{"name":"(anonymous_27)","decl":{"start":{"line":426,"column":26},"end":{"line":426,"column":27}},"loc":{"start":{"line":426,"column":33},"end":{"line":426,"column":null}}},"28":{"name":"(anonymous_28)","decl":{"start":{"line":431,"column":25},"end":{"line":431,"column":31}},"loc":{"start":{"line":431,"column":31},"end":{"line":431,"column":null}}},"29":{"name":"(anonymous_29)","decl":{"start":{"line":456,"column":24},"end":{"line":456,"column":25}},"loc":{"start":{"line":456,"column":31},"end":{"line":456,"column":58}}},"30":{"name":"(anonymous_30)","decl":{"start":{"line":467,"column":24},"end":{"line":467,"column":25}},"loc":{"start":{"line":467,"column":31},"end":{"line":467,"column":60}}},"31":{"name":"(anonymous_31)","decl":{"start":{"line":477,"column":26},"end":{"line":477,"column":27}},"loc":{"start":{"line":477,"column":33},"end":{"line":477,"column":null}}},"32":{"name":"(anonymous_32)","decl":{"start":{"line":492,"column":26},"end":{"line":492,"column":27}},"loc":{"start":{"line":492,"column":33},"end":{"line":492,"column":null}}},"33":{"name":"(anonymous_33)","decl":{"start":{"line":524,"column":26},"end":{"line":524,"column":27}},"loc":{"start":{"line":524,"column":33},"end":{"line":524,"column":68}}},"34":{"name":"(anonymous_34)","decl":{"start":{"line":532,"column":26},"end":{"line":532,"column":27}},"loc":{"start":{"line":532,"column":33},"end":{"line":532,"column":69}}},"35":{"name":"(anonymous_35)","decl":{"start":{"line":20,"column":17},"end":{"line":20,"column":20}},"loc":{"start":{"line":20,"column":17},"end":{"line":238,"column":31}}}},"branchMap":{"0":{"loc":{"start":{"line":40,"column":4},"end":{"line":46,"column":null}},"type":"if","locations":[{"start":{"line":40,"column":4},"end":{"line":46,"column":null}},{"start":{"line":44,"column":4},"end":{"line":46,"column":null}}]},"1":{"loc":{"start":{"line":44,"column":4},"end":{"line":46,"column":null}},"type":"if","locations":[{"start":{"line":44,"column":4},"end":{"line":46,"column":null}}]},"2":{"loc":{"start":{"line":56,"column":4},"end":{"line":56,"column":null}},"type":"if","locations":[{"start":{"line":56,"column":4},"end":{"line":56,"column":null}}]},"3":{"loc":{"start":{"line":57,"column":4},"end":{"line":57,"column":null}},"type":"if","locations":[{"start":{"line":57,"column":4},"end":{"line":57,"column":null}}]},"4":{"loc":{"start":{"line":63,"column":4},"end":{"line":71,"column":null}},"type":"if","locations":[{"start":{"line":63,"column":4},"end":{"line":71,"column":null}}]},"5":{"loc":{"start":{"line":74,"column":4},"end":{"line":82,"column":null}},"type":"if","locations":[{"start":{"line":74,"column":4},"end":{"line":82,"column":null}}]},"6":{"loc":{"start":{"line":88,"column":8},"end":{"line":97,"column":null}},"type":"if","locations":[{"start":{"line":88,"column":8},"end":{"line":97,"column":null}}]},"7":{"loc":{"start":{"line":111,"column":8},"end":{"line":125,"column":null}},"type":"if","locations":[{"start":{"line":111,"column":8},"end":{"line":125,"column":null}},{"start":{"line":118,"column":15},"end":{"line":125,"column":null}}]},"8":{"loc":{"start":{"line":111,"column":12},"end":{"line":111,"column":61}},"type":"binary-expr","locations":[{"start":{"line":111,"column":12},"end":{"line":111,"column":30}},{"start":{"line":111,"column":30},"end":{"line":111,"column":61}}]},"9":{"loc":{"start":{"line":135,"column":4},"end":{"line":144,"column":null}},"type":"if","locations":[{"start":{"line":135,"column":4},"end":{"line":144,"column":null}}]},"10":{"loc":{"start":{"line":148,"column":8},"end":{"line":168,"column":null}},"type":"if","locations":[{"start":{"line":148,"column":8},"end":{"line":168,"column":null}},{"start":{"line":157,"column":13},"end":{"line":168,"column":null}}]},"11":{"loc":{"start":{"line":186,"column":4},"end":{"line":205,"column":null}},"type":"if","locations":[{"start":{"line":186,"column":4},"end":{"line":205,"column":null}}]},"12":{"loc":{"start":{"line":218,"column":4},"end":{"line":234,"column":null}},"type":"if","locations":[{"start":{"line":218,"column":4},"end":{"line":234,"column":null}},{"start":{"line":225,"column":4},"end":{"line":234,"column":null}}]},"13":{"loc":{"start":{"line":225,"column":4},"end":{"line":234,"column":null}},"type":"if","locations":[{"start":{"line":225,"column":4},"end":{"line":234,"column":null}},{"start":{"line":232,"column":11},"end":{"line":234,"column":null}}]},"14":{"loc":{"start":{"line":243,"column":4},"end":{"line":251,"column":null}},"type":"if","locations":[{"start":{"line":243,"column":4},"end":{"line":251,"column":null}}]},"15":{"loc":{"start":{"line":273,"column":6},"end":{"line":280,"column":null}},"type":"if","locations":[{"start":{"line":273,"column":6},"end":{"line":280,"column":null}}]},"16":{"loc":{"start":{"line":285,"column":4},"end":{"line":285,"column":null}},"type":"if","locations":[{"start":{"line":285,"column":4},"end":{"line":285,"column":null}}]},"17":{"loc":{"start":{"line":288,"column":4},"end":{"line":288,"column":null}},"type":"if","locations":[{"start":{"line":288,"column":4},"end":{"line":288,"column":null}}]},"18":{"loc":{"start":{"line":289,"column":4},"end":{"line":289,"column":null}},"type":"if","locations":[{"start":{"line":289,"column":4},"end":{"line":289,"column":null}}]},"19":{"loc":{"start":{"line":290,"column":4},"end":{"line":290,"column":null}},"type":"if","locations":[{"start":{"line":290,"column":4},"end":{"line":290,"column":null}}]},"20":{"loc":{"start":{"line":291,"column":4},"end":{"line":291,"column":null}},"type":"if","locations":[{"start":{"line":291,"column":4},"end":{"line":291,"column":null}}]},"21":{"loc":{"start":{"line":293,"column":4},"end":{"line":303,"column":null}},"type":"switch","locations":[{"start":{"line":294,"column":6},"end":{"line":294,"column":null}},{"start":{"line":295,"column":6},"end":{"line":296,"column":null}},{"start":{"line":297,"column":6},"end":{"line":298,"column":null}},{"start":{"line":299,"column":6},"end":{"line":300,"column":null}},{"start":{"line":301,"column":6},"end":{"line":302,"column":null}}]},"22":{"loc":{"start":{"line":308,"column":4},"end":{"line":312,"column":null}},"type":"cond-expr","locations":[{"start":{"line":309,"column":8},"end":{"line":309,"column":null}},{"start":{"line":310,"column":8},"end":{"line":312,"column":null}}]},"23":{"loc":{"start":{"line":310,"column":8},"end":{"line":312,"column":null}},"type":"cond-expr","locations":[{"start":{"line":311,"column":8},"end":{"line":311,"column":null}},{"start":{"line":312,"column":8},"end":{"line":312,"column":null}}]},"24":{"loc":{"start":{"line":315,"column":4},"end":{"line":319,"column":null}},"type":"if","locations":[{"start":{"line":315,"column":4},"end":{"line":319,"column":null}}]},"25":{"loc":{"start":{"line":315,"column":8},"end":{"line":315,"column":49}},"type":"binary-expr","locations":[{"start":{"line":315,"column":8},"end":{"line":315,"column":20}},{"start":{"line":315,"column":20},"end":{"line":315,"column":49}}]},"26":{"loc":{"start":{"line":335,"column":9},"end":{"line":357,"column":null}},"type":"binary-expr","locations":[{"start":{"line":335,"column":9},"end":{"line":335,"column":null}},{"start":{"line":336,"column":10},"end":{"line":357,"column":null}}]},"27":{"loc":{"start":{"line":360,"column":9},"end":{"line":392,"column":null}},"type":"binary-expr","locations":[{"start":{"line":360,"column":9},"end":{"line":360,"column":null}},{"start":{"line":361,"column":10},"end":{"line":392,"column":null}}]},"28":{"loc":{"start":{"line":375,"column":18},"end":{"line":375,"column":80}},"type":"cond-expr","locations":[{"start":{"line":375,"column":30},"end":{"line":375,"column":64}},{"start":{"line":375,"column":64},"end":{"line":375,"column":80}}]},"29":{"loc":{"start":{"line":378,"column":18},"end":{"line":378,"column":null}},"type":"if","locations":[{"start":{"line":378,"column":18},"end":{"line":378,"column":null}}]},"30":{"loc":{"start":{"line":381,"column":17},"end":{"line":381,"column":null}},"type":"cond-expr","locations":[{"start":{"line":381,"column":29},"end":{"line":381,"column":57}},{"start":{"line":381,"column":57},"end":{"line":381,"column":null}}]},"31":{"loc":{"start":{"line":395,"column":9},"end":{"line":444,"column":null}},"type":"binary-expr","locations":[{"start":{"line":395,"column":9},"end":{"line":395,"column":null}},{"start":{"line":396,"column":10},"end":{"line":444,"column":null}}]},"32":{"loc":{"start":{"line":400,"column":22},"end":{"line":400,"column":null}},"type":"cond-expr","locations":[{"start":{"line":400,"column":37},"end":{"line":400,"column":46}},{"start":{"line":400,"column":46},"end":{"line":400,"column":null}}]},"33":{"loc":{"start":{"line":409,"column":28},"end":{"line":409,"column":null}},"type":"cond-expr","locations":[{"start":{"line":409,"column":43},"end":{"line":409,"column":66}},{"start":{"line":409,"column":66},"end":{"line":409,"column":null}}]},"34":{"loc":{"start":{"line":413,"column":17},"end":{"line":413,"column":null}},"type":"cond-expr","locations":[{"start":{"line":413,"column":32},"end":{"line":413,"column":49}},{"start":{"line":413,"column":49},"end":{"line":413,"column":null}}]},"35":{"loc":{"start":{"line":422,"column":22},"end":{"line":422,"column":null}},"type":"cond-expr","locations":[{"start":{"line":422,"column":43},"end":{"line":422,"column":52}},{"start":{"line":422,"column":52},"end":{"line":422,"column":null}}]},"36":{"loc":{"start":{"line":434,"column":17},"end":{"line":434,"column":null}},"type":"cond-expr","locations":[{"start":{"line":434,"column":38},"end":{"line":434,"column":55}},{"start":{"line":434,"column":55},"end":{"line":434,"column":null}}]},"37":{"loc":{"start":{"line":447,"column":6},"end":{"line":543,"column":null}},"type":"binary-expr","locations":[{"start":{"line":447,"column":6},"end":{"line":447,"column":null}},{"start":{"line":448,"column":8},"end":{"line":543,"column":null}}]}},"s":{"0":2,"1":2,"2":2,"3":2,"4":2,"5":2,"6":2,"7":2,"8":2,"9":2,"10":2,"11":2,"12":2,"13":2,"14":2,"15":2,"16":2,"17":2,"18":0,"19":0,"20":0,"21":2,"22":2,"23":2,"24":1,"25":2,"26":0,"27":2,"28":0,"29":0,"30":0,"31":0,"32":0,"33":0,"34":2,"35":0,"36":0,"37":0,"38":0,"39":0,"40":0,"41":0,"42":0,"43":0,"44":0,"45":0,"46":0,"47":0,"48":0,"49":0,"50":0,"51":0,"52":0,"53":0,"54":0,"55":2,"56":0,"57":0,"58":0,"59":0,"60":0,"61":0,"62":0,"63":0,"64":0,"65":0,"66":0,"67":0,"68":2,"69":0,"70":0,"71":0,"72":0,"73":0,"74":2,"75":0,"76":0,"77":0,"78":2,"79":0,"80":0,"81":0,"82":0,"83":0,"84":0,"85":2,"86":2,"87":0,"88":0,"89":0,"90":0,"91":0,"92":0,"93":0,"94":0,"95":0,"96":0,"97":0,"98":2,"99":2,"100":2,"101":0,"102":0,"103":0,"104":0,"105":0,"106":0,"107":0,"108":0,"109":0,"110":0,"111":0,"112":0,"113":0,"114":0,"115":2,"116":2,"117":2,"118":0,"119":0,"120":0,"121":0,"122":2,"123":0,"124":0,"125":0,"126":0,"127":0,"128":0,"129":0,"130":0,"131":0,"132":0,"133":0,"134":0,"135":0,"136":0,"137":1,"138":1,"139":1,"140":1},"f":{"0":2,"1":2,"2":0,"3":0,"4":1,"5":0,"6":0,"7":0,"8":0,"9":0,"10":0,"11":0,"12":0,"13":0,"14":0,"15":0,"16":0,"17":0,"18":0,"19":0,"20":2,"21":0,"22":0,"23":0,"24":0,"25":0,"26":0,"27":0,"28":0,"29":0,"30":0,"31":0,"32":0,"33":0,"34":0,"35":1},"b":{"0":[0,2],"1":[2],"2":[0],"3":[0],"4":[0],"5":[0],"6":[0],"7":[0,0],"8":[0,0],"9":[0],"10":[0,0],"11":[0],"12":[0,0],"13":[0,0],"14":[0],"15":[0],"16":[2],"17":[0],"18":[0],"19":[0],"20":[0],"21":[0,0,0,0,0],"22":[0,2],"23":[0,2],"24":[0],"25":[0,0],"26":[2,2],"27":[2,0],"28":[0,0],"29":[0],"30":[0,0],"31":[2,0],"32":[0,0],"33":[0,0],"34":[0,0],"35":[0,0],"36":[0,0],"37":[2,0]}}
,"D:/Alzhivida/proyecto/frontend/src/pages/Sessions.jsx": {"path":"D:/Alzhivida/proyecto/frontend/src/pages/Sessions.jsx","statementMap":{"0":{"start":{"line":2,"column":2},"end":{"line":2,"column":null}},"1":{"start":{"line":3,"column":1},"end":{"line":1,"column":32}},"2":{"start":{"line":1,"column":32},"end":{"line":1,"column":35}}},"fnMap":{"0":{"name":"Sessions","decl":{"start":{"line":1,"column":24},"end":{"line":1,"column":32}},"loc":{"start":{"line":1,"column":35},"end":{"line":3,"column":1}}}},"branchMap":{},"s":{"0":0,"1":1,"2":1},"f":{"0":0},"b":{}}
,"D:/Alzhivida/proyecto/frontend/src/routes/AppRoutes.jsx": {"path":"D:/Alzhivida/proyecto/frontend/src/routes/AppRoutes.jsx","statementMap":{"0":{"start":{"line":9,"column":2},"end":{"line":18,"column":null}},"1":{"start":{"line":20,"column":1},"end":{"line":8,"column":21}},"2":{"start":{"line":22,"column":25},"end":{"line":22,"column":null}}},"fnMap":{"0":{"name":"AppRoutes","decl":{"start":{"line":8,"column":9},"end":{"line":8,"column":21}},"loc":{"start":{"line":8,"column":21},"end":{"line":20,"column":1}}}},"branchMap":{},"s":{"0":2,"1":1,"2":1},"f":{"0":2},"b":{}}
,"D:/Alzhivida/proyecto/frontend/src/services/autenticacionService.js": {"path":"D:/Alzhivida/proyecto/frontend/src/services/autenticacionService.js","statementMap":{"0":{"start":{"line":3,"column":30},"end":{"line":5,"column":1}},"1":{"start":{"line":4,"column":2},"end":{"line":4,"column":68}},"2":{"start":{"line":7,"column":31},"end":{"line":9,"column":1}},"3":{"start":{"line":8,"column":4},"end":{"line":8,"column":83}},"4":{"start":{"line":11,"column":46},"end":{"line":13,"column":null}},"5":{"start":{"line":12,"column":2},"end":{"line":12,"column":71}}},"fnMap":{"0":{"name":"(anonymous_0)","decl":{"start":{"line":3,"column":30},"end":{"line":3,"column":31}},"loc":{"start":{"line":3,"column":41},"end":{"line":5,"column":1}}},"1":{"name":"(anonymous_1)","decl":{"start":{"line":7,"column":31},"end":{"line":7,"column":32}},"loc":{"start":{"line":7,"column":50},"end":{"line":9,"column":1}}},"2":{"name":"(anonymous_2)","decl":{"start":{"line":11,"column":46},"end":{"line":11,"column":47}},"loc":{"start":{"line":11,"column":56},"end":{"line":13,"column":null}}}},"branchMap":{},"s":{"0":1,"1":0,"2":1,"3":0,"4":1,"5":0},"f":{"0":0,"1":0,"2":0},"b":{}}
}
