{"D:/Alzhivida/proyecto/frontend/src/App.jsx": {"path":"D:/Alzhivida/proyecto/frontend/src/App.jsx","statementMap":{"0":{"start":{"line":5,"column":2},"end":{"line":5,"column":null}},"1":{"start":{"line":6,"column":1},"end":{"line":4,"column":15}},"2":{"start":{"line":8,"column":18},"end":{"line":8,"column":null}}},"fnMap":{"0":{"name":"App","decl":{"start":{"line":4,"column":9},"end":{"line":4,"column":15}},"loc":{"start":{"line":4,"column":15},"end":{"line":6,"column":1}}}},"branchMap":{},"s":{"0":2,"1":1,"2":1},"f":{"0":2},"b":{}}
,"D:/Alzhivida/proyecto/frontend/src/main.jsx": {"path":"D:/Alzhivida/proyecto/frontend/src/main.jsx","statementMap":{"0":{"start":{"line":10,"column":0},"end":{"line":13,"column":null}},"1":{"start":{"line":11,"column":13},"end":{"line":11,"column":null}},"2":{"start":{"line":12,"column":2},"end":{"line":12,"column":null}},"3":{"start":{"line":15,"column":0},"end":{"line":19,"column":null}}},"fnMap":{},"branchMap":{"0":{"loc":{"start":{"line":10,"column":0},"end":{"line":13,"column":null}},"type":"if","locations":[{"start":{"line":10,"column":0},"end":{"line":13,"column":null}}]}},"s":{"0":1,"1":1,"2":1,"3":1},"f":{},"b":{"0":[1]}}
,"D:/Alzhivida/proyecto/frontend/src/api/apiAutenticacion.js": {"path":"D:/Alzhivida/proyecto/frontend/src/api/apiAutenticacion.js","statementMap":{"0":{"start":{"line":7,"column":39},"end":{"line":9,"column":1}},"1":{"start":{"line":8,"column":2},"end":{"line":8,"column":29}},"2":{"start":{"line":11,"column":25},"end":{"line":16,"column":2}},"3":{"start":{"line":19,"column":0},"end":{"line":25,"column":3}},"4":{"start":{"line":20,"column":2},"end":{"line":20,"column":47}},"5":{"start":{"line":20,"column":24},"end":{"line":20,"column":47}},"6":{"start":{"line":21,"column":2},"end":{"line":21,"column":16}},"7":{"start":{"line":23,"column":2},"end":{"line":23,"column":48}},"8":{"start":{"line":23,"column":24},"end":{"line":23,"column":48}},"9":{"start":{"line":24,"column":2},"end":{"line":24,"column":31}},"10":{"start":{"line":28,"column":0},"end":{"line":67,"column":3}},"11":{"start":{"line":29,"column":2},"end":{"line":29,"column":48}},"12":{"start":{"line":29,"column":24},"end":{"line":29,"column":48}},"13":{"start":{"line":30,"column":2},"end":{"line":30,"column":18}},"14":{"start":{"line":32,"column":2},"end":{"line":32,"column":48}},"15":{"start":{"line":32,"column":24},"end":{"line":32,"column":48}},"16":{"start":{"line":34,"column":2},"end":{"line":64,"column":3}},"17":{"start":{"line":35,"column":29},"end":{"line":35,"column":43}},"18":{"start":{"line":37,"column":4},"end":{"line":61,"column":5}},"19":{"start":{"line":38,"column":32},"end":{"line":48,"column":8}},"20":{"start":{"line":39,"column":8},"end":{"line":39,"column":81}},"21":{"start":{"line":39,"column":38},"end":{"line":39,"column":81}},"22":{"start":{"line":40,"column":8},"end":{"line":40,"column":89}},"23":{"start":{"line":40,"column":42},"end":{"line":40,"column":89}},"24":{"start":{"line":41,"column":8},"end":{"line":41,"column":83}},"25":{"start":{"line":41,"column":38},"end":{"line":41,"column":83}},"26":{"start":{"line":42,"column":8},"end":{"line":42,"column":87}},"27":{"start":{"line":42,"column":40},"end":{"line":42,"column":87}},"28":{"start":{"line":43,"column":8},"end":{"line":43,"column":81}},"29":{"start":{"line":43,"column":38},"end":{"line":43,"column":81}},"30":{"start":{"line":44,"column":8},"end":{"line":44,"column":77}},"31":{"start":{"line":44,"column":36},"end":{"line":44,"column":77}},"32":{"start":{"line":45,"column":8},"end":{"line":45,"column":103}},"33":{"start":{"line":45,"column":47},"end":{"line":45,"column":103}},"34":{"start":{"line":47,"column":8},"end":{"line":47,"column":42}},"35":{"start":{"line":50,"column":6},"end":{"line":55,"column":9}},"36":{"start":{"line":58,"column":6},"end":{"line":58,"column":54}},"37":{"start":{"line":60,"column":6},"end":{"line":60,"column":35}},"38":{"start":{"line":66,"column":2},"end":{"line":66,"column":31}}},"fnMap":{"0":{"name":"(anonymous_0)","decl":{"start":{"line":7,"column":39},"end":{"line":7,"column":40}},"loc":{"start":{"line":7,"column":52},"end":{"line":9,"column":1}}},"1":{"name":"(anonymous_1)","decl":{"start":{"line":19,"column":42},"end":{"line":19,"column":48}},"loc":{"start":{"line":19,"column":52},"end":{"line":22,"column":1}}},"2":{"name":"(anonymous_2)","decl":{"start":{"line":22,"column":3},"end":{"line":22,"column":8}},"loc":{"start":{"line":22,"column":12},"end":{"line":25,"column":1}}},"3":{"name":"(anonymous_3)","decl":{"start":{"line":28,"column":43},"end":{"line":28,"column":51}},"loc":{"start":{"line":28,"column":55},"end":{"line":31,"column":1}}},"4":{"name":"(anonymous_4)","decl":{"start":{"line":31,"column":3},"end":{"line":31,"column":8}},"loc":{"start":{"line":31,"column":12},"end":{"line":67,"column":1}}},"5":{"name":"(anonymous_5)","decl":{"start":{"line":38,"column":49},"end":{"line":38,"column":52}},"loc":{"start":{"line":38,"column":56},"end":{"line":48,"column":7}}}},"branchMap":{"0":{"loc":{"start":{"line":20,"column":2},"end":{"line":20,"column":47}},"type":"if","locations":[{"start":{"line":20,"column":2},"end":{"line":20,"column":47}}]},"1":{"loc":{"start":{"line":23,"column":2},"end":{"line":23,"column":48}},"type":"if","locations":[{"start":{"line":23,"column":2},"end":{"line":23,"column":48}}]},"2":{"loc":{"start":{"line":29,"column":2},"end":{"line":29,"column":48}},"type":"if","locations":[{"start":{"line":29,"column":2},"end":{"line":29,"column":48}}]},"3":{"loc":{"start":{"line":32,"column":2},"end":{"line":32,"column":48}},"type":"if","locations":[{"start":{"line":32,"column":2},"end":{"line":32,"column":48}}]},"4":{"loc":{"start":{"line":34,"column":2},"end":{"line":64,"column":3}},"type":"if","locations":[{"start":{"line":34,"column":2},"end":{"line":64,"column":3}}]},"5":{"loc":{"start":{"line":37,"column":4},"end":{"line":61,"column":5}},"type":"if","locations":[{"start":{"line":37,"column":4},"end":{"line":61,"column":5}}]},"6":{"loc":{"start":{"line":37,"column":8},"end":{"line":37,"column":53}},"type":"binary-expr","locations":[{"start":{"line":37,"column":8},"end":{"line":37,"column":22}},{"start":{"line":37,"column":26},"end":{"line":37,"column":53}}]},"7":{"loc":{"start":{"line":39,"column":8},"end":{"line":39,"column":81}},"type":"if","locations":[{"start":{"line":39,"column":8},"end":{"line":39,"column":81}}]},"8":{"loc":{"start":{"line":40,"column":8},"end":{"line":40,"column":89}},"type":"if","locations":[{"start":{"line":40,"column":8},"end":{"line":40,"column":89}}]},"9":{"loc":{"start":{"line":41,"column":8},"end":{"line":41,"column":83}},"type":"if","locations":[{"start":{"line":41,"column":8},"end":{"line":41,"column":83}}]},"10":{"loc":{"start":{"line":42,"column":8},"end":{"line":42,"column":87}},"type":"if","locations":[{"start":{"line":42,"column":8},"end":{"line":42,"column":87}}]},"11":{"loc":{"start":{"line":43,"column":8},"end":{"line":43,"column":81}},"type":"if","locations":[{"start":{"line":43,"column":8},"end":{"line":43,"column":81}}]},"12":{"loc":{"start":{"line":44,"column":8},"end":{"line":44,"column":77}},"type":"if","locations":[{"start":{"line":44,"column":8},"end":{"line":44,"column":77}}]},"13":{"loc":{"start":{"line":45,"column":8},"end":{"line":45,"column":103}},"type":"if","locations":[{"start":{"line":45,"column":8},"end":{"line":45,"column":103}}]}},"s":{"0":1,"1":2,"2":1,"3":1,"4":0,"5":0,"6":0,"7":0,"8":0,"9":0,"10":1,"11":0,"12":0,"13":0,"14":0,"15":0,"16":0,"17":0,"18":0,"19":0,"20":0,"21":0,"22":0,"23":0,"24":0,"25":0,"26":0,"27":0,"28":0,"29":0,"30":0,"31":0,"32":0,"33":0,"34":0,"35":0,"36":0,"37":0,"38":0},"f":{"0":2,"1":0,"2":0,"3":0,"4":0,"5":0},"b":{"0":[0],"1":[0],"2":[0],"3":[0],"4":[0],"5":[0],"6":[0,0],"7":[0],"8":[0],"9":[0],"10":[0],"11":[0],"12":[0],"13":[0]}}
,"D:/Alzhivida/proyecto/frontend/src/components/Modal.jsx": {"path":"D:/Alzhivida/proyecto/frontend/src/components/Modal.jsx","statementMap":{"0":{"start":{"line":4,"column":36},"end":{"line":4,"column":null}},"1":{"start":{"line":5,"column":21},"end":{"line":5,"column":null}},"2":{"start":{"line":7,"column":5},"end":{"line":47,"column":null}},"3":{"start":{"line":49,"column":1},"end":{"line":4,"column":15}},"4":{"start":{"line":4,"column":14},"end":{"line":null,"column":-1}},"5":{"start":{"line":51,"column":20},"end":{"line":51,"column":null}}},"fnMap":{"0":{"name":"Modal","decl":{"start":{"line":4,"column":9},"end":{"line":4,"column":14}},"loc":{"start":{"line":4,"column":36},"end":{"line":49,"column":1}}}},"branchMap":{"0":{"loc":{"start":{"line":4,"column":17},"end":{"line":4,"column":34}},"type":"default-arg","locations":[{"start":{"line":4,"column":20},"end":{"line":4,"column":34}}]}},"s":{"0":0,"1":0,"2":0,"3":1,"4":1,"5":1},"f":{"0":0},"b":{"0":[0]}}
,"D:/Alzhivida/proyecto/frontend/src/components/ModalEditPerfil.jsx": {"path":"D:/Alzhivida/proyecto/frontend/src/components/ModalEditPerfil.jsx","statementMap":{"0":{"start":{"line":6,"column":64},"end":{"line":6,"column":null}},"1":{"start":{"line":7,"column":46},"end":{"line":7,"column":null}},"2":{"start":{"line":9,"column":2},"end":{"line":98,"column":null}},"3":{"start":{"line":47,"column":31},"end":{"line":47,"column":null}},"4":{"start":{"line":100,"column":1},"end":{"line":6,"column":40}},"5":{"start":{"line":6,"column":39},"end":{"line":null,"column":-1}},"6":{"start":{"line":6,"column":39},"end":{"line":6,"column":40}}},"fnMap":{"0":{"name":"ModalEditPerfil","decl":{"start":{"line":6,"column":24},"end":{"line":6,"column":39}},"loc":{"start":{"line":6,"column":64},"end":{"line":100,"column":1}}},"1":{"name":"(anonymous_1)","decl":{"start":{"line":47,"column":25},"end":{"line":47,"column":31}},"loc":{"start":{"line":47,"column":31},"end":{"line":47,"column":null}}}},"branchMap":{},"s":{"0":0,"1":0,"2":0,"3":0,"4":1,"5":1,"6":1},"f":{"0":0,"1":0},"b":{}}
,"D:/Alzhivida/proyecto/frontend/src/components/ModalModContrasena.jsx": {"path":"D:/Alzhivida/proyecto/frontend/src/components/ModalModContrasena.jsx","statementMap":{"0":{"start":{"line":3,"column":59},"end":{"line":3,"column":null}},"1":{"start":{"line":4,"column":2},"end":{"line":24,"column":null}},"2":{"start":{"line":5,"column":20},"end":{"line":5,"column":null}},"3":{"start":{"line":7,"column":25},"end":{"line":20,"column":null}},"4":{"start":{"line":9,"column":24},"end":{"line":9,"column":null}},"5":{"start":{"line":10,"column":6},"end":{"line":12,"column":null}},"6":{"start":{"line":11,"column":8},"end":{"line":11,"column":null}},"7":{"start":{"line":15,"column":25},"end":{"line":15,"column":null}},"8":{"start":{"line":16,"column":6},"end":{"line":19,"column":null}},"9":{"start":{"line":17,"column":8},"end":{"line":17,"column":null}},"10":{"start":{"line":18,"column":8},"end":{"line":18,"column":null}},"11":{"start":{"line":22,"column":4},"end":{"line":22,"column":null}},"12":{"start":{"line":23,"column":4},"end":{"line":23,"column":null}},"13":{"start":{"line":23,"column":17},"end":{"line":23,"column":null}},"14":{"start":{"line":26,"column":2},"end":{"line":55,"column":null}},"15":{"start":{"line":57,"column":1},"end":{"line":3,"column":28}},"16":{"start":{"line":3,"column":27},"end":{"line":null,"column":-1}},"17":{"start":{"line":59,"column":34},"end":{"line":59,"column":null}}},"fnMap":{"0":{"name":"ModalModContrasena","decl":{"start":{"line":3,"column":9},"end":{"line":3,"column":27}},"loc":{"start":{"line":3,"column":59},"end":{"line":57,"column":1}}},"1":{"name":"(anonymous_1)","decl":{"start":{"line":4,"column":12},"end":{"line":4,"column":18}},"loc":{"start":{"line":4,"column":18},"end":{"line":24,"column":5}}},"2":{"name":"(anonymous_2)","decl":{"start":{"line":7,"column":25},"end":{"line":7,"column":31}},"loc":{"start":{"line":7,"column":31},"end":{"line":20,"column":null}}},"3":{"name":"(anonymous_3)","decl":{"start":{"line":23,"column":11},"end":{"line":23,"column":17}},"loc":{"start":{"line":23,"column":17},"end":{"line":23,"column":null}}}},"branchMap":{"0":{"loc":{"start":{"line":3,"column":30},"end":{"line":3,"column":56}},"type":"default-arg","locations":[{"start":{"line":3,"column":35},"end":{"line":3,"column":56}}]},"1":{"loc":{"start":{"line":10,"column":6},"end":{"line":12,"column":null}},"type":"if","locations":[{"start":{"line":10,"column":6},"end":{"line":12,"column":null}}]},"2":{"loc":{"start":{"line":16,"column":6},"end":{"line":19,"column":null}},"type":"if","locations":[{"start":{"line":16,"column":6},"end":{"line":19,"column":null}}]}},"s":{"0":0,"1":0,"2":0,"3":0,"4":0,"5":0,"6":0,"7":0,"8":0,"9":0,"10":0,"11":0,"12":0,"13":0,"14":0,"15":1,"16":1,"17":1},"f":{"0":0,"1":0,"2":0,"3":0},"b":{"0":[0],"1":[0],"2":[0]}}
,"D:/Alzhivida/proyecto/frontend/src/layouts/Header.jsx": {"path":"D:/Alzhivida/proyecto/frontend/src/layouts/Header.jsx","statementMap":{"0":{"start":{"line":8,"column":19},"end":{"line":8,"column":null}},"1":{"start":{"line":9,"column":30},"end":{"line":9,"column":null}},"2":{"start":{"line":11,"column":2},"end":{"line":108,"column":null}},"3":{"start":{"line":30,"column":10},"end":{"line":37,"column":null}},"4":{"start":{"line":60,"column":25},"end":{"line":60,"column":null}},"5":{"start":{"line":78,"column":10},"end":{"line":85,"column":null}},"6":{"start":{"line":110,"column":1},"end":{"line":8,"column":19}},"7":{"start":{"line":8,"column":15},"end":{"line":null,"column":-1}},"8":{"start":{"line":112,"column":22},"end":{"line":112,"column":null}}},"fnMap":{"0":{"name":"Header","decl":{"start":{"line":8,"column":9},"end":{"line":8,"column":15}},"loc":{"start":{"line":8,"column":19},"end":{"line":110,"column":1}}},"1":{"name":"(anonymous_1)","decl":{"start":{"line":29,"column":14},"end":{"line":29,"column":15}},"loc":{"start":{"line":30,"column":10},"end":{"line":37,"column":null}}},"2":{"name":"(anonymous_2)","decl":{"start":{"line":60,"column":19},"end":{"line":60,"column":25}},"loc":{"start":{"line":60,"column":25},"end":{"line":60,"column":null}}},"3":{"name":"(anonymous_3)","decl":{"start":{"line":77,"column":14},"end":{"line":77,"column":15}},"loc":{"start":{"line":78,"column":10},"end":{"line":85,"column":null}}}},"branchMap":{"0":{"loc":{"start":{"line":63,"column":33},"end":{"line":63,"column":60}},"type":"cond-expr","locations":[{"start":{"line":63,"column":42},"end":{"line":63,"column":52}},{"start":{"line":63,"column":52},"end":{"line":63,"column":60}}]},"1":{"loc":{"start":{"line":69,"column":11},"end":{"line":106,"column":null}},"type":"binary-expr","locations":[{"start":{"line":69,"column":11},"end":{"line":69,"column":null}},{"start":{"line":70,"column":6},"end":{"line":106,"column":null}}]}},"s":{"0":0,"1":0,"2":0,"3":0,"4":0,"5":0,"6":1,"7":1,"8":1},"f":{"0":0,"1":0,"2":0,"3":0},"b":{"0":[0,0],"1":[0,0]}}
,"D:/Alzhivida/proyecto/frontend/src/layouts/HeaderMod.jsx": {"path":"D:/Alzhivida/proyecto/frontend/src/layouts/HeaderMod.jsx","statementMap":{"0":{"start":{"line":14,"column":22},"end":{"line":14,"column":null}},"1":{"start":{"line":15,"column":30},"end":{"line":15,"column":null}},"2":{"start":{"line":17,"column":2},"end":{"line":114,"column":null}},"3":{"start":{"line":36,"column":10},"end":{"line":43,"column":null}},"4":{"start":{"line":66,"column":25},"end":{"line":66,"column":null}},"5":{"start":{"line":84,"column":10},"end":{"line":91,"column":null}},"6":{"start":{"line":116,"column":1},"end":{"line":14,"column":22}},"7":{"start":{"line":14,"column":18},"end":{"line":null,"column":-1}},"8":{"start":{"line":118,"column":25},"end":{"line":118,"column":null}}},"fnMap":{"0":{"name":"HeaderMod","decl":{"start":{"line":14,"column":9},"end":{"line":14,"column":18}},"loc":{"start":{"line":14,"column":22},"end":{"line":116,"column":1}}},"1":{"name":"(anonymous_1)","decl":{"start":{"line":35,"column":14},"end":{"line":35,"column":15}},"loc":{"start":{"line":36,"column":10},"end":{"line":43,"column":null}}},"2":{"name":"(anonymous_2)","decl":{"start":{"line":66,"column":19},"end":{"line":66,"column":25}},"loc":{"start":{"line":66,"column":25},"end":{"line":66,"column":null}}},"3":{"name":"(anonymous_3)","decl":{"start":{"line":83,"column":14},"end":{"line":83,"column":15}},"loc":{"start":{"line":84,"column":10},"end":{"line":91,"column":null}}}},"branchMap":{"0":{"loc":{"start":{"line":69,"column":33},"end":{"line":69,"column":60}},"type":"cond-expr","locations":[{"start":{"line":69,"column":42},"end":{"line":69,"column":52}},{"start":{"line":69,"column":52},"end":{"line":69,"column":60}}]},"1":{"loc":{"start":{"line":75,"column":11},"end":{"line":112,"column":null}},"type":"binary-expr","locations":[{"start":{"line":75,"column":11},"end":{"line":75,"column":null}},{"start":{"line":76,"column":6},"end":{"line":112,"column":null}}]}},"s":{"0":2,"1":2,"2":2,"3":10,"4":0,"5":0,"6":1,"7":1,"8":1},"f":{"0":2,"1":10,"2":0,"3":0},"b":{"0":[0,2],"1":[2,0]}}
,"D:/Alzhivida/proyecto/frontend/src/layouts/HeaderPrincipal.jsx": {"path":"D:/Alzhivida/proyecto/frontend/src/layouts/HeaderPrincipal.jsx","statementMap":{"0":{"start":{"line":12,"column":27},"end":{"line":12,"column":null}},"1":{"start":{"line":13,"column":30},"end":{"line":13,"column":null}},"2":{"start":{"line":14,"column":52},"end":{"line":14,"column":null}},"3":{"start":{"line":15,"column":36},"end":{"line":15,"column":null}},"4":{"start":{"line":16,"column":64},"end":{"line":16,"column":null}},"5":{"start":{"line":17,"column":48},"end":{"line":17,"column":null}},"6":{"start":{"line":19,"column":46},"end":{"line":19,"column":null}},"7":{"start":{"line":21,"column":27},"end":{"line":35,"column":null}},"8":{"start":{"line":24,"column":6},"end":{"line":34,"column":null}},"9":{"start":{"line":25,"column":8},"end":{"line":27,"column":null}},"10":{"start":{"line":26,"column":10},"end":{"line":26,"column":null}},"11":{"start":{"line":28,"column":8},"end":{"line":28,"column":null}},"12":{"start":{"line":30,"column":8},"end":{"line":32,"column":null}},"13":{"start":{"line":31,"column":10},"end":{"line":31,"column":null}},"14":{"start":{"line":33,"column":8},"end":{"line":33,"column":null}},"15":{"start":{"line":37,"column":33},"end":{"line":51,"column":null}},"16":{"start":{"line":40,"column":6},"end":{"line":50,"column":null}},"17":{"start":{"line":41,"column":8},"end":{"line":43,"column":null}},"18":{"start":{"line":42,"column":10},"end":{"line":42,"column":null}},"19":{"start":{"line":44,"column":8},"end":{"line":44,"column":null}},"20":{"start":{"line":46,"column":8},"end":{"line":48,"column":null}},"21":{"start":{"line":47,"column":10},"end":{"line":47,"column":null}},"22":{"start":{"line":49,"column":8},"end":{"line":49,"column":null}},"23":{"start":{"line":53,"column":2},"end":{"line":269,"column":null}},"24":{"start":{"line":70,"column":12},"end":{"line":77,"column":null}},"25":{"start":{"line":88,"column":29},"end":{"line":88,"column":56}},"26":{"start":{"line":103,"column":24},"end":{"line":105,"column":null}},"27":{"start":{"line":127,"column":27},"end":{"line":127,"column":54}},"28":{"start":{"line":136,"column":22},"end":{"line":136,"column":null}},"29":{"start":{"line":137,"column":22},"end":{"line":137,"column":null}},"30":{"start":{"line":167,"column":12},"end":{"line":167,"column":null}},"31":{"start":{"line":168,"column":12},"end":{"line":168,"column":null}},"32":{"start":{"line":187,"column":16},"end":{"line":192,"column":null}},"33":{"start":{"line":203,"column":19},"end":{"line":203,"column":null}},"34":{"start":{"line":204,"column":12},"end":{"line":204,"column":45}},"35":{"start":{"line":220,"column":12},"end":{"line":227,"column":null}},"36":{"start":{"line":246,"column":35},"end":{"line":246,"column":null}},"37":{"start":{"line":271,"column":1},"end":{"line":12,"column":27}},"38":{"start":{"line":12,"column":24},"end":{"line":null,"column":-1}},"39":{"start":{"line":273,"column":31},"end":{"line":273,"column":null}}},"fnMap":{"0":{"name":"HeaderPrincipal","decl":{"start":{"line":12,"column":9},"end":{"line":12,"column":24}},"loc":{"start":{"line":12,"column":27},"end":{"line":271,"column":1}}},"1":{"name":"(anonymous_1)","decl":{"start":{"line":21,"column":27},"end":{"line":21,"column":28}},"loc":{"start":{"line":21,"column":39},"end":{"line":35,"column":null}}},"2":{"name":"(anonymous_2)","decl":{"start":{"line":37,"column":33},"end":{"line":37,"column":34}},"loc":{"start":{"line":37,"column":45},"end":{"line":51,"column":null}}},"3":{"name":"(anonymous_3)","decl":{"start":{"line":69,"column":16},"end":{"line":69,"column":17}},"loc":{"start":{"line":70,"column":12},"end":{"line":77,"column":null}}},"4":{"name":"(anonymous_4)","decl":{"start":{"line":88,"column":23},"end":{"line":88,"column":29}},"loc":{"start":{"line":88,"column":29},"end":{"line":88,"column":56}}},"5":{"name":"(anonymous_5)","decl":{"start":{"line":102,"column":26},"end":{"line":102,"column":27}},"loc":{"start":{"line":103,"column":24},"end":{"line":105,"column":null}}},"6":{"name":"(anonymous_6)","decl":{"start":{"line":127,"column":21},"end":{"line":127,"column":27}},"loc":{"start":{"line":127,"column":27},"end":{"line":127,"column":54}}},"7":{"name":"(anonymous_7)","decl":{"start":{"line":135,"column":29},"end":{"line":135,"column":35}},"loc":{"start":{"line":135,"column":35},"end":{"line":138,"column":null}}},"8":{"name":"(anonymous_8)","decl":{"start":{"line":166,"column":19},"end":{"line":166,"column":25}},"loc":{"start":{"line":166,"column":25},"end":{"line":169,"column":null}}},"9":{"name":"(anonymous_9)","decl":{"start":{"line":186,"column":20},"end":{"line":186,"column":21}},"loc":{"start":{"line":187,"column":16},"end":{"line":192,"column":null}}},"10":{"name":"(anonymous_10)","decl":{"start":{"line":203,"column":12},"end":{"line":203,"column":18}},"loc":{"start":{"line":203,"column":18},"end":{"line":204,"column":null}}},"11":{"name":"(anonymous_11)","decl":{"start":{"line":219,"column":16},"end":{"line":219,"column":17}},"loc":{"start":{"line":220,"column":12},"end":{"line":227,"column":null}}},"12":{"name":"(anonymous_12)","decl":{"start":{"line":246,"column":29},"end":{"line":246,"column":35}},"loc":{"start":{"line":246,"column":35},"end":{"line":246,"column":null}}}},"branchMap":{"0":{"loc":{"start":{"line":24,"column":6},"end":{"line":34,"column":null}},"type":"if","locations":[{"start":{"line":24,"column":6},"end":{"line":34,"column":null}},{"start":{"line":29,"column":12},"end":{"line":34,"column":null}}]},"1":{"loc":{"start":{"line":25,"column":8},"end":{"line":27,"column":null}},"type":"if","locations":[{"start":{"line":25,"column":8},"end":{"line":27,"column":null}}]},"2":{"loc":{"start":{"line":30,"column":8},"end":{"line":32,"column":null}},"type":"if","locations":[{"start":{"line":30,"column":8},"end":{"line":32,"column":null}}]},"3":{"loc":{"start":{"line":40,"column":6},"end":{"line":50,"column":null}},"type":"if","locations":[{"start":{"line":40,"column":6},"end":{"line":50,"column":null}},{"start":{"line":45,"column":12},"end":{"line":50,"column":null}}]},"4":{"loc":{"start":{"line":41,"column":8},"end":{"line":43,"column":null}},"type":"if","locations":[{"start":{"line":41,"column":8},"end":{"line":43,"column":null}}]},"5":{"loc":{"start":{"line":46,"column":8},"end":{"line":48,"column":null}},"type":"if","locations":[{"start":{"line":46,"column":8},"end":{"line":48,"column":null}}]},"6":{"loc":{"start":{"line":90,"column":13},"end":{"line":108,"column":null}},"type":"binary-expr","locations":[{"start":{"line":90,"column":13},"end":{"line":90,"column":null}},{"start":{"line":91,"column":16},"end":{"line":108,"column":null}}]},"7":{"loc":{"start":{"line":129,"column":11},"end":{"line":154,"column":null}},"type":"binary-expr","locations":[{"start":{"line":129,"column":11},"end":{"line":129,"column":null}},{"start":{"line":130,"column":14},"end":{"line":154,"column":null}}]},"8":{"loc":{"start":{"line":176,"column":9},"end":{"line":195,"column":null}},"type":"binary-expr","locations":[{"start":{"line":176,"column":9},"end":{"line":176,"column":null}},{"start":{"line":177,"column":10},"end":{"line":195,"column":null}}]},"9":{"loc":{"start":{"line":208,"column":33},"end":{"line":208,"column":60}},"type":"cond-expr","locations":[{"start":{"line":208,"column":42},"end":{"line":208,"column":52}},{"start":{"line":208,"column":52},"end":{"line":208,"column":60}}]},"10":{"loc":{"start":{"line":213,"column":7},"end":{"line":262,"column":null}},"type":"binary-expr","locations":[{"start":{"line":213,"column":7},"end":{"line":213,"column":null}},{"start":{"line":214,"column":8},"end":{"line":262,"column":null}}]}},"s":{"0":0,"1":0,"2":0,"3":0,"4":0,"5":0,"6":0,"7":0,"8":0,"9":0,"10":0,"11":0,"12":0,"13":0,"14":0,"15":0,"16":0,"17":0,"18":0,"19":0,"20":0,"21":0,"22":0,"23":0,"24":0,"25":0,"26":0,"27":0,"28":0,"29":0,"30":0,"31":0,"32":0,"33":0,"34":0,"35":0,"36":0,"37":1,"38":1,"39":1},"f":{"0":0,"1":0,"2":0,"3":0,"4":0,"5":0,"6":0,"7":0,"8":0,"9":0,"10":0,"11":0,"12":0},"b":{"0":[0,0],"1":[0],"2":[0],"3":[0,0],"4":[0],"5":[0],"6":[0,0],"7":[0,0],"8":[0,0],"9":[0,0],"10":[0,0]}}
,"D:/Alzhivida/proyecto/frontend/src/layouts/Loading.jsx": {"path":"D:/Alzhivida/proyecto/frontend/src/layouts/Loading.jsx","statementMap":{"0":{"start":{"line":4,"column":2},"end":{"line":11,"column":null}},"1":{"start":{"line":13,"column":1},"end":{"line":3,"column":31}},"2":{"start":{"line":3,"column":31},"end":{"line":3,"column":34}}},"fnMap":{"0":{"name":"Loading","decl":{"start":{"line":3,"column":24},"end":{"line":3,"column":31}},"loc":{"start":{"line":3,"column":34},"end":{"line":13,"column":1}}}},"branchMap":{},"s":{"0":0,"1":1,"2":1},"f":{"0":0},"b":{}}
,"D:/Alzhivida/proyecto/frontend/src/layouts/Prueba.jsx": {"path":"D:/Alzhivida/proyecto/frontend/src/layouts/Prueba.jsx","statementMap":{"0":{"start":{"line":6,"column":2},"end":{"line":20,"column":null}},"1":{"start":{"line":22,"column":1},"end":{"line":5,"column":18}},"2":{"start":{"line":24,"column":22},"end":{"line":24,"column":null}}},"fnMap":{"0":{"name":"Prueba","decl":{"start":{"line":5,"column":9},"end":{"line":5,"column":18}},"loc":{"start":{"line":5,"column":18},"end":{"line":22,"column":1}}}},"branchMap":{},"s":{"0":0,"1":1,"2":1},"f":{"0":0},"b":{}}
,"D:/Alzhivida/proyecto/frontend/src/pages/Forgotten.jsx": {"path":"D:/Alzhivida/proyecto/frontend/src/pages/Forgotten.jsx","statementMap":{"0":{"start":{"line":10,"column":21},"end":{"line":10,"column":null}},"1":{"start":{"line":11,"column":26},"end":{"line":11,"column":null}},"2":{"start":{"line":12,"column":28},"end":{"line":12,"column":null}},"3":{"start":{"line":13,"column":26},"end":{"line":13,"column":null}},"4":{"start":{"line":14,"column":40},"end":{"line":14,"column":null}},"5":{"start":{"line":15,"column":48},"end":{"line":15,"column":null}},"6":{"start":{"line":16,"column":32},"end":{"line":16,"column":null}},"7":{"start":{"line":17,"column":40},"end":{"line":17,"column":null}},"8":{"start":{"line":18,"column":32},"end":{"line":18,"column":null}},"9":{"start":{"line":19,"column":28},"end":{"line":19,"column":null}},"10":{"start":{"line":20,"column":19},"end":{"line":20,"column":null}},"11":{"start":{"line":22,"column":2},"end":{"line":27,"column":null}},"12":{"start":{"line":23,"column":4},"end":{"line":26,"column":null}},"13":{"start":{"line":24,"column":23},"end":{"line":24,"column":null}},"14":{"start":{"line":24,"column":41},"end":{"line":24,"column":65}},"15":{"start":{"line":24,"column":57},"end":{"line":24,"column":62}},"16":{"start":{"line":25,"column":6},"end":{"line":25,"column":null}},"17":{"start":{"line":25,"column":19},"end":{"line":25,"column":null}},"18":{"start":{"line":29,"column":21},"end":{"line":33,"column":null}},"19":{"start":{"line":30,"column":16},"end":{"line":30,"column":null}},"20":{"start":{"line":31,"column":16},"end":{"line":31,"column":null}},"21":{"start":{"line":32,"column":4},"end":{"line":32,"column":null}},"22":{"start":{"line":35,"column":25},"end":{"line":48,"column":null}},"23":{"start":{"line":36,"column":4},"end":{"line":36,"column":null}},"24":{"start":{"line":37,"column":4},"end":{"line":40,"column":null}},"25":{"start":{"line":38,"column":6},"end":{"line":38,"column":null}},"26":{"start":{"line":39,"column":6},"end":{"line":39,"column":null}},"27":{"start":{"line":41,"column":4},"end":{"line":41,"column":null}},"28":{"start":{"line":42,"column":4},"end":{"line":47,"column":null}},"29":{"start":{"line":43,"column":6},"end":{"line":43,"column":null}},"30":{"start":{"line":44,"column":6},"end":{"line":44,"column":null}},"31":{"start":{"line":45,"column":6},"end":{"line":45,"column":null}},"32":{"start":{"line":46,"column":6},"end":{"line":46,"column":null}},"33":{"start":{"line":50,"column":27},"end":{"line":57,"column":null}},"34":{"start":{"line":51,"column":4},"end":{"line":51,"column":null}},"35":{"start":{"line":52,"column":4},"end":{"line":55,"column":null}},"36":{"start":{"line":53,"column":6},"end":{"line":53,"column":null}},"37":{"start":{"line":54,"column":6},"end":{"line":54,"column":null}},"38":{"start":{"line":56,"column":4},"end":{"line":56,"column":null}},"39":{"start":{"line":59,"column":30},"end":{"line":75,"column":null}},"40":{"start":{"line":60,"column":4},"end":{"line":60,"column":null}},"41":{"start":{"line":61,"column":4},"end":{"line":64,"column":null}},"42":{"start":{"line":62,"column":6},"end":{"line":62,"column":null}},"43":{"start":{"line":63,"column":6},"end":{"line":63,"column":null}},"44":{"start":{"line":65,"column":4},"end":{"line":68,"column":null}},"45":{"start":{"line":66,"column":6},"end":{"line":66,"column":null}},"46":{"start":{"line":67,"column":6},"end":{"line":67,"column":null}},"47":{"start":{"line":69,"column":4},"end":{"line":69,"column":null}},"48":{"start":{"line":70,"column":4},"end":{"line":74,"column":null}},"49":{"start":{"line":71,"column":6},"end":{"line":71,"column":null}},"50":{"start":{"line":72,"column":6},"end":{"line":72,"column":null}},"51":{"start":{"line":73,"column":6},"end":{"line":73,"column":null}},"52":{"start":{"line":77,"column":2},"end":{"line":209,"column":null}},"53":{"start":{"line":98,"column":37},"end":{"line":98,"column":null}},"54":{"start":{"line":121,"column":35},"end":{"line":121,"column":null}},"55":{"start":{"line":137,"column":35},"end":{"line":137,"column":null}},"56":{"start":{"line":158,"column":37},"end":{"line":158,"column":null}},"57":{"start":{"line":163,"column":35},"end":{"line":163,"column":null}},"58":{"start":{"line":178,"column":37},"end":{"line":178,"column":null}},"59":{"start":{"line":183,"column":35},"end":{"line":183,"column":null}},"60":{"start":{"line":211,"column":1},"end":{"line":20,"column":31}},"61":{"start":{"line":10,"column":18},"end":{"line":20,"column":31}},"62":{"start":{"line":20,"column":30},"end":{"line":10,"column":18}},"63":{"start":{"line":213,"column":25},"end":{"line":213,"column":null}}},"fnMap":{"0":{"name":"Forgotten","decl":{"start":{"line":10,"column":9},"end":{"line":10,"column":18}},"loc":{"start":{"line":10,"column":21},"end":{"line":211,"column":1}}},"1":{"name":"(anonymous_1)","decl":{"start":{"line":22,"column":12},"end":{"line":22,"column":18}},"loc":{"start":{"line":22,"column":18},"end":{"line":27,"column":5}}},"2":{"name":"(anonymous_2)","decl":{"start":{"line":24,"column":35},"end":{"line":24,"column":41}},"loc":{"start":{"line":24,"column":41},"end":{"line":24,"column":65}}},"3":{"name":"(anonymous_3)","decl":{"start":{"line":24,"column":50},"end":{"line":24,"column":51}},"loc":{"start":{"line":24,"column":57},"end":{"line":24,"column":62}}},"4":{"name":"(anonymous_4)","decl":{"start":{"line":25,"column":13},"end":{"line":25,"column":19}},"loc":{"start":{"line":25,"column":19},"end":{"line":25,"column":null}}},"5":{"name":"(anonymous_5)","decl":{"start":{"line":29,"column":21},"end":{"line":29,"column":22}},"loc":{"start":{"line":29,"column":34},"end":{"line":33,"column":null}}},"6":{"name":"(anonymous_6)","decl":{"start":{"line":35,"column":25},"end":{"line":35,"column":26}},"loc":{"start":{"line":35,"column":32},"end":{"line":48,"column":null}}},"7":{"name":"(anonymous_7)","decl":{"start":{"line":42,"column":15},"end":{"line":42,"column":21}},"loc":{"start":{"line":42,"column":21},"end":{"line":47,"column":7}}},"8":{"name":"(anonymous_8)","decl":{"start":{"line":50,"column":27},"end":{"line":50,"column":28}},"loc":{"start":{"line":50,"column":34},"end":{"line":57,"column":null}}},"9":{"name":"(anonymous_9)","decl":{"start":{"line":59,"column":30},"end":{"line":59,"column":31}},"loc":{"start":{"line":59,"column":37},"end":{"line":75,"column":null}}},"10":{"name":"(anonymous_10)","decl":{"start":{"line":70,"column":15},"end":{"line":70,"column":21}},"loc":{"start":{"line":70,"column":21},"end":{"line":74,"column":7}}},"11":{"name":"(anonymous_11)","decl":{"start":{"line":98,"column":30},"end":{"line":98,"column":31}},"loc":{"start":{"line":98,"column":37},"end":{"line":98,"column":null}}},"12":{"name":"(anonymous_12)","decl":{"start":{"line":121,"column":28},"end":{"line":121,"column":29}},"loc":{"start":{"line":121,"column":35},"end":{"line":121,"column":null}}},"13":{"name":"(anonymous_13)","decl":{"start":{"line":137,"column":29},"end":{"line":137,"column":35}},"loc":{"start":{"line":137,"column":35},"end":{"line":137,"column":null}}},"14":{"name":"(anonymous_14)","decl":{"start":{"line":158,"column":30},"end":{"line":158,"column":31}},"loc":{"start":{"line":158,"column":37},"end":{"line":158,"column":null}}},"15":{"name":"(anonymous_15)","decl":{"start":{"line":163,"column":29},"end":{"line":163,"column":35}},"loc":{"start":{"line":163,"column":35},"end":{"line":163,"column":null}}},"16":{"name":"(anonymous_16)","decl":{"start":{"line":178,"column":30},"end":{"line":178,"column":31}},"loc":{"start":{"line":178,"column":37},"end":{"line":178,"column":null}}},"17":{"name":"(anonymous_17)","decl":{"start":{"line":183,"column":29},"end":{"line":183,"column":35}},"loc":{"start":{"line":183,"column":35},"end":{"line":183,"column":null}}},"18":{"name":"(anonymous_18)","decl":{"start":{"line":10,"column":18},"end":{"line":10,"column":21}},"loc":{"start":{"line":10,"column":18},"end":{"line":20,"column":31}}}},"branchMap":{"0":{"loc":{"start":{"line":23,"column":4},"end":{"line":26,"column":null}},"type":"if","locations":[{"start":{"line":23,"column":4},"end":{"line":26,"column":null}}]},"1":{"loc":{"start":{"line":23,"column":8},"end":{"line":23,"column":33}},"type":"binary-expr","locations":[{"start":{"line":23,"column":8},"end":{"line":23,"column":22}},{"start":{"line":23,"column":22},"end":{"line":23,"column":33}}]},"2":{"loc":{"start":{"line":37,"column":4},"end":{"line":40,"column":null}},"type":"if","locations":[{"start":{"line":37,"column":4},"end":{"line":40,"column":null}}]},"3":{"loc":{"start":{"line":52,"column":4},"end":{"line":55,"column":null}},"type":"if","locations":[{"start":{"line":52,"column":4},"end":{"line":55,"column":null}}]},"4":{"loc":{"start":{"line":61,"column":4},"end":{"line":64,"column":null}},"type":"if","locations":[{"start":{"line":61,"column":4},"end":{"line":64,"column":null}}]},"5":{"loc":{"start":{"line":61,"column":8},"end":{"line":61,"column":42}},"type":"binary-expr","locations":[{"start":{"line":61,"column":8},"end":{"line":61,"column":24}},{"start":{"line":61,"column":24},"end":{"line":61,"column":42}}]},"6":{"loc":{"start":{"line":65,"column":4},"end":{"line":68,"column":null}},"type":"if","locations":[{"start":{"line":65,"column":4},"end":{"line":68,"column":null}}]},"7":{"loc":{"start":{"line":81,"column":9},"end":{"line":81,"column":null}},"type":"binary-expr","locations":[{"start":{"line":81,"column":9},"end":{"line":81,"column":20}},{"start":{"line":81,"column":20},"end":{"line":81,"column":null}}]},"8":{"loc":{"start":{"line":88,"column":11},"end":{"line":110,"column":null}},"type":"binary-expr","locations":[{"start":{"line":88,"column":11},"end":{"line":88,"column":null}},{"start":{"line":89,"column":12},"end":{"line":110,"column":null}}]},"9":{"loc":{"start":{"line":113,"column":11},"end":{"line":146,"column":null}},"type":"binary-expr","locations":[{"start":{"line":113,"column":11},"end":{"line":113,"column":null}},{"start":{"line":114,"column":12},"end":{"line":146,"column":null}}]},"10":{"loc":{"start":{"line":135,"column":17},"end":{"line":143,"column":null}},"type":"cond-expr","locations":[{"start":{"line":136,"column":18},"end":{"line":141,"column":null}},{"start":{"line":143,"column":18},"end":{"line":143,"column":null}}]},"11":{"loc":{"start":{"line":149,"column":11},"end":{"line":197,"column":null}},"type":"binary-expr","locations":[{"start":{"line":149,"column":11},"end":{"line":149,"column":null}},{"start":{"line":150,"column":12},"end":{"line":197,"column":null}}]},"12":{"loc":{"start":{"line":156,"column":26},"end":{"line":156,"column":null}},"type":"cond-expr","locations":[{"start":{"line":156,"column":36},"end":{"line":156,"column":45}},{"start":{"line":156,"column":45},"end":{"line":156,"column":null}}]},"13":{"loc":{"start":{"line":166,"column":21},"end":{"line":166,"column":null}},"type":"cond-expr","locations":[{"start":{"line":166,"column":31},"end":{"line":166,"column":48}},{"start":{"line":166,"column":48},"end":{"line":166,"column":null}}]},"14":{"loc":{"start":{"line":176,"column":26},"end":{"line":176,"column":null}},"type":"cond-expr","locations":[{"start":{"line":176,"column":40},"end":{"line":176,"column":49}},{"start":{"line":176,"column":49},"end":{"line":176,"column":null}}]},"15":{"loc":{"start":{"line":186,"column":21},"end":{"line":186,"column":null}},"type":"cond-expr","locations":[{"start":{"line":186,"column":35},"end":{"line":186,"column":52}},{"start":{"line":186,"column":52},"end":{"line":186,"column":null}}]}},"s":{"0":0,"1":0,"2":0,"3":0,"4":0,"5":0,"6":0,"7":0,"8":0,"9":0,"10":0,"11":0,"12":0,"13":0,"14":0,"15":0,"16":0,"17":0,"18":0,"19":0,"20":0,"21":0,"22":0,"23":0,"24":0,"25":0,"26":0,"27":0,"28":0,"29":0,"30":0,"31":0,"32":0,"33":0,"34":0,"35":0,"36":0,"37":0,"38":0,"39":0,"40":0,"41":0,"42":0,"43":0,"44":0,"45":0,"46":0,"47":0,"48":0,"49":0,"50":0,"51":0,"52":0,"53":0,"54":0,"55":0,"56":0,"57":0,"58":0,"59":0,"60":1,"61":0,"62":1,"63":1},"f":{"0":0,"1":0,"2":0,"3":0,"4":0,"5":0,"6":0,"7":0,"8":0,"9":0,"10":0,"11":0,"12":0,"13":0,"14":0,"15":0,"16":0,"17":0,"18":0},"b":{"0":[0],"1":[0,0],"2":[0],"3":[0],"4":[0],"5":[0,0],"6":[0],"7":[0,0],"8":[0,0],"9":[0,0],"10":[0,0],"11":[0,0],"12":[0,0],"13":[0,0],"14":[0,0],"15":[0,0]}}
,"D:/Alzhivida/proyecto/frontend/src/pages/Home.jsx": {"path":"D:/Alzhivida/proyecto/frontend/src/pages/Home.jsx","statementMap":{"0":{"start":{"line":11,"column":26},"end":{"line":11,"column":null}},"1":{"start":{"line":12,"column":28},"end":{"line":12,"column":null}},"2":{"start":{"line":13,"column":2},"end":{"line":26,"column":null}},"3":{"start":{"line":14,"column":16},"end":{"line":14,"column":null}},"4":{"start":{"line":15,"column":22},"end":{"line":15,"column":null}},"5":{"start":{"line":16,"column":21},"end":{"line":24,"column":null}},"6":{"start":{"line":17,"column":6},"end":{"line":17,"column":null}},"7":{"start":{"line":18,"column":6},"end":{"line":23,"column":null}},"8":{"start":{"line":19,"column":8},"end":{"line":19,"column":null}},"9":{"start":{"line":20,"column":8},"end":{"line":20,"column":null}},"10":{"start":{"line":22,"column":8},"end":{"line":22,"column":null}},"11":{"start":{"line":25,"column":4},"end":{"line":25,"column":null}},"12":{"start":{"line":25,"column":17},"end":{"line":25,"column":null}},"13":{"start":{"line":27,"column":2},"end":{"line":27,"column":null}},"14":{"start":{"line":28,"column":1},"end":{"line":11,"column":17}},"15":{"start":{"line":11,"column":16},"end":{"line":null,"column":-1}},"16":{"start":{"line":32,"column":16},"end":{"line":32,"column":null}},"17":{"start":{"line":33,"column":38},"end":{"line":33,"column":null}},"18":{"start":{"line":35,"column":17},"end":{"line":52,"column":null}},"19":{"start":{"line":56,"column":22},"end":{"line":58,"column":null}},"20":{"start":{"line":57,"column":6},"end":{"line":57,"column":null}},"21":{"start":{"line":61,"column":2},"end":{"line":331,"column":null}},"22":{"start":{"line":259,"column":12},"end":{"line":282,"column":null}},"23":{"start":{"line":265,"column":31},"end":{"line":265,"column":null}},"24":{"start":{"line":333,"column":1},"end":{"line":32,"column":16}},"25":{"start":{"line":32,"column":13},"end":{"line":null,"column":-1}},"26":{"start":{"line":335,"column":20},"end":{"line":335,"column":null}}},"fnMap":{"0":{"name":"Counter","decl":{"start":{"line":11,"column":9},"end":{"line":11,"column":16}},"loc":{"start":{"line":11,"column":26},"end":{"line":28,"column":1}}},"1":{"name":"(anonymous_1)","decl":{"start":{"line":13,"column":12},"end":{"line":13,"column":18}},"loc":{"start":{"line":13,"column":18},"end":{"line":26,"column":5}}},"2":{"name":"(anonymous_2)","decl":{"start":{"line":16,"column":33},"end":{"line":16,"column":39}},"loc":{"start":{"line":16,"column":39},"end":{"line":24,"column":7}}},"3":{"name":"(anonymous_3)","decl":{"start":{"line":25,"column":11},"end":{"line":25,"column":17}},"loc":{"start":{"line":25,"column":17},"end":{"line":25,"column":null}}},"4":{"name":"Home","decl":{"start":{"line":32,"column":9},"end":{"line":32,"column":13}},"loc":{"start":{"line":32,"column":16},"end":{"line":333,"column":1}}},"5":{"name":"(anonymous_5)","decl":{"start":{"line":56,"column":22},"end":{"line":56,"column":23}},"loc":{"start":{"line":56,"column":33},"end":{"line":58,"column":null}}},"6":{"name":"(anonymous_6)","decl":{"start":{"line":258,"column":20},"end":{"line":258,"column":21}},"loc":{"start":{"line":259,"column":12},"end":{"line":282,"column":null}}},"7":{"name":"(anonymous_7)","decl":{"start":{"line":265,"column":25},"end":{"line":265,"column":31}},"loc":{"start":{"line":265,"column":31},"end":{"line":265,"column":null}}}},"branchMap":{"0":{"loc":{"start":{"line":18,"column":6},"end":{"line":23,"column":null}},"type":"if","locations":[{"start":{"line":18,"column":6},"end":{"line":23,"column":null}},{"start":{"line":21,"column":13},"end":{"line":23,"column":null}}]},"1":{"loc":{"start":{"line":57,"column":19},"end":{"line":57,"column":53}},"type":"cond-expr","locations":[{"start":{"line":57,"column":41},"end":{"line":57,"column":48}},{"start":{"line":57,"column":48},"end":{"line":57,"column":53}}]},"2":{"loc":{"start":{"line":272,"column":20},"end":{"line":272,"column":74}},"type":"cond-expr","locations":[{"start":{"line":272,"column":42},"end":{"line":272,"column":72}},{"start":{"line":272,"column":72},"end":{"line":272,"column":74}}]},"3":{"loc":{"start":{"line":277,"column":15},"end":{"line":280,"column":null}},"type":"binary-expr","locations":[{"start":{"line":277,"column":15},"end":{"line":277,"column":null}},{"start":{"line":278,"column":16},"end":{"line":280,"column":null}}]}},"s":{"0":0,"1":0,"2":0,"3":0,"4":0,"5":0,"6":0,"7":0,"8":0,"9":0,"10":0,"11":0,"12":0,"13":0,"14":1,"15":1,"16":0,"17":0,"18":0,"19":0,"20":0,"21":0,"22":0,"23":0,"24":1,"25":1,"26":2},"f":{"0":0,"1":0,"2":0,"3":0,"4":0,"5":0,"6":0,"7":0},"b":{"0":[0,0],"1":[0,0],"2":[0,0],"3":[0,0]}}
,"D:/Alzhivida/proyecto/frontend/src/pages/Login.jsx": {"path":"D:/Alzhivida/proyecto/frontend/src/pages/Login.jsx","statementMap":{"0":{"start":{"line":11,"column":17},"end":{"line":11,"column":null}},"1":{"start":{"line":12,"column":28},"end":{"line":12,"column":null}},"2":{"start":{"line":13,"column":34},"end":{"line":13,"column":null}},"3":{"start":{"line":14,"column":42},"end":{"line":14,"column":null}},"4":{"start":{"line":15,"column":32},"end":{"line":15,"column":null}},"5":{"start":{"line":16,"column":19},"end":{"line":16,"column":null}},"6":{"start":{"line":18,"column":22},"end":{"line":57,"column":null}},"7":{"start":{"line":19,"column":4},"end":{"line":19,"column":null}},"8":{"start":{"line":21,"column":4},"end":{"line":28,"column":null}},"9":{"start":{"line":22,"column":6},"end":{"line":26,"column":null}},"10":{"start":{"line":27,"column":6},"end":{"line":27,"column":null}},"11":{"start":{"line":30,"column":4},"end":{"line":30,"column":null}},"12":{"start":{"line":31,"column":4},"end":{"line":56,"column":null}},"13":{"start":{"line":32,"column":6},"end":{"line":32,"column":null}},"14":{"start":{"line":32,"column":33},"end":{"line":32,"column":54}},"15":{"start":{"line":33,"column":6},"end":{"line":46,"column":null}},"16":{"start":{"line":34,"column":8},"end":{"line":38,"column":null}},"17":{"start":{"line":39,"column":8},"end":{"line":39,"column":null}},"18":{"start":{"line":41,"column":8},"end":{"line":45,"column":null}},"19":{"start":{"line":48,"column":6},"end":{"line":48,"column":null}},"20":{"start":{"line":49,"column":6},"end":{"line":53,"column":null}},"21":{"start":{"line":55,"column":6},"end":{"line":55,"column":null}},"22":{"start":{"line":59,"column":2},"end":{"line":129,"column":null}},"23":{"start":{"line":79,"column":35},"end":{"line":79,"column":null}},"24":{"start":{"line":93,"column":35},"end":{"line":93,"column":null}},"25":{"start":{"line":98,"column":33},"end":{"line":98,"column":null}},"26":{"start":{"line":131,"column":1},"end":{"line":16,"column":31}},"27":{"start":{"line":11,"column":14},"end":{"line":16,"column":31}},"28":{"start":{"line":16,"column":30},"end":{"line":11,"column":14}},"29":{"start":{"line":133,"column":21},"end":{"line":133,"column":null}}},"fnMap":{"0":{"name":"Login","decl":{"start":{"line":11,"column":9},"end":{"line":11,"column":14}},"loc":{"start":{"line":11,"column":17},"end":{"line":131,"column":1}}},"1":{"name":"(anonymous_1)","decl":{"start":{"line":18,"column":22},"end":{"line":18,"column":29}},"loc":{"start":{"line":18,"column":35},"end":{"line":57,"column":null}}},"2":{"name":"(anonymous_2)","decl":{"start":{"line":32,"column":24},"end":{"line":32,"column":25}},"loc":{"start":{"line":32,"column":33},"end":{"line":32,"column":54}}},"3":{"name":"(anonymous_3)","decl":{"start":{"line":79,"column":28},"end":{"line":79,"column":29}},"loc":{"start":{"line":79,"column":35},"end":{"line":79,"column":null}}},"4":{"name":"(anonymous_4)","decl":{"start":{"line":93,"column":28},"end":{"line":93,"column":29}},"loc":{"start":{"line":93,"column":35},"end":{"line":93,"column":null}}},"5":{"name":"(anonymous_5)","decl":{"start":{"line":98,"column":27},"end":{"line":98,"column":33}},"loc":{"start":{"line":98,"column":33},"end":{"line":98,"column":null}}},"6":{"name":"(anonymous_6)","decl":{"start":{"line":11,"column":14},"end":{"line":11,"column":17}},"loc":{"start":{"line":11,"column":14},"end":{"line":16,"column":31}}}},"branchMap":{"0":{"loc":{"start":{"line":21,"column":4},"end":{"line":28,"column":null}},"type":"if","locations":[{"start":{"line":21,"column":4},"end":{"line":28,"column":null}}]},"1":{"loc":{"start":{"line":21,"column":8},"end":{"line":21,"column":29}},"type":"binary-expr","locations":[{"start":{"line":21,"column":8},"end":{"line":21,"column":18}},{"start":{"line":21,"column":18},"end":{"line":21,"column":29}}]},"2":{"loc":{"start":{"line":33,"column":6},"end":{"line":46,"column":null}},"type":"if","locations":[{"start":{"line":33,"column":6},"end":{"line":46,"column":null}},{"start":{"line":40,"column":13},"end":{"line":46,"column":null}}]},"3":{"loc":{"start":{"line":33,"column":10},"end":{"line":33,"column":65}},"type":"binary-expr","locations":[{"start":{"line":33,"column":10},"end":{"line":33,"column":42}},{"start":{"line":33,"column":42},"end":{"line":33,"column":65}}]},"4":{"loc":{"start":{"line":61,"column":7},"end":{"line":61,"column":null}},"type":"binary-expr","locations":[{"start":{"line":61,"column":7},"end":{"line":61,"column":18}},{"start":{"line":61,"column":18},"end":{"line":61,"column":null}}]},"5":{"loc":{"start":{"line":90,"column":24},"end":{"line":90,"column":null}},"type":"cond-expr","locations":[{"start":{"line":90,"column":39},"end":{"line":90,"column":48}},{"start":{"line":90,"column":48},"end":{"line":90,"column":null}}]},"6":{"loc":{"start":{"line":100,"column":19},"end":{"line":100,"column":null}},"type":"cond-expr","locations":[{"start":{"line":100,"column":34},"end":{"line":100,"column":51}},{"start":{"line":100,"column":51},"end":{"line":100,"column":null}}]}},"s":{"0":0,"1":0,"2":0,"3":0,"4":0,"5":0,"6":0,"7":0,"8":0,"9":0,"10":0,"11":0,"12":0,"13":0,"14":0,"15":0,"16":0,"17":0,"18":0,"19":0,"20":0,"21":0,"22":0,"23":0,"24":0,"25":0,"26":1,"27":0,"28":1,"29":1},"f":{"0":0,"1":0,"2":0,"3":0,"4":0,"5":0,"6":0},"b":{"0":[0],"1":[0,0],"2":[0,0],"3":[0,0],"4":[0,0],"5":[0,0],"6":[0,0]}}
,"D:/Alzhivida/proyecto/frontend/src/pages/NoEncontrado.jsx": {"path":"D:/Alzhivida/proyecto/frontend/src/pages/NoEncontrado.jsx","statementMap":{"0":{"start":{"line":5,"column":4},"end":{"line":16,"column":null}},"1":{"start":{"line":19,"column":1},"end":{"line":4,"column":23}},"2":{"start":{"line":21,"column":27},"end":{"line":21,"column":null}}},"fnMap":{"0":{"name":"NoEncontrado","decl":{"start":{"line":4,"column":9},"end":{"line":4,"column":23}},"loc":{"start":{"line":4,"column":23},"end":{"line":19,"column":1}}}},"branchMap":{},"s":{"0":0,"1":1,"2":1},"f":{"0":0},"b":{}}
,"D:/Alzhivida/proyecto/frontend/src/pages/Principal.jsx": {"path":"D:/Alzhivida/proyecto/frontend/src/pages/Principal.jsx","statementMap":{"0":{"start":{"line":6,"column":2},"end":{"line":28,"column":null}},"1":{"start":{"line":30,"column":1},"end":{"line":5,"column":21}},"2":{"start":{"line":32,"column":25},"end":{"line":32,"column":null}}},"fnMap":{"0":{"name":"Principal","decl":{"start":{"line":5,"column":9},"end":{"line":5,"column":21}},"loc":{"start":{"line":5,"column":21},"end":{"line":30,"column":1}}}},"branchMap":{},"s":{"0":0,"1":1,"2":1},"f":{"0":0},"b":{}}
,"D:/Alzhivida/proyecto/frontend/src/pages/Register.jsx": {"path":"D:/Alzhivida/proyecto/frontend/src/pages/Register.jsx","statementMap":{"0":{"start":{"line":23,"column":20},"end":{"line":23,"column":null}},"1":{"start":{"line":24,"column":26},"end":{"line":24,"column":null}},"2":{"start":{"line":25,"column":28},"end":{"line":25,"column":null}},"3":{"start":{"line":26,"column":26},"end":{"line":26,"column":null}},"4":{"start":{"line":27,"column":34},"end":{"line":27,"column":null}},"5":{"start":{"line":28,"column":46},"end":{"line":28,"column":null}},"6":{"start":{"line":29,"column":42},"end":{"line":29,"column":null}},"7":{"start":{"line":30,"column":54},"end":{"line":30,"column":null}},"8":{"start":{"line":32,"column":32},"end":{"line":32,"column":null}},"9":{"start":{"line":33,"column":36},"end":{"line":33,"column":null}},"10":{"start":{"line":34,"column":30},"end":{"line":34,"column":null}},"11":{"start":{"line":35,"column":26},"end":{"line":35,"column":null}},"12":{"start":{"line":36,"column":48},"end":{"line":36,"column":null}},"13":{"start":{"line":37,"column":46},"end":{"line":37,"column":null}},"14":{"start":{"line":38,"column":32},"end":{"line":38,"column":null}},"15":{"start":{"line":41,"column":2},"end":{"line":43,"column":null}},"16":{"start":{"line":42,"column":4},"end":{"line":42,"column":null}},"17":{"start":{"line":47,"column":29},"end":{"line":59,"column":null}},"18":{"start":{"line":48,"column":4},"end":{"line":56,"column":null}},"19":{"start":{"line":49,"column":6},"end":{"line":54,"column":null}},"20":{"start":{"line":55,"column":6},"end":{"line":55,"column":null}},"21":{"start":{"line":58,"column":4},"end":{"line":58,"column":null}},"22":{"start":{"line":61,"column":31},"end":{"line":73,"column":null}},"23":{"start":{"line":62,"column":4},"end":{"line":70,"column":null}},"24":{"start":{"line":63,"column":6},"end":{"line":68,"column":null}},"25":{"start":{"line":69,"column":6},"end":{"line":69,"column":null}},"26":{"start":{"line":72,"column":4},"end":{"line":72,"column":null}},"27":{"start":{"line":76,"column":28},"end":{"line":76,"column":null}},"28":{"start":{"line":77,"column":3},"end":{"line":87,"column":null}},"29":{"start":{"line":78,"column":19},"end":{"line":78,"column":null}},"30":{"start":{"line":79,"column":4},"end":{"line":85,"column":null}},"31":{"start":{"line":80,"column":6},"end":{"line":82,"column":null}},"32":{"start":{"line":81,"column":8},"end":{"line":81,"column":null}},"33":{"start":{"line":81,"column":27},"end":{"line":81,"column":35}},"34":{"start":{"line":83,"column":4},"end":{"line":85,"column":null}},"35":{"start":{"line":84,"column":6},"end":{"line":84,"column":null}},"36":{"start":{"line":86,"column":4},"end":{"line":86,"column":null}},"37":{"start":{"line":86,"column":17},"end":{"line":86,"column":null}},"38":{"start":{"line":89,"column":21},"end":{"line":91,"column":null}},"39":{"start":{"line":90,"column":4},"end":{"line":90,"column":null}},"40":{"start":{"line":94,"column":27},"end":{"line":97,"column":null}},"41":{"start":{"line":95,"column":4},"end":{"line":95,"column":null}},"42":{"start":{"line":95,"column":29},"end":{"line":95,"column":null}},"43":{"start":{"line":95,"column":55},"end":{"line":95,"column":60}},"44":{"start":{"line":96,"column":4},"end":{"line":96,"column":null}},"45":{"start":{"line":96,"column":27},"end":{"line":96,"column":null}},"46":{"start":{"line":96,"column":59},"end":{"line":96,"column":64}},"47":{"start":{"line":99,"column":28},"end":{"line":167,"column":null}},"48":{"start":{"line":100,"column":4},"end":{"line":100,"column":null}},"49":{"start":{"line":102,"column":4},"end":{"line":110,"column":null}},"50":{"start":{"line":103,"column":6},"end":{"line":108,"column":null}},"51":{"start":{"line":109,"column":6},"end":{"line":109,"column":null}},"52":{"start":{"line":112,"column":22},"end":{"line":112,"column":null}},"53":{"start":{"line":113,"column":4},"end":{"line":121,"column":null}},"54":{"start":{"line":114,"column":6},"end":{"line":119,"column":null}},"55":{"start":{"line":120,"column":6},"end":{"line":120,"column":null}},"56":{"start":{"line":123,"column":4},"end":{"line":166,"column":null}},"57":{"start":{"line":125,"column":24},"end":{"line":125,"column":null}},"58":{"start":{"line":127,"column":8},"end":{"line":136,"column":null}},"59":{"start":{"line":128,"column":10},"end":{"line":134,"column":null}},"60":{"start":{"line":135,"column":10},"end":{"line":135,"column":null}},"61":{"start":{"line":138,"column":8},"end":{"line":143,"column":null}},"62":{"start":{"line":145,"column":8},"end":{"line":145,"column":null}},"63":{"start":{"line":147,"column":8},"end":{"line":147,"column":null}},"64":{"start":{"line":150,"column":8},"end":{"line":164,"column":null}},"65":{"start":{"line":151,"column":10},"end":{"line":156,"column":null}},"66":{"start":{"line":158,"column":10},"end":{"line":163,"column":null}},"67":{"start":{"line":165,"column":8},"end":{"line":165,"column":null}},"68":{"start":{"line":170,"column":29},"end":{"line":222,"column":null}},"69":{"start":{"line":171,"column":4},"end":{"line":171,"column":null}},"70":{"start":{"line":174,"column":4},"end":{"line":183,"column":null}},"71":{"start":{"line":175,"column":8},"end":{"line":181,"column":null}},"72":{"start":{"line":182,"column":8},"end":{"line":182,"column":null}},"73":{"start":{"line":185,"column":4},"end":{"line":220,"column":null}},"74":{"start":{"line":186,"column":6},"end":{"line":210,"column":null}},"75":{"start":{"line":187,"column":8},"end":{"line":207,"column":null}},"76":{"start":{"line":188,"column":10},"end":{"line":195,"column":null}},"77":{"start":{"line":197,"column":10},"end":{"line":204,"column":null}},"78":{"start":{"line":206,"column":10},"end":{"line":206,"column":null}},"79":{"start":{"line":213,"column":6},"end":{"line":213,"column":null}},"80":{"start":{"line":214,"column":6},"end":{"line":219,"column":null}},"81":{"start":{"line":224,"column":25},"end":{"line":245,"column":null}},"82":{"start":{"line":225,"column":4},"end":{"line":244,"column":null}},"83":{"start":{"line":226,"column":6},"end":{"line":243,"column":null}},"84":{"start":{"line":228,"column":10},"end":{"line":233,"column":null}},"85":{"start":{"line":234,"column":10},"end":{"line":234,"column":null}},"86":{"start":{"line":237,"column":10},"end":{"line":242,"column":null}},"87":{"start":{"line":247,"column":22},"end":{"line":251,"column":null}},"88":{"start":{"line":248,"column":16},"end":{"line":248,"column":null}},"89":{"start":{"line":249,"column":16},"end":{"line":249,"column":null}},"90":{"start":{"line":250,"column":4},"end":{"line":250,"column":null}},"91":{"start":{"line":254,"column":30},"end":{"line":274,"column":null}},"92":{"start":{"line":255,"column":4},"end":{"line":255,"column":null}},"93":{"start":{"line":257,"column":4},"end":{"line":273,"column":null}},"94":{"start":{"line":258,"column":6},"end":{"line":263,"column":null}},"95":{"start":{"line":264,"column":4},"end":{"line":273,"column":null}},"96":{"start":{"line":265,"column":6},"end":{"line":270,"column":null}},"97":{"start":{"line":272,"column":6},"end":{"line":272,"column":null}},"98":{"start":{"line":277,"column":19},"end":{"line":277,"column":null}},"99":{"start":{"line":279,"column":38},"end":{"line":321,"column":null}},"100":{"start":{"line":280,"column":4},"end":{"line":280,"column":null}},"101":{"start":{"line":282,"column":4},"end":{"line":290,"column":null}},"102":{"start":{"line":283,"column":6},"end":{"line":288,"column":null}},"103":{"start":{"line":289,"column":6},"end":{"line":289,"column":null}},"104":{"start":{"line":292,"column":17},"end":{"line":301,"column":null}},"105":{"start":{"line":303,"column":4},"end":{"line":320,"column":null}},"106":{"start":{"line":304,"column":6},"end":{"line":304,"column":null}},"107":{"start":{"line":307,"column":6},"end":{"line":307,"column":null}},"108":{"start":{"line":309,"column":6},"end":{"line":309,"column":null}},"109":{"start":{"line":312,"column":6},"end":{"line":319,"column":null}},"110":{"start":{"line":313,"column":8},"end":{"line":318,"column":null}},"111":{"start":{"line":323,"column":30},"end":{"line":343,"column":null}},"112":{"start":{"line":324,"column":4},"end":{"line":324,"column":null}},"113":{"start":{"line":324,"column":19},"end":{"line":324,"column":null}},"114":{"start":{"line":326,"column":19},"end":{"line":326,"column":null}},"115":{"start":{"line":327,"column":4},"end":{"line":327,"column":null}},"116":{"start":{"line":327,"column":30},"end":{"line":327,"column":null}},"117":{"start":{"line":328,"column":4},"end":{"line":328,"column":null}},"118":{"start":{"line":328,"column":32},"end":{"line":328,"column":null}},"119":{"start":{"line":329,"column":4},"end":{"line":329,"column":null}},"120":{"start":{"line":329,"column":32},"end":{"line":329,"column":null}},"121":{"start":{"line":330,"column":4},"end":{"line":330,"column":null}},"122":{"start":{"line":330,"column":39},"end":{"line":330,"column":null}},"123":{"start":{"line":332,"column":4},"end":{"line":342,"column":null}},"124":{"start":{"line":335,"column":8},"end":{"line":335,"column":null}},"125":{"start":{"line":337,"column":8},"end":{"line":337,"column":null}},"126":{"start":{"line":339,"column":8},"end":{"line":339,"column":null}},"127":{"start":{"line":341,"column":8},"end":{"line":341,"column":null}},"128":{"start":{"line":345,"column":27},"end":{"line":345,"column":null}},"129":{"start":{"line":347,"column":4},"end":{"line":351,"column":null}},"130":{"start":{"line":353,"column":2},"end":{"line":359,"column":null}},"131":{"start":{"line":354,"column":4},"end":{"line":358,"column":null}},"132":{"start":{"line":355,"column":6},"end":{"line":355,"column":null}},"133":{"start":{"line":356,"column":6},"end":{"line":356,"column":null}},"134":{"start":{"line":357,"column":6},"end":{"line":357,"column":null}},"135":{"start":{"line":362,"column":2},"end":{"line":600,"column":null}},"136":{"start":{"line":390,"column":37},"end":{"line":390,"column":62}},"137":{"start":{"line":422,"column":33},"end":{"line":422,"column":57}},"138":{"start":{"line":431,"column":18},"end":{"line":431,"column":null}},"139":{"start":{"line":431,"column":35},"end":{"line":431,"column":null}},"140":{"start":{"line":460,"column":33},"end":{"line":460,"column":68}},"141":{"start":{"line":465,"column":31},"end":{"line":465,"column":null}},"142":{"start":{"line":481,"column":33},"end":{"line":481,"column":70}},"143":{"start":{"line":485,"column":31},"end":{"line":485,"column":null}},"144":{"start":{"line":510,"column":31},"end":{"line":510,"column":58}},"145":{"start":{"line":521,"column":31},"end":{"line":521,"column":60}},"146":{"start":{"line":531,"column":33},"end":{"line":531,"column":null}},"147":{"start":{"line":546,"column":33},"end":{"line":546,"column":null}},"148":{"start":{"line":578,"column":33},"end":{"line":578,"column":68}},"149":{"start":{"line":586,"column":33},"end":{"line":586,"column":69}},"150":{"start":{"line":602,"column":1},"end":{"line":277,"column":31}},"151":{"start":{"line":23,"column":17},"end":{"line":277,"column":31}},"152":{"start":{"line":277,"column":30},"end":{"line":23,"column":17}},"153":{"start":{"line":604,"column":24},"end":{"line":604,"column":null}}},"fnMap":{"0":{"name":"Register","decl":{"start":{"line":23,"column":9},"end":{"line":23,"column":17}},"loc":{"start":{"line":23,"column":20},"end":{"line":602,"column":1}}},"1":{"name":"(anonymous_1)","decl":{"start":{"line":41,"column":12},"end":{"line":41,"column":18}},"loc":{"start":{"line":41,"column":18},"end":{"line":43,"column":5}}},"2":{"name":"(anonymous_2)","decl":{"start":{"line":47,"column":29},"end":{"line":47,"column":30}},"loc":{"start":{"line":47,"column":45},"end":{"line":59,"column":null}}},"3":{"name":"(anonymous_3)","decl":{"start":{"line":61,"column":31},"end":{"line":61,"column":32}},"loc":{"start":{"line":61,"column":54},"end":{"line":73,"column":null}}},"4":{"name":"(anonymous_4)","decl":{"start":{"line":77,"column":13},"end":{"line":77,"column":19}},"loc":{"start":{"line":77,"column":19},"end":{"line":87,"column":5}}},"5":{"name":"(anonymous_5)","decl":{"start":{"line":80,"column":29},"end":{"line":80,"column":35}},"loc":{"start":{"line":80,"column":35},"end":{"line":82,"column":9}}},"6":{"name":"(anonymous_6)","decl":{"start":{"line":81,"column":17},"end":{"line":81,"column":18}},"loc":{"start":{"line":81,"column":27},"end":{"line":81,"column":35}}},"7":{"name":"(anonymous_7)","decl":{"start":{"line":86,"column":11},"end":{"line":86,"column":17}},"loc":{"start":{"line":86,"column":17},"end":{"line":86,"column":null}}},"8":{"name":"(anonymous_8)","decl":{"start":{"line":89,"column":21},"end":{"line":89,"column":27}},"loc":{"start":{"line":89,"column":27},"end":{"line":91,"column":null}}},"9":{"name":"(anonymous_9)","decl":{"start":{"line":94,"column":27},"end":{"line":94,"column":28}},"loc":{"start":{"line":94,"column":37},"end":{"line":97,"column":null}}},"10":{"name":"(anonymous_10)","decl":{"start":{"line":95,"column":45},"end":{"line":95,"column":46}},"loc":{"start":{"line":95,"column":55},"end":{"line":95,"column":60}}},"11":{"name":"(anonymous_11)","decl":{"start":{"line":96,"column":49},"end":{"line":96,"column":50}},"loc":{"start":{"line":96,"column":59},"end":{"line":96,"column":64}}},"12":{"name":"(anonymous_12)","decl":{"start":{"line":99,"column":28},"end":{"line":99,"column":29}},"loc":{"start":{"line":99,"column":35},"end":{"line":167,"column":null}}},"13":{"name":"(anonymous_13)","decl":{"start":{"line":124,"column":12},"end":{"line":124,"column":24}},"loc":{"start":{"line":124,"column":24},"end":{"line":148,"column":7}}},"14":{"name":"(anonymous_14)","decl":{"start":{"line":149,"column":13},"end":{"line":149,"column":22}},"loc":{"start":{"line":149,"column":22},"end":{"line":166,"column":7}}},"15":{"name":"(anonymous_15)","decl":{"start":{"line":170,"column":29},"end":{"line":170,"column":30}},"loc":{"start":{"line":170,"column":36},"end":{"line":222,"column":null}}},"16":{"name":"(anonymous_16)","decl":{"start":{"line":186,"column":39},"end":{"line":186,"column":40}},"loc":{"start":{"line":186,"column":53},"end":{"line":210,"column":7}}},"17":{"name":"(anonymous_17)","decl":{"start":{"line":224,"column":25},"end":{"line":224,"column":31}},"loc":{"start":{"line":224,"column":31},"end":{"line":245,"column":null}}},"18":{"name":"(anonymous_18)","decl":{"start":{"line":227,"column":14},"end":{"line":227,"column":20}},"loc":{"start":{"line":227,"column":20},"end":{"line":235,"column":9}}},"19":{"name":"(anonymous_19)","decl":{"start":{"line":236,"column":15},"end":{"line":236,"column":21}},"loc":{"start":{"line":236,"column":21},"end":{"line":243,"column":9}}},"20":{"name":"(anonymous_20)","decl":{"start":{"line":247,"column":22},"end":{"line":247,"column":23}},"loc":{"start":{"line":247,"column":32},"end":{"line":251,"column":null}}},"21":{"name":"(anonymous_21)","decl":{"start":{"line":254,"column":30},"end":{"line":254,"column":31}},"loc":{"start":{"line":254,"column":37},"end":{"line":274,"column":null}}},"22":{"name":"(anonymous_22)","decl":{"start":{"line":279,"column":38},"end":{"line":279,"column":45}},"loc":{"start":{"line":279,"column":51},"end":{"line":321,"column":null}}},"23":{"name":"(anonymous_23)","decl":{"start":{"line":323,"column":30},"end":{"line":323,"column":36}},"loc":{"start":{"line":323,"column":36},"end":{"line":343,"column":null}}},"24":{"name":"(anonymous_24)","decl":{"start":{"line":353,"column":37},"end":{"line":353,"column":47}},"loc":{"start":{"line":353,"column":50},"end":{"line":359,"column":3}}},"25":{"name":"(anonymous_25)","decl":{"start":{"line":390,"column":30},"end":{"line":390,"column":31}},"loc":{"start":{"line":390,"column":37},"end":{"line":390,"column":62}}},"26":{"name":"(anonymous_26)","decl":{"start":{"line":422,"column":26},"end":{"line":422,"column":27}},"loc":{"start":{"line":422,"column":33},"end":{"line":422,"column":57}}},"27":{"name":"(anonymous_27)","decl":{"start":{"line":430,"column":25},"end":{"line":430,"column":31}},"loc":{"start":{"line":430,"column":31},"end":{"line":432,"column":null}}},"28":{"name":"(anonymous_28)","decl":{"start":{"line":460,"column":26},"end":{"line":460,"column":27}},"loc":{"start":{"line":460,"column":33},"end":{"line":460,"column":68}}},"29":{"name":"(anonymous_29)","decl":{"start":{"line":465,"column":25},"end":{"line":465,"column":31}},"loc":{"start":{"line":465,"column":31},"end":{"line":465,"column":null}}},"30":{"name":"(anonymous_30)","decl":{"start":{"line":481,"column":26},"end":{"line":481,"column":27}},"loc":{"start":{"line":481,"column":33},"end":{"line":481,"column":70}}},"31":{"name":"(anonymous_31)","decl":{"start":{"line":485,"column":25},"end":{"line":485,"column":31}},"loc":{"start":{"line":485,"column":31},"end":{"line":485,"column":null}}},"32":{"name":"(anonymous_32)","decl":{"start":{"line":510,"column":24},"end":{"line":510,"column":25}},"loc":{"start":{"line":510,"column":31},"end":{"line":510,"column":58}}},"33":{"name":"(anonymous_33)","decl":{"start":{"line":521,"column":24},"end":{"line":521,"column":25}},"loc":{"start":{"line":521,"column":31},"end":{"line":521,"column":60}}},"34":{"name":"(anonymous_34)","decl":{"start":{"line":531,"column":26},"end":{"line":531,"column":27}},"loc":{"start":{"line":531,"column":33},"end":{"line":531,"column":null}}},"35":{"name":"(anonymous_35)","decl":{"start":{"line":546,"column":26},"end":{"line":546,"column":27}},"loc":{"start":{"line":546,"column":33},"end":{"line":546,"column":null}}},"36":{"name":"(anonymous_36)","decl":{"start":{"line":578,"column":26},"end":{"line":578,"column":27}},"loc":{"start":{"line":578,"column":33},"end":{"line":578,"column":68}}},"37":{"name":"(anonymous_37)","decl":{"start":{"line":586,"column":26},"end":{"line":586,"column":27}},"loc":{"start":{"line":586,"column":33},"end":{"line":586,"column":69}}},"38":{"name":"(anonymous_38)","decl":{"start":{"line":23,"column":17},"end":{"line":23,"column":20}},"loc":{"start":{"line":23,"column":17},"end":{"line":277,"column":31}}}},"branchMap":{"0":{"loc":{"start":{"line":48,"column":4},"end":{"line":56,"column":null}},"type":"if","locations":[{"start":{"line":48,"column":4},"end":{"line":56,"column":null}}]},"1":{"loc":{"start":{"line":62,"column":4},"end":{"line":70,"column":null}},"type":"if","locations":[{"start":{"line":62,"column":4},"end":{"line":70,"column":null}}]},"2":{"loc":{"start":{"line":79,"column":4},"end":{"line":85,"column":null}},"type":"if","locations":[{"start":{"line":79,"column":4},"end":{"line":85,"column":null}},{"start":{"line":83,"column":4},"end":{"line":85,"column":null}}]},"3":{"loc":{"start":{"line":83,"column":4},"end":{"line":85,"column":null}},"type":"if","locations":[{"start":{"line":83,"column":4},"end":{"line":85,"column":null}}]},"4":{"loc":{"start":{"line":95,"column":4},"end":{"line":95,"column":null}},"type":"if","locations":[{"start":{"line":95,"column":4},"end":{"line":95,"column":null}}]},"5":{"loc":{"start":{"line":96,"column":4},"end":{"line":96,"column":null}},"type":"if","locations":[{"start":{"line":96,"column":4},"end":{"line":96,"column":null}}]},"6":{"loc":{"start":{"line":102,"column":4},"end":{"line":110,"column":null}},"type":"if","locations":[{"start":{"line":102,"column":4},"end":{"line":110,"column":null}}]},"7":{"loc":{"start":{"line":113,"column":4},"end":{"line":121,"column":null}},"type":"if","locations":[{"start":{"line":113,"column":4},"end":{"line":121,"column":null}}]},"8":{"loc":{"start":{"line":127,"column":8},"end":{"line":136,"column":null}},"type":"if","locations":[{"start":{"line":127,"column":8},"end":{"line":136,"column":null}}]},"9":{"loc":{"start":{"line":150,"column":8},"end":{"line":164,"column":null}},"type":"if","locations":[{"start":{"line":150,"column":8},"end":{"line":164,"column":null}},{"start":{"line":157,"column":15},"end":{"line":164,"column":null}}]},"10":{"loc":{"start":{"line":150,"column":12},"end":{"line":150,"column":61}},"type":"binary-expr","locations":[{"start":{"line":150,"column":12},"end":{"line":150,"column":30}},{"start":{"line":150,"column":30},"end":{"line":150,"column":61}}]},"11":{"loc":{"start":{"line":174,"column":4},"end":{"line":183,"column":null}},"type":"if","locations":[{"start":{"line":174,"column":4},"end":{"line":183,"column":null}}]},"12":{"loc":{"start":{"line":187,"column":8},"end":{"line":207,"column":null}},"type":"if","locations":[{"start":{"line":187,"column":8},"end":{"line":207,"column":null}},{"start":{"line":196,"column":13},"end":{"line":207,"column":null}}]},"13":{"loc":{"start":{"line":225,"column":4},"end":{"line":244,"column":null}},"type":"if","locations":[{"start":{"line":225,"column":4},"end":{"line":244,"column":null}}]},"14":{"loc":{"start":{"line":257,"column":4},"end":{"line":273,"column":null}},"type":"if","locations":[{"start":{"line":257,"column":4},"end":{"line":273,"column":null}},{"start":{"line":264,"column":4},"end":{"line":273,"column":null}}]},"15":{"loc":{"start":{"line":264,"column":4},"end":{"line":273,"column":null}},"type":"if","locations":[{"start":{"line":264,"column":4},"end":{"line":273,"column":null}},{"start":{"line":271,"column":11},"end":{"line":273,"column":null}}]},"16":{"loc":{"start":{"line":282,"column":4},"end":{"line":290,"column":null}},"type":"if","locations":[{"start":{"line":282,"column":4},"end":{"line":290,"column":null}}]},"17":{"loc":{"start":{"line":312,"column":6},"end":{"line":319,"column":null}},"type":"if","locations":[{"start":{"line":312,"column":6},"end":{"line":319,"column":null}}]},"18":{"loc":{"start":{"line":324,"column":4},"end":{"line":324,"column":null}},"type":"if","locations":[{"start":{"line":324,"column":4},"end":{"line":324,"column":null}}]},"19":{"loc":{"start":{"line":327,"column":4},"end":{"line":327,"column":null}},"type":"if","locations":[{"start":{"line":327,"column":4},"end":{"line":327,"column":null}}]},"20":{"loc":{"start":{"line":328,"column":4},"end":{"line":328,"column":null}},"type":"if","locations":[{"start":{"line":328,"column":4},"end":{"line":328,"column":null}}]},"21":{"loc":{"start":{"line":329,"column":4},"end":{"line":329,"column":null}},"type":"if","locations":[{"start":{"line":329,"column":4},"end":{"line":329,"column":null}}]},"22":{"loc":{"start":{"line":330,"column":4},"end":{"line":330,"column":null}},"type":"if","locations":[{"start":{"line":330,"column":4},"end":{"line":330,"column":null}}]},"23":{"loc":{"start":{"line":332,"column":4},"end":{"line":342,"column":null}},"type":"switch","locations":[{"start":{"line":333,"column":6},"end":{"line":333,"column":null}},{"start":{"line":334,"column":6},"end":{"line":335,"column":null}},{"start":{"line":336,"column":6},"end":{"line":337,"column":null}},{"start":{"line":338,"column":6},"end":{"line":339,"column":null}},{"start":{"line":340,"column":6},"end":{"line":341,"column":null}}]},"24":{"loc":{"start":{"line":347,"column":4},"end":{"line":351,"column":null}},"type":"cond-expr","locations":[{"start":{"line":348,"column":8},"end":{"line":348,"column":null}},{"start":{"line":349,"column":8},"end":{"line":351,"column":null}}]},"25":{"loc":{"start":{"line":349,"column":8},"end":{"line":351,"column":null}},"type":"cond-expr","locations":[{"start":{"line":350,"column":8},"end":{"line":350,"column":null}},{"start":{"line":351,"column":8},"end":{"line":351,"column":null}}]},"26":{"loc":{"start":{"line":354,"column":4},"end":{"line":358,"column":null}},"type":"if","locations":[{"start":{"line":354,"column":4},"end":{"line":358,"column":null}}]},"27":{"loc":{"start":{"line":354,"column":8},"end":{"line":354,"column":49}},"type":"binary-expr","locations":[{"start":{"line":354,"column":8},"end":{"line":354,"column":20}},{"start":{"line":354,"column":20},"end":{"line":354,"column":49}}]},"28":{"loc":{"start":{"line":364,"column":7},"end":{"line":364,"column":null}},"type":"binary-expr","locations":[{"start":{"line":364,"column":7},"end":{"line":364,"column":18}},{"start":{"line":364,"column":18},"end":{"line":364,"column":null}}]},"29":{"loc":{"start":{"line":376,"column":9},"end":{"line":410,"column":null}},"type":"binary-expr","locations":[{"start":{"line":376,"column":9},"end":{"line":376,"column":null}},{"start":{"line":377,"column":10},"end":{"line":410,"column":null}}]},"30":{"loc":{"start":{"line":413,"column":9},"end":{"line":448,"column":null}},"type":"binary-expr","locations":[{"start":{"line":413,"column":9},"end":{"line":413,"column":null}},{"start":{"line":414,"column":10},"end":{"line":448,"column":null}}]},"31":{"loc":{"start":{"line":428,"column":18},"end":{"line":428,"column":80}},"type":"cond-expr","locations":[{"start":{"line":428,"column":30},"end":{"line":428,"column":64}},{"start":{"line":428,"column":64},"end":{"line":428,"column":80}}]},"32":{"loc":{"start":{"line":431,"column":18},"end":{"line":431,"column":null}},"type":"if","locations":[{"start":{"line":431,"column":18},"end":{"line":431,"column":null}}]},"33":{"loc":{"start":{"line":434,"column":17},"end":{"line":434,"column":null}},"type":"cond-expr","locations":[{"start":{"line":434,"column":29},"end":{"line":434,"column":57}},{"start":{"line":434,"column":57},"end":{"line":434,"column":null}}]},"34":{"loc":{"start":{"line":451,"column":9},"end":{"line":498,"column":null}},"type":"binary-expr","locations":[{"start":{"line":451,"column":9},"end":{"line":451,"column":null}},{"start":{"line":452,"column":10},"end":{"line":498,"column":null}}]},"35":{"loc":{"start":{"line":456,"column":22},"end":{"line":456,"column":null}},"type":"cond-expr","locations":[{"start":{"line":456,"column":37},"end":{"line":456,"column":46}},{"start":{"line":456,"column":46},"end":{"line":456,"column":null}}]},"36":{"loc":{"start":{"line":464,"column":28},"end":{"line":464,"column":null}},"type":"cond-expr","locations":[{"start":{"line":464,"column":43},"end":{"line":464,"column":66}},{"start":{"line":464,"column":66},"end":{"line":464,"column":null}}]},"37":{"loc":{"start":{"line":468,"column":17},"end":{"line":468,"column":null}},"type":"cond-expr","locations":[{"start":{"line":468,"column":32},"end":{"line":468,"column":49}},{"start":{"line":468,"column":49},"end":{"line":468,"column":null}}]},"38":{"loc":{"start":{"line":477,"column":22},"end":{"line":477,"column":null}},"type":"cond-expr","locations":[{"start":{"line":477,"column":43},"end":{"line":477,"column":52}},{"start":{"line":477,"column":52},"end":{"line":477,"column":null}}]},"39":{"loc":{"start":{"line":488,"column":17},"end":{"line":488,"column":null}},"type":"cond-expr","locations":[{"start":{"line":488,"column":38},"end":{"line":488,"column":55}},{"start":{"line":488,"column":55},"end":{"line":488,"column":null}}]},"40":{"loc":{"start":{"line":501,"column":6},"end":{"line":597,"column":null}},"type":"binary-expr","locations":[{"start":{"line":501,"column":6},"end":{"line":501,"column":null}},{"start":{"line":502,"column":8},"end":{"line":597,"column":null}}]}},"s":{"0":2,"1":2,"2":2,"3":2,"4":2,"5":2,"6":2,"7":2,"8":2,"9":2,"10":2,"11":2,"12":2,"13":2,"14":2,"15":2,"16":2,"17":2,"18":0,"19":0,"20":0,"21":0,"22":2,"23":0,"24":0,"25":0,"26":0,"27":2,"28":2,"29":2,"30":2,"31":0,"32":0,"33":0,"34":2,"35":2,"36":2,"37":1,"38":2,"39":0,"40":2,"41":0,"42":0,"43":0,"44":0,"45":0,"46":0,"47":2,"48":0,"49":0,"50":0,"51":0,"52":0,"53":0,"54":0,"55":0,"56":0,"57":0,"58":0,"59":0,"60":0,"61":0,"62":0,"63":0,"64":0,"65":0,"66":0,"67":0,"68":2,"69":0,"70":0,"71":0,"72":0,"73":0,"74":0,"75":0,"76":0,"77":0,"78":0,"79":0,"80":0,"81":2,"82":0,"83":0,"84":0,"85":0,"86":0,"87":2,"88":0,"89":0,"90":0,"91":2,"92":0,"93":0,"94":0,"95":0,"96":0,"97":0,"98":2,"99":2,"100":0,"101":0,"102":0,"103":0,"104":0,"105":0,"106":0,"107":0,"108":0,"109":0,"110":0,"111":2,"112":2,"113":2,"114":0,"115":0,"116":0,"117":0,"118":0,"119":0,"120":0,"121":0,"122":0,"123":0,"124":0,"125":0,"126":0,"127":0,"128":2,"129":2,"130":2,"131":0,"132":0,"133":0,"134":0,"135":2,"136":0,"137":0,"138":0,"139":0,"140":0,"141":0,"142":0,"143":0,"144":0,"145":0,"146":0,"147":0,"148":0,"149":0,"150":1,"151":1,"152":1,"153":1},"f":{"0":2,"1":2,"2":0,"3":0,"4":2,"5":0,"6":0,"7":1,"8":0,"9":0,"10":0,"11":0,"12":0,"13":0,"14":0,"15":0,"16":0,"17":0,"18":0,"19":0,"20":0,"21":0,"22":0,"23":2,"24":0,"25":0,"26":0,"27":0,"28":0,"29":0,"30":0,"31":0,"32":0,"33":0,"34":0,"35":0,"36":0,"37":0,"38":1},"b":{"0":[0],"1":[0],"2":[0,2],"3":[2],"4":[0],"5":[0],"6":[0],"7":[0],"8":[0],"9":[0,0],"10":[0,0],"11":[0],"12":[0,0],"13":[0],"14":[0,0],"15":[0,0],"16":[0],"17":[0],"18":[2],"19":[0],"20":[0],"21":[0],"22":[0],"23":[0,0,0,0,0],"24":[0,2],"25":[0,2],"26":[0],"27":[0,0],"28":[2,0],"29":[2,2],"30":[2,0],"31":[0,0],"32":[0],"33":[0,0],"34":[2,0],"35":[0,0],"36":[0,0],"37":[0,0],"38":[0,0],"39":[0,0],"40":[2,0]}}
,"D:/Alzhivida/proyecto/frontend/src/pages/Sessions.jsx": {"path":"D:/Alzhivida/proyecto/frontend/src/pages/Sessions.jsx","statementMap":{"0":{"start":{"line":2,"column":2},"end":{"line":2,"column":null}},"1":{"start":{"line":3,"column":1},"end":{"line":1,"column":32}},"2":{"start":{"line":1,"column":32},"end":{"line":1,"column":35}}},"fnMap":{"0":{"name":"Sessions","decl":{"start":{"line":1,"column":24},"end":{"line":1,"column":32}},"loc":{"start":{"line":1,"column":35},"end":{"line":3,"column":1}}}},"branchMap":{},"s":{"0":0,"1":1,"2":1},"f":{"0":0},"b":{}}
,"D:/Alzhivida/proyecto/frontend/src/routes/AppRoutes.jsx": {"path":"D:/Alzhivida/proyecto/frontend/src/routes/AppRoutes.jsx","statementMap":{"0":{"start":{"line":12,"column":2},"end":{"line":24,"column":null}},"1":{"start":{"line":26,"column":1},"end":{"line":11,"column":21}},"2":{"start":{"line":28,"column":25},"end":{"line":28,"column":null}}},"fnMap":{"0":{"name":"AppRoutes","decl":{"start":{"line":11,"column":9},"end":{"line":11,"column":21}},"loc":{"start":{"line":11,"column":21},"end":{"line":26,"column":1}}}},"branchMap":{},"s":{"0":2,"1":1,"2":1},"f":{"0":2},"b":{}}
,"D:/Alzhivida/proyecto/frontend/src/services/autenticacionService.js": {"path":"D:/Alzhivida/proyecto/frontend/src/services/autenticacionService.js","statementMap":{"0":{"start":{"line":3,"column":30},"end":{"line":5,"column":1}},"1":{"start":{"line":4,"column":2},"end":{"line":4,"column":68}},"2":{"start":{"line":7,"column":31},"end":{"line":9,"column":1}},"3":{"start":{"line":8,"column":4},"end":{"line":8,"column":83}},"4":{"start":{"line":11,"column":46},"end":{"line":13,"column":null}},"5":{"start":{"line":12,"column":2},"end":{"line":12,"column":71}}},"fnMap":{"0":{"name":"(anonymous_0)","decl":{"start":{"line":3,"column":30},"end":{"line":3,"column":31}},"loc":{"start":{"line":3,"column":41},"end":{"line":5,"column":1}}},"1":{"name":"(anonymous_1)","decl":{"start":{"line":7,"column":31},"end":{"line":7,"column":32}},"loc":{"start":{"line":7,"column":50},"end":{"line":9,"column":1}}},"2":{"name":"(anonymous_2)","decl":{"start":{"line":11,"column":46},"end":{"line":11,"column":47}},"loc":{"start":{"line":11,"column":56},"end":{"line":13,"column":null}}}},"branchMap":{},"s":{"0":1,"1":0,"2":1,"3":0,"4":1,"5":0},"f":{"0":0,"1":0,"2":0},"b":{}}
}
