TN:
SF:src\App.jsx
FN:4,App
FNF:1
FNH:1
FNDA:2,App
DA:5,2
DA:6,1
DA:8,1
LF:3
LH:3
BRF:0
BRH:0
end_of_record
TN:
SF:src\main.jsx
FNF:0
FNH:0
DA:10,1
DA:11,1
DA:12,1
DA:15,1
LF:4
LH:4
BRDA:10,0,0,1
BRF:1
BRH:1
end_of_record
TN:
SF:src\api\apiAutenticacion.js
FN:12,(anonymous_0)
FN:13,(anonymous_1)
FN:18,(anonymous_2)
FNF:3
FNH:0
FNDA:0,(anonymous_0)
FNDA:0,(anonymous_1)
FNDA:0,(anonymous_2)
DA:4,1
DA:11,1
DA:12,0
DA:14,0
DA:15,0
DA:17,0
DA:18,0
DA:19,0
DA:20,0
DA:21,0
DA:22,0
DA:23,0
DA:24,0
DA:25,0
DA:27,0
DA:31,0
DA:39,0
DA:42,0
DA:49,0
LF:19
LH:2
BRDA:14,0,0,0
BRDA:17,1,0,0
BRDA:17,2,0,0
BRDA:17,2,1,0
BRDA:19,3,0,0
BRDA:20,4,0,0
BRDA:21,5,0,0
BRDA:22,6,0,0
BRDA:23,7,0,0
BRDA:24,8,0,0
BRDA:25,9,0,0
BRF:11
BRH:0
end_of_record
TN:
SF:src\components\Input.jsx
FN:4,Input
FN:12,(anonymous_1)
FN:17,(anonymous_2)
FN:4,(anonymous_3)
FNF:4
FNH:0
FNDA:0,Input
FNDA:0,(anonymous_1)
FNDA:0,(anonymous_2)
FNDA:0,(anonymous_3)
DA:4,0
DA:9,1
DA:12,0
DA:13,0
DA:14,0
DA:17,0
DA:18,0
DA:22,0
DA:23,0
DA:25,0
DA:49,1
DA:51,1
LF:12
LH:3
BRDA:13,0,0,0
BRDA:13,1,0,0
BRDA:13,1,1,0
BRDA:14,2,0,0
BRDA:14,2,1,0
BRDA:33,3,0,0
BRDA:33,3,1,0
BRF:7
BRH:0
end_of_record
TN:
SF:src\layouts\Header.jsx
FN:8,Header
FN:29,(anonymous_1)
FN:60,(anonymous_2)
FN:77,(anonymous_3)
FNF:4
FNH:0
FNDA:0,Header
FNDA:0,(anonymous_1)
FNDA:0,(anonymous_2)
FNDA:0,(anonymous_3)
DA:8,1
DA:9,0
DA:11,0
DA:30,0
DA:60,0
DA:78,0
DA:110,1
DA:112,1
LF:8
LH:3
BRDA:63,0,0,0
BRDA:63,0,1,0
BRDA:69,1,0,0
BRDA:69,1,1,0
BRF:4
BRH:0
end_of_record
TN:
SF:src\layouts\HeaderMod.jsx
FN:14,HeaderMod
FN:35,(anonymous_1)
FN:66,(anonymous_2)
FN:83,(anonymous_3)
FNF:4
FNH:2
FNDA:2,HeaderMod
FNDA:10,(anonymous_1)
FNDA:0,(anonymous_2)
FNDA:0,(anonymous_3)
DA:14,2
DA:15,2
DA:17,2
DA:36,10
DA:66,0
DA:84,0
DA:116,1
DA:118,1
LF:8
LH:6
BRDA:69,0,0,0
BRDA:69,0,1,2
BRDA:75,1,0,2
BRDA:75,1,1,0
BRF:4
BRH:2
end_of_record
TN:
SF:src\pages\Home.jsx
FN:10,Counter
FN:12,(anonymous_1)
FN:15,(anonymous_2)
FN:24,(anonymous_3)
FN:31,Home
FN:55,(anonymous_5)
FN:251,(anonymous_6)
FN:258,(anonymous_7)
FNF:8
FNH:0
FNDA:0,Counter
FNDA:0,(anonymous_1)
FNDA:0,(anonymous_2)
FNDA:0,(anonymous_3)
FNDA:0,Home
FNDA:0,(anonymous_5)
FNDA:0,(anonymous_6)
FNDA:0,(anonymous_7)
DA:10,1
DA:11,0
DA:12,0
DA:13,0
DA:14,0
DA:15,0
DA:16,0
DA:17,0
DA:18,0
DA:19,0
DA:21,0
DA:24,0
DA:26,0
DA:27,1
DA:31,1
DA:32,0
DA:34,0
DA:55,0
DA:56,0
DA:60,0
DA:252,0
DA:258,0
DA:326,1
DA:328,2
LF:24
LH:5
BRDA:17,0,0,0
BRDA:17,0,1,0
BRDA:56,1,0,0
BRDA:56,1,1,0
BRDA:265,2,0,0
BRDA:265,2,1,0
BRDA:270,3,0,0
BRDA:270,3,1,0
BRF:8
BRH:0
end_of_record
TN:
SF:src\pages\Login.jsx
FN:6,Login
FN:6,(anonymous_1)
FNF:2
FNH:0
FNDA:0,Login
FNDA:0,(anonymous_1)
DA:6,0
DA:7,1
DA:9,0
DA:26,1
DA:28,1
LF:5
LH:3
BRF:0
BRH:0
end_of_record
TN:
SF:src\pages\NoEncontrado.jsx
FN:4,NoEncontrado
FNF:1
FNH:0
FNDA:0,NoEncontrado
DA:5,0
DA:19,1
DA:21,1
LF:3
LH:2
BRF:0
BRH:0
end_of_record
TN:
SF:src\pages\Register.jsx
FN:20,Register
FN:38,(anonymous_1)
FN:41,(anonymous_2)
FN:42,(anonymous_3)
FN:47,(anonymous_4)
FN:50,(anonymous_5)
FN:55,(anonymous_6)
FN:56,(anonymous_7)
FN:57,(anonymous_8)
FN:60,(anonymous_9)
FN:85,(anonymous_10)
FN:110,(anonymous_11)
FN:131,(anonymous_12)
FN:147,(anonymous_13)
FN:185,(anonymous_14)
FN:188,(anonymous_15)
FN:197,(anonymous_16)
FN:208,(anonymous_17)
FN:215,(anonymous_18)
FN:240,(anonymous_19)
FN:284,(anonymous_20)
FN:314,(anonymous_21)
FN:347,(anonymous_22)
FN:369,(anonymous_23)
FN:377,(anonymous_24)
FN:404,(anonymous_25)
FN:410,(anonymous_26)
FN:426,(anonymous_27)
FN:431,(anonymous_28)
FN:456,(anonymous_29)
FN:467,(anonymous_30)
FN:477,(anonymous_31)
FN:492,(anonymous_32)
FN:524,(anonymous_33)
FN:532,(anonymous_34)
FN:20,(anonymous_35)
FNF:36
FNH:5
FNDA:2,Register
FNDA:2,(anonymous_1)
FNDA:0,(anonymous_2)
FNDA:0,(anonymous_3)
FNDA:1,(anonymous_4)
FNDA:0,(anonymous_5)
FNDA:0,(anonymous_6)
FNDA:0,(anonymous_7)
FNDA:0,(anonymous_8)
FNDA:0,(anonymous_9)
FNDA:0,(anonymous_10)
FNDA:0,(anonymous_11)
FNDA:0,(anonymous_12)
FNDA:0,(anonymous_13)
FNDA:0,(anonymous_14)
FNDA:0,(anonymous_15)
FNDA:0,(anonymous_16)
FNDA:0,(anonymous_17)
FNDA:0,(anonymous_18)
FNDA:0,(anonymous_19)
FNDA:2,(anonymous_20)
FNDA:0,(anonymous_21)
FNDA:0,(anonymous_22)
FNDA:0,(anonymous_23)
FNDA:0,(anonymous_24)
FNDA:0,(anonymous_25)
FNDA:0,(anonymous_26)
FNDA:0,(anonymous_27)
FNDA:0,(anonymous_28)
FNDA:0,(anonymous_29)
FNDA:0,(anonymous_30)
FNDA:0,(anonymous_31)
FNDA:0,(anonymous_32)
FNDA:0,(anonymous_33)
FNDA:0,(anonymous_34)
FNDA:1,(anonymous_35)
DA:20,2
DA:21,2
DA:22,2
DA:23,2
DA:24,2
DA:25,2
DA:26,2
DA:27,2
DA:29,2
DA:30,2
DA:31,2
DA:32,2
DA:33,2
DA:34,2
DA:37,2
DA:38,2
DA:39,2
DA:40,2
DA:41,0
DA:42,0
DA:44,2
DA:45,2
DA:47,2
DA:50,2
DA:51,0
DA:55,2
DA:56,0
DA:57,0
DA:60,2
DA:61,0
DA:63,0
DA:64,0
DA:70,0
DA:73,0
DA:74,0
DA:75,0
DA:81,0
DA:84,0
DA:86,0
DA:88,0
DA:89,0
DA:96,0
DA:99,0
DA:106,0
DA:108,0
DA:111,0
DA:112,0
DA:119,0
DA:126,0
DA:131,2
DA:132,0
DA:135,0
DA:136,0
DA:143,0
DA:146,0
DA:147,0
DA:148,0
DA:149,0
DA:158,0
DA:167,0
DA:174,0
DA:175,0
DA:185,2
DA:186,0
DA:187,0
DA:189,0
DA:195,0
DA:198,0
DA:208,2
DA:209,0
DA:210,0
DA:211,0
DA:215,2
DA:216,0
DA:218,0
DA:219,0
DA:225,0
DA:226,0
DA:233,0
DA:238,2
DA:240,2
DA:241,0
DA:243,0
DA:244,0
DA:250,0
DA:253,0
DA:264,0
DA:265,0
DA:268,0
DA:270,0
DA:273,0
DA:274,0
DA:284,2
DA:285,2
DA:287,0
DA:288,0
DA:289,0
DA:290,0
DA:291,0
DA:293,0
DA:296,0
DA:298,0
DA:300,0
DA:302,0
DA:306,2
DA:308,2
DA:314,2
DA:315,0
DA:316,0
DA:317,0
DA:318,0
DA:323,2
DA:347,0
DA:369,0
DA:378,0
DA:404,0
DA:410,0
DA:426,0
DA:431,0
DA:456,0
DA:467,0
DA:477,0
DA:492,0
DA:524,0
DA:532,0
DA:548,1
DA:550,1
LF:127
LH:38
BRDA:40,0,0,0
BRDA:40,0,1,2
BRDA:44,1,0,2
BRDA:56,2,0,0
BRDA:57,3,0,0
BRDA:63,4,0,0
BRDA:74,5,0,0
BRDA:88,6,0,0
BRDA:111,7,0,0
BRDA:111,7,1,0
BRDA:111,8,0,0
BRDA:111,8,1,0
BRDA:135,9,0,0
BRDA:148,10,0,0
BRDA:148,10,1,0
BRDA:186,11,0,0
BRDA:218,12,0,0
BRDA:218,12,1,0
BRDA:225,13,0,0
BRDA:225,13,1,0
BRDA:243,14,0,0
BRDA:273,15,0,0
BRDA:285,16,0,2
BRDA:288,17,0,0
BRDA:289,18,0,0
BRDA:290,19,0,0
BRDA:291,20,0,0
BRDA:293,21,0,0
BRDA:293,21,1,0
BRDA:293,21,2,0
BRDA:293,21,3,0
BRDA:293,21,4,0
BRDA:308,22,0,0
BRDA:308,22,1,2
BRDA:310,23,0,0
BRDA:310,23,1,2
BRDA:315,24,0,0
BRDA:315,25,0,0
BRDA:315,25,1,0
BRDA:335,26,0,2
BRDA:335,26,1,2
BRDA:360,27,0,2
BRDA:360,27,1,0
BRDA:375,28,0,0
BRDA:375,28,1,0
BRDA:378,29,0,0
BRDA:381,30,0,0
BRDA:381,30,1,0
BRDA:395,31,0,2
BRDA:395,31,1,0
BRDA:400,32,0,0
BRDA:400,32,1,0
BRDA:409,33,0,0
BRDA:409,33,1,0
BRDA:413,34,0,0
BRDA:413,34,1,0
BRDA:422,35,0,0
BRDA:422,35,1,0
BRDA:434,36,0,0
BRDA:434,36,1,0
BRDA:447,37,0,2
BRDA:447,37,1,0
BRF:62
BRH:10
end_of_record
TN:
SF:src\pages\Sessions.jsx
FN:1,Sessions
FNF:1
FNH:0
FNDA:0,Sessions
DA:1,1
DA:2,0
DA:3,1
LF:3
LH:2
BRF:0
BRH:0
end_of_record
TN:
SF:src\routes\AppRoutes.jsx
FN:8,AppRoutes
FNF:1
FNH:1
FNDA:2,AppRoutes
DA:9,2
DA:20,1
DA:22,1
LF:3
LH:3
BRF:0
BRH:0
end_of_record
TN:
SF:src\services\autenticacionService.js
FN:3,(anonymous_0)
FN:7,(anonymous_1)
FN:11,(anonymous_2)
FNF:3
FNH:0
FNDA:0,(anonymous_0)
FNDA:0,(anonymous_1)
FNDA:0,(anonymous_2)
DA:3,1
DA:4,0
DA:7,1
DA:8,0
DA:11,1
DA:12,0
LF:6
LH:3
BRF:0
BRH:0
end_of_record
