TN:
SF:src\App.jsx
FN:4,App
FNF:1
FNH:1
FNDA:2,App
DA:5,2
DA:6,1
DA:8,1
LF:3
LH:3
BRF:0
BRH:0
end_of_record
TN:
SF:src\main.jsx
FNF:0
FNH:0
DA:10,1
DA:11,1
DA:12,1
DA:15,1
LF:4
LH:4
BRDA:10,0,0,1
BRF:1
BRH:1
end_of_record
TN:
SF:src\api\apiAutenticacion.js
FN:7,(anonymous_0)
FN:19,(anonymous_1)
FN:22,(anonymous_2)
FN:28,(anonymous_3)
FN:31,(anonymous_4)
FN:38,(anonymous_5)
FNF:6
FNH:1
FNDA:2,(anonymous_0)
FNDA:0,(anonymous_1)
FNDA:0,(anonymous_2)
FNDA:0,(anonymous_3)
FNDA:0,(anonymous_4)
FNDA:0,(anonymous_5)
DA:7,1
DA:8,2
DA:11,1
DA:19,1
DA:20,0
DA:21,0
DA:23,0
DA:24,0
DA:28,1
DA:29,0
DA:30,0
DA:32,0
DA:34,0
DA:35,0
DA:37,0
DA:38,0
DA:39,0
DA:40,0
DA:41,0
DA:42,0
DA:43,0
DA:44,0
DA:45,0
DA:47,0
DA:50,0
DA:58,0
DA:60,0
DA:66,0
LF:28
LH:5
BRDA:20,0,0,0
BRDA:23,1,0,0
BRDA:29,2,0,0
BRDA:32,3,0,0
BRDA:34,4,0,0
BRDA:37,5,0,0
BRDA:37,6,0,0
BRDA:37,6,1,0
BRDA:39,7,0,0
BRDA:40,8,0,0
BRDA:41,9,0,0
BRDA:42,10,0,0
BRDA:43,11,0,0
BRDA:44,12,0,0
BRDA:45,13,0,0
BRF:15
BRH:0
end_of_record
TN:
SF:src\components\Modal.jsx
FN:4,Modal
FNF:1
FNH:0
FNDA:0,Modal
DA:4,1
DA:5,0
DA:7,0
DA:49,1
DA:51,1
LF:5
LH:3
BRDA:4,0,0,0
BRF:1
BRH:0
end_of_record
TN:
SF:src\components\ModalEditPerfil.jsx
FN:6,ModalEditPerfil
FN:47,(anonymous_1)
FNF:2
FNH:0
FNDA:0,ModalEditPerfil
FNDA:0,(anonymous_1)
DA:6,1
DA:7,0
DA:9,0
DA:47,0
DA:100,1
LF:5
LH:2
BRF:0
BRH:0
end_of_record
TN:
SF:src\components\ModalModContrasena.jsx
FN:3,ModalModContrasena
FN:4,(anonymous_1)
FN:7,(anonymous_2)
FN:23,(anonymous_3)
FNF:4
FNH:0
FNDA:0,ModalModContrasena
FNDA:0,(anonymous_1)
FNDA:0,(anonymous_2)
FNDA:0,(anonymous_3)
DA:3,1
DA:4,0
DA:5,0
DA:7,0
DA:9,0
DA:10,0
DA:11,0
DA:15,0
DA:16,0
DA:17,0
DA:18,0
DA:22,0
DA:23,0
DA:26,0
DA:57,1
DA:59,1
LF:16
LH:3
BRDA:3,0,0,0
BRDA:10,1,0,0
BRDA:16,2,0,0
BRF:3
BRH:0
end_of_record
TN:
SF:src\layouts\Header.jsx
FN:8,Header
FN:29,(anonymous_1)
FN:60,(anonymous_2)
FN:77,(anonymous_3)
FNF:4
FNH:0
FNDA:0,Header
FNDA:0,(anonymous_1)
FNDA:0,(anonymous_2)
FNDA:0,(anonymous_3)
DA:8,1
DA:9,0
DA:11,0
DA:30,0
DA:60,0
DA:78,0
DA:110,1
DA:112,1
LF:8
LH:3
BRDA:63,0,0,0
BRDA:63,0,1,0
BRDA:69,1,0,0
BRDA:69,1,1,0
BRF:4
BRH:0
end_of_record
TN:
SF:src\layouts\HeaderMod.jsx
FN:14,HeaderMod
FN:35,(anonymous_1)
FN:66,(anonymous_2)
FN:83,(anonymous_3)
FNF:4
FNH:2
FNDA:2,HeaderMod
FNDA:10,(anonymous_1)
FNDA:0,(anonymous_2)
FNDA:0,(anonymous_3)
DA:14,2
DA:15,2
DA:17,2
DA:36,10
DA:66,0
DA:84,0
DA:116,1
DA:118,1
LF:8
LH:6
BRDA:69,0,0,0
BRDA:69,0,1,2
BRDA:75,1,0,2
BRDA:75,1,1,0
BRF:4
BRH:2
end_of_record
TN:
SF:src\layouts\HeaderPrincipal.jsx
FN:12,HeaderPrincipal
FN:21,(anonymous_1)
FN:37,(anonymous_2)
FN:69,(anonymous_3)
FN:88,(anonymous_4)
FN:102,(anonymous_5)
FN:127,(anonymous_6)
FN:135,(anonymous_7)
FN:166,(anonymous_8)
FN:186,(anonymous_9)
FN:203,(anonymous_10)
FN:219,(anonymous_11)
FN:246,(anonymous_12)
FNF:13
FNH:0
FNDA:0,HeaderPrincipal
FNDA:0,(anonymous_1)
FNDA:0,(anonymous_2)
FNDA:0,(anonymous_3)
FNDA:0,(anonymous_4)
FNDA:0,(anonymous_5)
FNDA:0,(anonymous_6)
FNDA:0,(anonymous_7)
FNDA:0,(anonymous_8)
FNDA:0,(anonymous_9)
FNDA:0,(anonymous_10)
FNDA:0,(anonymous_11)
FNDA:0,(anonymous_12)
DA:12,1
DA:13,0
DA:14,0
DA:15,0
DA:16,0
DA:17,0
DA:19,0
DA:21,0
DA:24,0
DA:25,0
DA:26,0
DA:28,0
DA:30,0
DA:31,0
DA:33,0
DA:37,0
DA:40,0
DA:41,0
DA:42,0
DA:44,0
DA:46,0
DA:47,0
DA:49,0
DA:53,0
DA:70,0
DA:88,0
DA:103,0
DA:127,0
DA:136,0
DA:137,0
DA:167,0
DA:168,0
DA:187,0
DA:203,0
DA:204,0
DA:220,0
DA:246,0
DA:271,1
DA:273,1
LF:39
LH:3
BRDA:24,0,0,0
BRDA:24,0,1,0
BRDA:25,1,0,0
BRDA:30,2,0,0
BRDA:40,3,0,0
BRDA:40,3,1,0
BRDA:41,4,0,0
BRDA:46,5,0,0
BRDA:90,6,0,0
BRDA:90,6,1,0
BRDA:129,7,0,0
BRDA:129,7,1,0
BRDA:176,8,0,0
BRDA:176,8,1,0
BRDA:208,9,0,0
BRDA:208,9,1,0
BRDA:213,10,0,0
BRDA:213,10,1,0
BRF:18
BRH:0
end_of_record
TN:
SF:src\layouts\Loading.jsx
FN:3,Loading
FNF:1
FNH:0
FNDA:0,Loading
DA:3,1
DA:4,0
DA:13,1
LF:3
LH:2
BRF:0
BRH:0
end_of_record
TN:
SF:src\layouts\Prueba.jsx
FN:5,Prueba
FNF:1
FNH:0
FNDA:0,Prueba
DA:6,0
DA:22,1
DA:24,1
LF:3
LH:2
BRF:0
BRH:0
end_of_record
TN:
SF:src\pages\Forgotten.jsx
FN:10,Forgotten
FN:22,(anonymous_1)
FN:24,(anonymous_2)
FN:24,(anonymous_3)
FN:25,(anonymous_4)
FN:29,(anonymous_5)
FN:35,(anonymous_6)
FN:42,(anonymous_7)
FN:50,(anonymous_8)
FN:59,(anonymous_9)
FN:70,(anonymous_10)
FN:98,(anonymous_11)
FN:121,(anonymous_12)
FN:137,(anonymous_13)
FN:158,(anonymous_14)
FN:163,(anonymous_15)
FN:178,(anonymous_16)
FN:183,(anonymous_17)
FN:10,(anonymous_18)
FNF:19
FNH:0
FNDA:0,Forgotten
FNDA:0,(anonymous_1)
FNDA:0,(anonymous_2)
FNDA:0,(anonymous_3)
FNDA:0,(anonymous_4)
FNDA:0,(anonymous_5)
FNDA:0,(anonymous_6)
FNDA:0,(anonymous_7)
FNDA:0,(anonymous_8)
FNDA:0,(anonymous_9)
FNDA:0,(anonymous_10)
FNDA:0,(anonymous_11)
FNDA:0,(anonymous_12)
FNDA:0,(anonymous_13)
FNDA:0,(anonymous_14)
FNDA:0,(anonymous_15)
FNDA:0,(anonymous_16)
FNDA:0,(anonymous_17)
FNDA:0,(anonymous_18)
DA:10,0
DA:11,0
DA:12,0
DA:13,0
DA:14,0
DA:15,0
DA:16,0
DA:17,0
DA:18,0
DA:19,0
DA:20,1
DA:22,0
DA:23,0
DA:24,0
DA:25,0
DA:29,0
DA:30,0
DA:31,0
DA:32,0
DA:35,0
DA:36,0
DA:37,0
DA:38,0
DA:39,0
DA:41,0
DA:42,0
DA:43,0
DA:44,0
DA:45,0
DA:46,0
DA:50,0
DA:51,0
DA:52,0
DA:53,0
DA:54,0
DA:56,0
DA:59,0
DA:60,0
DA:61,0
DA:62,0
DA:63,0
DA:65,0
DA:66,0
DA:67,0
DA:69,0
DA:70,0
DA:71,0
DA:72,0
DA:73,0
DA:77,0
DA:98,0
DA:121,0
DA:137,0
DA:158,0
DA:163,0
DA:178,0
DA:183,0
DA:211,1
DA:213,1
LF:59
LH:3
BRDA:23,0,0,0
BRDA:23,1,0,0
BRDA:23,1,1,0
BRDA:37,2,0,0
BRDA:52,3,0,0
BRDA:61,4,0,0
BRDA:61,5,0,0
BRDA:61,5,1,0
BRDA:65,6,0,0
BRDA:81,7,0,0
BRDA:81,7,1,0
BRDA:88,8,0,0
BRDA:88,8,1,0
BRDA:113,9,0,0
BRDA:113,9,1,0
BRDA:135,10,0,0
BRDA:135,10,1,0
BRDA:149,11,0,0
BRDA:149,11,1,0
BRDA:156,12,0,0
BRDA:156,12,1,0
BRDA:166,13,0,0
BRDA:166,13,1,0
BRDA:176,14,0,0
BRDA:176,14,1,0
BRDA:186,15,0,0
BRDA:186,15,1,0
BRF:27
BRH:0
end_of_record
TN:
SF:src\pages\Home.jsx
FN:11,Counter
FN:13,(anonymous_1)
FN:16,(anonymous_2)
FN:25,(anonymous_3)
FN:32,Home
FN:56,(anonymous_5)
FN:258,(anonymous_6)
FN:265,(anonymous_7)
FNF:8
FNH:0
FNDA:0,Counter
FNDA:0,(anonymous_1)
FNDA:0,(anonymous_2)
FNDA:0,(anonymous_3)
FNDA:0,Home
FNDA:0,(anonymous_5)
FNDA:0,(anonymous_6)
FNDA:0,(anonymous_7)
DA:11,1
DA:12,0
DA:13,0
DA:14,0
DA:15,0
DA:16,0
DA:17,0
DA:18,0
DA:19,0
DA:20,0
DA:22,0
DA:25,0
DA:27,0
DA:28,1
DA:32,1
DA:33,0
DA:35,0
DA:56,0
DA:57,0
DA:61,0
DA:259,0
DA:265,0
DA:333,1
DA:335,2
LF:24
LH:5
BRDA:18,0,0,0
BRDA:18,0,1,0
BRDA:57,1,0,0
BRDA:57,1,1,0
BRDA:272,2,0,0
BRDA:272,2,1,0
BRDA:277,3,0,0
BRDA:277,3,1,0
BRF:8
BRH:0
end_of_record
TN:
SF:src\pages\Login.jsx
FN:11,Login
FN:18,(anonymous_1)
FN:32,(anonymous_2)
FN:79,(anonymous_3)
FN:93,(anonymous_4)
FN:98,(anonymous_5)
FN:11,(anonymous_6)
FNF:7
FNH:0
FNDA:0,Login
FNDA:0,(anonymous_1)
FNDA:0,(anonymous_2)
FNDA:0,(anonymous_3)
FNDA:0,(anonymous_4)
FNDA:0,(anonymous_5)
FNDA:0,(anonymous_6)
DA:11,0
DA:12,0
DA:13,0
DA:14,0
DA:15,0
DA:16,1
DA:18,0
DA:19,0
DA:21,0
DA:22,0
DA:27,0
DA:30,0
DA:31,0
DA:32,0
DA:33,0
DA:34,0
DA:39,0
DA:41,0
DA:48,0
DA:49,0
DA:55,0
DA:59,0
DA:79,0
DA:93,0
DA:98,0
DA:131,1
DA:133,1
LF:27
LH:3
BRDA:21,0,0,0
BRDA:21,1,0,0
BRDA:21,1,1,0
BRDA:33,2,0,0
BRDA:33,2,1,0
BRDA:33,3,0,0
BRDA:33,3,1,0
BRDA:61,4,0,0
BRDA:61,4,1,0
BRDA:90,5,0,0
BRDA:90,5,1,0
BRDA:100,6,0,0
BRDA:100,6,1,0
BRF:13
BRH:0
end_of_record
TN:
SF:src\pages\NoEncontrado.jsx
FN:4,NoEncontrado
FNF:1
FNH:0
FNDA:0,NoEncontrado
DA:5,0
DA:19,1
DA:21,1
LF:3
LH:2
BRF:0
BRH:0
end_of_record
TN:
SF:src\pages\Principal.jsx
FN:5,Principal
FNF:1
FNH:0
FNDA:0,Principal
DA:6,0
DA:30,1
DA:32,1
LF:3
LH:2
BRF:0
BRH:0
end_of_record
TN:
SF:src\pages\Register.jsx
FN:23,Register
FN:41,(anonymous_1)
FN:47,(anonymous_2)
FN:61,(anonymous_3)
FN:77,(anonymous_4)
FN:80,(anonymous_5)
FN:81,(anonymous_6)
FN:86,(anonymous_7)
FN:89,(anonymous_8)
FN:94,(anonymous_9)
FN:95,(anonymous_10)
FN:96,(anonymous_11)
FN:99,(anonymous_12)
FN:124,(anonymous_13)
FN:149,(anonymous_14)
FN:170,(anonymous_15)
FN:186,(anonymous_16)
FN:224,(anonymous_17)
FN:227,(anonymous_18)
FN:236,(anonymous_19)
FN:247,(anonymous_20)
FN:254,(anonymous_21)
FN:279,(anonymous_22)
FN:323,(anonymous_23)
FN:353,(anonymous_24)
FN:390,(anonymous_25)
FN:422,(anonymous_26)
FN:430,(anonymous_27)
FN:460,(anonymous_28)
FN:465,(anonymous_29)
FN:481,(anonymous_30)
FN:485,(anonymous_31)
FN:510,(anonymous_32)
FN:521,(anonymous_33)
FN:531,(anonymous_34)
FN:546,(anonymous_35)
FN:578,(anonymous_36)
FN:586,(anonymous_37)
FN:23,(anonymous_38)
FNF:39
FNH:6
FNDA:2,Register
FNDA:2,(anonymous_1)
FNDA:0,(anonymous_2)
FNDA:0,(anonymous_3)
FNDA:2,(anonymous_4)
FNDA:0,(anonymous_5)
FNDA:0,(anonymous_6)
FNDA:1,(anonymous_7)
FNDA:0,(anonymous_8)
FNDA:0,(anonymous_9)
FNDA:0,(anonymous_10)
FNDA:0,(anonymous_11)
FNDA:0,(anonymous_12)
FNDA:0,(anonymous_13)
FNDA:0,(anonymous_14)
FNDA:0,(anonymous_15)
FNDA:0,(anonymous_16)
FNDA:0,(anonymous_17)
FNDA:0,(anonymous_18)
FNDA:0,(anonymous_19)
FNDA:0,(anonymous_20)
FNDA:0,(anonymous_21)
FNDA:0,(anonymous_22)
FNDA:2,(anonymous_23)
FNDA:0,(anonymous_24)
FNDA:0,(anonymous_25)
FNDA:0,(anonymous_26)
FNDA:0,(anonymous_27)
FNDA:0,(anonymous_28)
FNDA:0,(anonymous_29)
FNDA:0,(anonymous_30)
FNDA:0,(anonymous_31)
FNDA:0,(anonymous_32)
FNDA:0,(anonymous_33)
FNDA:0,(anonymous_34)
FNDA:0,(anonymous_35)
FNDA:0,(anonymous_36)
FNDA:0,(anonymous_37)
FNDA:1,(anonymous_38)
DA:23,2
DA:24,2
DA:25,2
DA:26,2
DA:27,2
DA:28,2
DA:29,2
DA:30,2
DA:32,2
DA:33,2
DA:34,2
DA:35,2
DA:36,2
DA:37,2
DA:38,2
DA:41,2
DA:42,2
DA:47,2
DA:48,0
DA:49,0
DA:55,0
DA:58,0
DA:61,2
DA:62,0
DA:63,0
DA:69,0
DA:72,0
DA:76,2
DA:77,2
DA:78,2
DA:79,2
DA:80,0
DA:81,0
DA:83,2
DA:84,2
DA:86,2
DA:89,2
DA:90,0
DA:94,2
DA:95,0
DA:96,0
DA:99,2
DA:100,0
DA:102,0
DA:103,0
DA:109,0
DA:112,0
DA:113,0
DA:114,0
DA:120,0
DA:123,0
DA:125,0
DA:127,0
DA:128,0
DA:135,0
DA:138,0
DA:145,0
DA:147,0
DA:150,0
DA:151,0
DA:158,0
DA:165,0
DA:170,2
DA:171,0
DA:174,0
DA:175,0
DA:182,0
DA:185,0
DA:186,0
DA:187,0
DA:188,0
DA:197,0
DA:206,0
DA:213,0
DA:214,0
DA:224,2
DA:225,0
DA:226,0
DA:228,0
DA:234,0
DA:237,0
DA:247,2
DA:248,0
DA:249,0
DA:250,0
DA:254,2
DA:255,0
DA:257,0
DA:258,0
DA:264,0
DA:265,0
DA:272,0
DA:277,2
DA:279,2
DA:280,0
DA:282,0
DA:283,0
DA:289,0
DA:292,0
DA:303,0
DA:304,0
DA:307,0
DA:309,0
DA:312,0
DA:313,0
DA:323,2
DA:324,2
DA:326,0
DA:327,0
DA:328,0
DA:329,0
DA:330,0
DA:332,0
DA:335,0
DA:337,0
DA:339,0
DA:341,0
DA:345,2
DA:347,2
DA:353,2
DA:354,0
DA:355,0
DA:356,0
DA:357,0
DA:362,2
DA:390,0
DA:422,0
DA:431,0
DA:460,0
DA:465,0
DA:481,0
DA:485,0
DA:510,0
DA:521,0
DA:531,0
DA:546,0
DA:578,0
DA:586,0
DA:602,1
DA:604,1
LF:140
LH:43
BRDA:48,0,0,0
BRDA:62,1,0,0
BRDA:79,2,0,0
BRDA:79,2,1,2
BRDA:83,3,0,2
BRDA:95,4,0,0
BRDA:96,5,0,0
BRDA:102,6,0,0
BRDA:113,7,0,0
BRDA:127,8,0,0
BRDA:150,9,0,0
BRDA:150,9,1,0
BRDA:150,10,0,0
BRDA:150,10,1,0
BRDA:174,11,0,0
BRDA:187,12,0,0
BRDA:187,12,1,0
BRDA:225,13,0,0
BRDA:257,14,0,0
BRDA:257,14,1,0
BRDA:264,15,0,0
BRDA:264,15,1,0
BRDA:282,16,0,0
BRDA:312,17,0,0
BRDA:324,18,0,2
BRDA:327,19,0,0
BRDA:328,20,0,0
BRDA:329,21,0,0
BRDA:330,22,0,0
BRDA:332,23,0,0
BRDA:332,23,1,0
BRDA:332,23,2,0
BRDA:332,23,3,0
BRDA:332,23,4,0
BRDA:347,24,0,0
BRDA:347,24,1,2
BRDA:349,25,0,0
BRDA:349,25,1,2
BRDA:354,26,0,0
BRDA:354,27,0,0
BRDA:354,27,1,0
BRDA:364,28,0,2
BRDA:364,28,1,0
BRDA:376,29,0,2
BRDA:376,29,1,2
BRDA:413,30,0,2
BRDA:413,30,1,0
BRDA:428,31,0,0
BRDA:428,31,1,0
BRDA:431,32,0,0
BRDA:434,33,0,0
BRDA:434,33,1,0
BRDA:451,34,0,2
BRDA:451,34,1,0
BRDA:456,35,0,0
BRDA:456,35,1,0
BRDA:464,36,0,0
BRDA:464,36,1,0
BRDA:468,37,0,0
BRDA:468,37,1,0
BRDA:477,38,0,0
BRDA:477,38,1,0
BRDA:488,39,0,0
BRDA:488,39,1,0
BRDA:501,40,0,2
BRDA:501,40,1,0
BRF:66
BRH:11
end_of_record
TN:
SF:src\pages\Sessions.jsx
FN:1,Sessions
FNF:1
FNH:0
FNDA:0,Sessions
DA:1,1
DA:2,0
DA:3,1
LF:3
LH:2
BRF:0
BRH:0
end_of_record
TN:
SF:src\routes\AppRoutes.jsx
FN:11,AppRoutes
FNF:1
FNH:1
FNDA:2,AppRoutes
DA:12,2
DA:26,1
DA:28,1
LF:3
LH:3
BRF:0
BRH:0
end_of_record
TN:
SF:src\services\autenticacionService.js
FN:3,(anonymous_0)
FN:7,(anonymous_1)
FN:11,(anonymous_2)
FNF:3
FNH:0
FNDA:0,(anonymous_0)
FNDA:0,(anonymous_1)
FNDA:0,(anonymous_2)
DA:3,1
DA:4,0
DA:7,1
DA:8,0
DA:11,1
DA:12,0
LF:6
LH:3
BRF:0
BRH:0
end_of_record
