{
  "D:/Alzhivida/proyecto/frontend/src/layouts/Header.jsx": {
    "path": "D:/Alzhivida/proyecto/frontend/src/layouts/Header.jsx",
    "statementMap": {
      "0": {
        "start": {
          "line": 3,
          "column": 20
        },
        "end": {
          "line": 3,
          "column": 97
        }
      },
      "1": {
        "start": {
          "line": 6,
          "column": 0
        },
        "end": {
          "line": 16,
          "column": 1
        }
      },
      "2": {
        "start": {
          "line": 7,
          "column": 2
        },
        "end": {
          "line": 11,
          "column": 3
        }
      },
      "3": {
        "start": {
          "line": 8,
          "column": 4
        },
        "end": {
          "line": 10,
          "column": 6
        }
      },
      "4": {
        "start": {
          "line": 12,
          "column": 2
        },
        "end": {
          "line": 12,
          "column": 39
        }
      },
      "5": {
        "start": {
          "line": 13,
          "column": 2
        },
        "end": {
          "line": 13,
          "column": 39
        }
      },
      "6": {
        "start": {
          "line": 14,
          "column": 2
        },
        "end": {
          "line": 14,
          "column": 110
        }
      },
      "7": {
        "start": {
          "line": 15,
          "column": 2
        },
        "end": {
          "line": 15,
          "column": 75
        }
      },
      "8": {
        "start": {
          "line": 17,
          "column": 9
        },
        "end": {
          "line": 17,
          "column": 23
        }
      },
      "9": {
        "start": {
          "line": 25,
          "column": 2
        },
        "end": {
          "line": 25,
          "column": 7
        }
      },
      "10": {
        "start": {
          "line": 26,
          "column": 30
        },
        "end": {
          "line": 26,
          "column": 45
        }
      },
      "11": {
        "start": {
          "line": 27,
          "column": 2
        },
        "end": {
          "line": 221,
          "column": 11
        }
      },
      "12": {
        "start": {
          "line": 52,
          "column": 41
        },
        "end": {
          "line": 74,
          "column": 9
        }
      },
      "13": {
        "start": {
          "line": 122,
          "column": 25
        },
        "end": {
          "line": 122,
          "column": 43
        }
      },
      "14": {
        "start": {
          "line": 152,
          "column": 41
        },
        "end": {
          "line": 167,
          "column": 9
        }
      },
      "15": {
        "start": {
          "line": 223,
          "column": 0
        },
        "end": {
          "line": 223,
          "column": 43
        }
      },
      "16": {
        "start": {
          "line": 224,
          "column": 0
        },
        "end": {
          "line": 224,
          "column": 12
        }
      },
      "17": {
        "start": {
          "line": 227,
          "column": 0
        },
        "end": {
          "line": 227,
          "column": 27
        }
      },
      "18": {
        "start": {
          "line": 228,
          "column": 0
        },
        "end": {
          "line": 231,
          "column": 1
        }
      },
      "19": {
        "start": {
          "line": 229,
          "column": 2
        },
        "end": {
          "line": 229,
          "column": 39
        }
      },
      "20": {
        "start": {
          "line": 230,
          "column": 2
        },
        "end": {
          "line": 230,
          "column": 39
        }
      },
      "21": {
        "start": {
          "line": 232,
          "column": 0
        },
        "end": {
          "line": 241,
          "column": 1
        }
      },
      "22": {
        "start": {
          "line": 233,
          "column": 2
        },
        "end": {
          "line": 240,
          "column": 5
        }
      },
      "23": {
        "start": {
          "line": 234,
          "column": 4
        },
        "end": {
          "line": 234,
          "column": 123
        }
      },
      "24": {
        "start": {
          "line": 235,
          "column": 4
        },
        "end": {
          "line": 239,
          "column": 7
        }
      },
      "25": {
        "start": {
          "line": 236,
          "column": 6
        },
        "end": {
          "line": 236,
          "column": 31
        }
      },
      "26": {
        "start": {
          "line": 236,
          "column": 24
        },
        "end": {
          "line": 236,
          "column": 31
        }
      },
      "27": {
        "start": {
          "line": 237,
          "column": 32
        },
        "end": {
          "line": 237,
          "column": 172
        }
      },
      "28": {
        "start": {
          "line": 238,
          "column": 6
        },
        "end": {
          "line": 238,
          "column": 75
        }
      },
      "29": {
        "start": {
          "line": 238,
          "column": 29
        },
        "end": {
          "line": 238,
          "column": 75
        }
      }
    },
    "fnMap": {
      "0": {
        "name": "Header",
        "decl": {
          "start": {
            "line": 24,
            "column": 9
          },
          "end": {
            "line": 24,
            "column": 15
          }
        },
        "loc": {
          "start": {
            "line": 24,
            "column": 18
          },
          "end": {
            "line": 222,
            "column": 1
          }
        },
        "line": 24
      },
      "1": {
        "name": "(anonymous_1)",
        "decl": {
          "start": {
            "line": 52,
            "column": 8
          },
          "end": {
            "line": 52,
            "column": 9
          }
        },
        "loc": {
          "start": {
            "line": 52,
            "column": 41
          },
          "end": {
            "line": 74,
            "column": 9
          }
        },
        "line": 52
      },
      "2": {
        "name": "(anonymous_2)",
        "decl": {
          "start": {
            "line": 122,
            "column": 19
          },
          "end": {
            "line": 122,
            "column": 20
          }
        },
        "loc": {
          "start": {
            "line": 122,
            "column": 25
          },
          "end": {
            "line": 122,
            "column": 43
          }
        },
        "line": 122
      },
      "3": {
        "name": "(anonymous_3)",
        "decl": {
          "start": {
            "line": 152,
            "column": 8
          },
          "end": {
            "line": 152,
            "column": 9
          }
        },
        "loc": {
          "start": {
            "line": 152,
            "column": 41
          },
          "end": {
            "line": 167,
            "column": 9
          }
        },
        "line": 152
      },
      "4": {
        "name": "(anonymous_4)",
        "decl": {
          "start": {
            "line": 233,
            "column": 52
          },
          "end": {
            "line": 233,
            "column": 53
          }
        },
        "loc": {
          "start": {
            "line": 233,
            "column": 72
          },
          "end": {
            "line": 240,
            "column": 3
          }
        },
        "line": 233
      },
      "5": {
        "name": "(anonymous_5)",
        "decl": {
          "start": {
            "line": 235,
            "column": 27
          },
          "end": {
            "line": 235,
            "column": 28
          }
        },
        "loc": {
          "start": {
            "line": 235,
            "column": 44
          },
          "end": {
            "line": 239,
            "column": 5
          }
        },
        "line": 235
      }
    },
    "branchMap": {
      "0": {
        "loc": {
          "start": {
            "line": 3,
            "column": 20
          },
          "end": {
            "line": 3,
            "column": 97
          }
        },
        "type": "binary-expr",
        "locations": [
          {
            "start": {
              "line": 3,
              "column": 20
            },
            "end": {
              "line": 3,
              "column": 60
            }
          },
          {
            "start": {
              "line": 3,
              "column": 64
            },
            "end": {
              "line": 3,
              "column": 97
            }
          }
        ],
        "line": 3
      },
      "1": {
        "loc": {
          "start": {
            "line": 6,
            "column": 0
          },
          "end": {
            "line": 16,
            "column": 1
          }
        },
        "type": "if",
        "locations": [
          {
            "start": {
              "line": 6,
              "column": 0
            },
            "end": {
              "line": 16,
              "column": 1
            }
          },
          {
            "start": {},
            "end": {}
          }
        ],
        "line": 6
      },
      "2": {
        "loc": {
          "start": {
            "line": 6,
            "column": 4
          },
          "end": {
            "line": 6,
            "column": 35
          }
        },
        "type": "binary-expr",
        "locations": [
          {
            "start": {
              "line": 6,
              "column": 4
            },
            "end": {
              "line": 6,
              "column": 19
            }
          },
          {
            "start": {
              "line": 6,
              "column": 23
            },
            "end": {
              "line": 6,
              "column": 35
            }
          }
        ],
        "line": 6
      },
      "3": {
        "loc": {
          "start": {
            "line": 7,
            "column": 2
          },
          "end": {
            "line": 11,
            "column": 3
          }
        },
        "type": "if",
        "locations": [
          {
            "start": {
              "line": 7,
              "column": 2
            },
            "end": {
              "line": 11,
              "column": 3
            }
          },
          {
            "start": {},
            "end": {}
          }
        ],
        "line": 7
      },
      "4": {
        "loc": {
          "start": {
            "line": 124,
            "column": 68
          },
          "end": {
            "line": 124,
            "column": 93
          }
        },
        "type": "cond-expr",
        "locations": [
          {
            "start": {
              "line": 124,
              "column": 77
            },
            "end": {
              "line": 124,
              "column": 84
            }
          },
          {
            "start": {
              "line": 124,
              "column": 87
            },
            "end": {
              "line": 124,
              "column": 93
            }
          }
        ],
        "line": 124
      },
      "5": {
        "loc": {
          "start": {
            "line": 144,
            "column": 4
          },
          "end": {
            "line": 216,
            "column": 12
          }
        },
        "type": "binary-expr",
        "locations": [
          {
            "start": {
              "line": 144,
              "column": 4
            },
            "end": {
              "line": 144,
              "column": 10
            }
          },
          {
            "start": {
              "line": 144,
              "column": 30
            },
            "end": {
              "line": 216,
              "column": 12
            }
          }
        ],
        "line": 144
      },
      "6": {
        "loc": {
          "start": {
            "line": 228,
            "column": 0
          },
          "end": {
            "line": 231,
            "column": 1
          }
        },
        "type": "if",
        "locations": [
          {
            "start": {
              "line": 228,
              "column": 0
            },
            "end": {
              "line": 231,
              "column": 1
            }
          },
          {
            "start": {},
            "end": {}
          }
        ],
        "line": 228
      },
      "7": {
        "loc": {
          "start": {
            "line": 228,
            "column": 4
          },
          "end": {
            "line": 228,
            "column": 35
          }
        },
        "type": "binary-expr",
        "locations": [
          {
            "start": {
              "line": 228,
              "column": 4
            },
            "end": {
              "line": 228,
              "column": 19
            }
          },
          {
            "start": {
              "line": 228,
              "column": 23
            },
            "end": {
              "line": 228,
              "column": 35
            }
          }
        ],
        "line": 228
      },
      "8": {
        "loc": {
          "start": {
            "line": 232,
            "column": 0
          },
          "end": {
            "line": 241,
            "column": 1
          }
        },
        "type": "if",
        "locations": [
          {
            "start": {
              "line": 232,
              "column": 0
            },
            "end": {
              "line": 241,
              "column": 1
            }
          },
          {
            "start": {},
            "end": {}
          }
        ],
        "line": 232
      },
      "9": {
        "loc": {
          "start": {
            "line": 232,
            "column": 4
          },
          "end": {
            "line": 232,
            "column": 35
          }
        },
        "type": "binary-expr",
        "locations": [
          {
            "start": {
              "line": 232,
              "column": 4
            },
            "end": {
              "line": 232,
              "column": 19
            }
          },
          {
            "start": {
              "line": 232,
              "column": 23
            },
            "end": {
              "line": 232,
              "column": 35
            }
          }
        ],
        "line": 232
      },
      "10": {
        "loc": {
          "start": {
            "line": 236,
            "column": 6
          },
          "end": {
            "line": 236,
            "column": 31
          }
        },
        "type": "if",
        "locations": [
          {
            "start": {
              "line": 236,
              "column": 6
            },
            "end": {
              "line": 236,
              "column": 31
            }
          },
          {
            "start": {},
            "end": {}
          }
        ],
        "line": 236
      },
      "11": {
        "loc": {
          "start": {
            "line": 238,
            "column": 6
          },
          "end": {
            "line": 238,
            "column": 75
          }
        },
        "type": "if",
        "locations": [
          {
            "start": {
              "line": 238,
              "column": 6
            },
            "end": {
              "line": 238,
              "column": 75
            }
          },
          {
            "start": {},
            "end": {}
          }
        ],
        "line": 238
      }
    },
    "s": {
      "0": 1,
      "1": 1,
      "2": 1,
      "3": 0,
      "4": 1,
      "5": 1,
      "6": 1,
      "7": 1,
      "8": 1,
      "9": 0,
      "10": 0,
      "11": 0,
      "12": 0,
      "13": 0,
      "14": 0,
      "15": 1,
      "16": 1,
      "17": 1,
      "18": 1,
      "19": 1,
      "20": 1,
      "21": 1,
      "22": 1,
      "23": 1,
      "24": 1,
      "25": 0,
      "26": 0,
      "27": 0,
      "28": 0,
      "29": 0
    },
    "f": {
      "0": 0,
      "1": 0,
      "2": 0,
      "3": 0,
      "4": 1,
      "5": 0
    },
    "b": {
      "0": [
        1,
        0
      ],
      "1": [
        1,
        0
      ],
      "2": [
        1,
        1
      ],
      "3": [
        0,
        1
      ],
      "4": [
        0,
        0
      ],
      "5": [
        0,
        0
      ],
      "6": [
        1,
        0
      ],
      "7": [
        1,
        1
      ],
      "8": [
        1,
        0
      ],
      "9": [
        1,
        1
      ],
      "10": [
        0,
        0
      ],
      "11": [
        0,
        0
      ]
    },
    "inputSourceMap": {
      "version": 3,
      "mappings": "AAgBU;;;;;;;;;;;;;;;;;AAhBV,SAASA,gBAAgB;AACzB,SAASC,YAAY;AACrB,SAASC,uBAAuB;AAChC,OAAO;AACP,SAASC,QAAQC,eAAe;AAChC,OAAOC,mBAAmB;AAE1B,SAASC,SAAU;AAAAC,KAAA;AACjB,QAAM,CAACC,QAAQC,SAAS,IAAIT,SAAS,KAAK;AAE1C,SACE,uBAAC,SAAI,WAAU,kFACb;AAAA,2BAAC,SAAI,WAAU,oEAGb;AAAA,6BAAC,QAAK,IAAG,KAAI,WAAU,gCACrB;AAAA,+BAAC,SAAI,KAAKK,eAAe,KAAI,QAAO,WAAU,qBAA9C;AAAA;AAAA;AAAA;AAAA,eAA+D;AAAA,QAC/D,uBAAC,SAAI,WAAU,qCAAoC,yBAAnD;AAAA;AAAA;AAAA;AAAA,eAA4D;AAAA,WAF9D;AAAA;AAAA;AAAA;AAAA,aAGA;AAAA,MAGA,uBAAC,SAAI,WAAU,+EACZ;AAAA,QACD,EAAEK,QAAQ,YAAYC,QAAQ,YAAY;AAAA,QAC1C,EAAED,QAAQ,eAAeC,QAAQ,eAAe;AAAA,QAChD,EAAED,QAAQ,WAAWC,QAAQ,WAAW;AAAA,QACxC,EAAED,QAAQ,aAAaC,QAAQ,aAAa;AAAA,QAC5C,EAAED,QAAQ,YAAYC,QAAQ,YAAY;AAAA,MAAC,EAC3CC;AAAAA,QAAI,CAACC,MAAMC,UACX;AAAA,UAAC;AAAA;AAAA,YAEC,MAAMD,KAAKF;AAAAA,YACX,WAAU;AAAA,YAETE;AAAAA,mBAAKH;AAAAA,cACN,uBAAC,UAAK,WAAU,qGAAhB;AAAA;AAAA;AAAA;AAAA,qBAAkH;AAAA;AAAA;AAAA,UAL7GI;AAAAA,UADP;AAAA;AAAA;AAAA;AAAA;AAAA;AAAA;AAAA,QAOA;AAAA,MACT,KAhBO;AAAA;AAAA;AAAA;AAAA,aAiBA;AAAA,MAGA,uBAAC,SAAI,WAAU,2EACb;AAAA;AAAA,UAAC;AAAA;AAAA,YACC,IAAG;AAAA,YACH,WAAU;AAAA,YAAiK;AAAA;AAAA,UAF7K;AAAA;AAAA;AAAA;AAAA;AAAA;AAAA;AAAA;AAAA,QAKA;AAAA,QACA;AAAA,UAAC;AAAA;AAAA,YACC,IAAG;AAAA,YACH,WAAU;AAAA,YAA6I;AAAA;AAAA,UAFzJ;AAAA;AAAA;AAAA;AAAA;AAAA;AAAA;AAAA;AAAA,QAKA;AAAA,WAZF;AAAA;AAAA;AAAA;AAAA,aAaA;AAAA,MAGA;AAAA,QAAC;AAAA;AAAA,UACC,WAAU;AAAA,UACV,SAAS,MAAML,UAAU,CAACD,MAAM;AAAA,UAChC,cAAW;AAAA,UAEX,iCAAC,mBAAgB,MAAMA,SAASJ,UAAUD,QAAQ,MAAK,QAAvD;AAAA;AAAA;AAAA;AAAA,iBAA2D;AAAA;AAAA,QAL7D;AAAA;AAAA;AAAA;AAAA;AAAA;AAAA;AAAA;AAAA,MAMA;AAAA,SAnDF;AAAA;AAAA;AAAA;AAAA,WAoDA;AAAA,IAIKK,UACL,uBAAC,SAAI,WAAU,2GACZ;AAAA;AAAA,QACC,EAAEE,QAAQ,YAAYC,QAAQ,YAAY;AAAA,QAC1C,EAAED,QAAQ,eAAeC,QAAQ,eAAe;AAAA,QAChD,EAAED,QAAQ,WAAWC,QAAQ,WAAW;AAAA,QACxC,EAAED,QAAQ,aAAaC,QAAQ,aAAa;AAAA,QAC5C,EAAED,QAAQ,YAAYC,QAAQ,YAAY;AAAA,MAAC,EAC3CC;AAAAA,QAAI,CAACC,MAAMC,UACX;AAAA,UAAC;AAAA;AAAA,YAEC,MAAMD,KAAKF;AAAAA,YACX,WAAU;AAAA,YAGTE,eAAKH;AAAAA;AAAAA,UALDI;AAAAA,UADP;AAAA;AAAA;AAAA;AAAA;AAAA;AAAA;AAAA,QAOA;AAAA,MACD;AAAA,MACF,uBAAC,QAAG,WAAU,2CAAd;AAAA;AAAA;AAAA;AAAA,aAAqD;AAAA,MAEtD,uBAAC,SAAI,WAAU,8BACb;AAAA;AAAA,UAAC;AAAA;AAAA,YACC,IAAG;AAAA,YACH,WAAU;AAAA,YACsG;AAAA;AAAA,UAHlH;AAAA;AAAA;AAAA;AAAA;AAAA;AAAA;AAAA;AAAA,QAMA;AAAA,QACA;AAAA,UAAC;AAAA;AAAA,YACC,IAAG;AAAA,YACH,WAAU;AAAA,YACqF;AAAA;AAAA,UAHjG;AAAA;AAAA;AAAA;AAAA;AAAA;AAAA;AAAA;AAAA,QAMA;AAAA,WAdF;AAAA;AAAA;AAAA;AAAA,aAeA;AAAA,SAlCA;AAAA;AAAA;AAAA;AAAA,WAoCA;AAAA,OA9FF;AAAA;AAAA;AAAA;AAAA,SAgGA;AAEJ;AAACP,GAtGQD,QAAM;AAAAS,KAANT;AAwGT,eAAeA;AAAO,IAAAS;AAAAC,aAAAD,IAAA",
      "names": [
        "useState",
        "Link",
        "FontAwesomeIcon",
        "faBars",
        "faTimes",
        "logoAlzhivida",
        "Header",
        "_s",
        "isOpen",
        "setIsOpen",
        "nombre",
        "enlace",
        "map",
        "item",
        "index",
        "_c",
        "$RefreshReg$"
      ],
      "ignoreList": [],
      "sources": [
        "D:/Alzhivida/proyecto/frontend/src/layouts/Header.jsx"
      ],
      "file": "D:/Alzhivida/proyecto/frontend/src/layouts/Header.jsx"
    },
    "_coverageSchema": "1a1c01bbd47fc00a2c39e90264f33305004495a9",
    "hash": "0be72fcee10a81614dd8187cb36b11f6630e4f9e"
  },
  "D:/Alzhivida/proyecto/frontend/src/pages/Home.jsx": {
    "path": "D:/Alzhivida/proyecto/frontend/src/pages/Home.jsx",
    "statementMap": {
      "0": {
        "start": {
          "line": 3,
          "column": 20
        },
        "end": {
          "line": 3,
          "column": 97
        }
      },
      "1": {
        "start": {
          "line": 6,
          "column": 0
        },
        "end": {
          "line": 16,
          "column": 1
        }
      },
      "2": {
        "start": {
          "line": 7,
          "column": 2
        },
        "end": {
          "line": 11,
          "column": 3
        }
      },
      "3": {
        "start": {
          "line": 8,
          "column": 4
        },
        "end": {
          "line": 10,
          "column": 6
        }
      },
      "4": {
        "start": {
          "line": 12,
          "column": 2
        },
        "end": {
          "line": 12,
          "column": 39
        }
      },
      "5": {
        "start": {
          "line": 13,
          "column": 2
        },
        "end": {
          "line": 13,
          "column": 39
        }
      },
      "6": {
        "start": {
          "line": 14,
          "column": 2
        },
        "end": {
          "line": 14,
          "column": 106
        }
      },
      "7": {
        "start": {
          "line": 15,
          "column": 2
        },
        "end": {
          "line": 15,
          "column": 75
        }
      },
      "8": {
        "start": {
          "line": 17,
          "column": 9
        },
        "end": {
          "line": 17,
          "column": 23
        }
      },
      "9": {
        "start": {
          "line": 17,
          "column": 31
        },
        "end": {
          "line": 17,
          "column": 45
        }
      },
      "10": {
        "start": {
          "line": 28,
          "column": 2
        },
        "end": {
          "line": 28,
          "column": 7
        }
      },
      "11": {
        "start": {
          "line": 29,
          "column": 28
        },
        "end": {
          "line": 29,
          "column": 39
        }
      },
      "12": {
        "start": {
          "line": 30,
          "column": 2
        },
        "end": {
          "line": 43,
          "column": 12
        }
      },
      "13": {
        "start": {
          "line": 31,
          "column": 16
        },
        "end": {
          "line": 31,
          "column": 17
        }
      },
      "14": {
        "start": {
          "line": 32,
          "column": 22
        },
        "end": {
          "line": 32,
          "column": 30
        }
      },
      "15": {
        "start": {
          "line": 33,
          "column": 21
        },
        "end": {
          "line": 41,
          "column": 10
        }
      },
      "16": {
        "start": {
          "line": 34,
          "column": 6
        },
        "end": {
          "line": 34,
          "column": 25
        }
      },
      "17": {
        "start": {
          "line": 35,
          "column": 6
        },
        "end": {
          "line": 40,
          "column": 7
        }
      },
      "18": {
        "start": {
          "line": 36,
          "column": 8
        },
        "end": {
          "line": 36,
          "column": 32
        }
      },
      "19": {
        "start": {
          "line": 37,
          "column": 8
        },
        "end": {
          "line": 37,
          "column": 22
        }
      },
      "20": {
        "start": {
          "line": 39,
          "column": 8
        },
        "end": {
          "line": 39,
          "column": 36
        }
      },
      "21": {
        "start": {
          "line": 42,
          "column": 4
        },
        "end": {
          "line": 42,
          "column": 41
        }
      },
      "22": {
        "start": {
          "line": 42,
          "column": 17
        },
        "end": {
          "line": 42,
          "column": 40
        }
      },
      "23": {
        "start": {
          "line": 44,
          "column": 2
        },
        "end": {
          "line": 51,
          "column": 11
        }
      },
      "24": {
        "start": {
          "line": 53,
          "column": 0
        },
        "end": {
          "line": 53,
          "column": 44
        }
      },
      "25": {
        "start": {
          "line": 54,
          "column": 0
        },
        "end": {
          "line": 54,
          "column": 13
        }
      },
      "26": {
        "start": {
          "line": 56,
          "column": 2
        },
        "end": {
          "line": 56,
          "column": 8
        }
      },
      "27": {
        "start": {
          "line": 57,
          "column": 36
        },
        "end": {
          "line": 57,
          "column": 50
        }
      },
      "28": {
        "start": {
          "line": 58,
          "column": 15
        },
        "end": {
          "line": 75,
          "column": 3
        }
      },
      "29": {
        "start": {
          "line": 76,
          "column": 20
        },
        "end": {
          "line": 78,
          "column": 3
        }
      },
      "30": {
        "start": {
          "line": 77,
          "column": 4
        },
        "end": {
          "line": 77,
          "column": 53
        }
      },
      "31": {
        "start": {
          "line": 79,
          "column": 2
        },
        "end": {
          "line": 776,
          "column": 11
        }
      },
      "32": {
        "start": {
          "line": 566,
          "column": 41
        },
        "end": {
          "line": 622,
          "column": 9
        }
      },
      "33": {
        "start": {
          "line": 575,
          "column": 33
        },
        "end": {
          "line": 575,
          "column": 49
        }
      },
      "34": {
        "start": {
          "line": 778,
          "column": 0
        },
        "end": {
          "line": 778,
          "column": 42
        }
      },
      "35": {
        "start": {
          "line": 779,
          "column": 0
        },
        "end": {
          "line": 779,
          "column": 11
        }
      },
      "36": {
        "start": {
          "line": 782,
          "column": 0
        },
        "end": {
          "line": 782,
          "column": 28
        }
      },
      "37": {
        "start": {
          "line": 783,
          "column": 0
        },
        "end": {
          "line": 783,
          "column": 26
        }
      },
      "38": {
        "start": {
          "line": 784,
          "column": 0
        },
        "end": {
          "line": 787,
          "column": 1
        }
      },
      "39": {
        "start": {
          "line": 785,
          "column": 2
        },
        "end": {
          "line": 785,
          "column": 39
        }
      },
      "40": {
        "start": {
          "line": 786,
          "column": 2
        },
        "end": {
          "line": 786,
          "column": 39
        }
      },
      "41": {
        "start": {
          "line": 788,
          "column": 0
        },
        "end": {
          "line": 797,
          "column": 1
        }
      },
      "42": {
        "start": {
          "line": 789,
          "column": 2
        },
        "end": {
          "line": 796,
          "column": 5
        }
      },
      "43": {
        "start": {
          "line": 790,
          "column": 4
        },
        "end": {
          "line": 790,
          "column": 119
        }
      },
      "44": {
        "start": {
          "line": 791,
          "column": 4
        },
        "end": {
          "line": 795,
          "column": 7
        }
      },
      "45": {
        "start": {
          "line": 792,
          "column": 6
        },
        "end": {
          "line": 792,
          "column": 31
        }
      },
      "46": {
        "start": {
          "line": 792,
          "column": 24
        },
        "end": {
          "line": 792,
          "column": 31
        }
      },
      "47": {
        "start": {
          "line": 793,
          "column": 32
        },
        "end": {
          "line": 793,
          "column": 168
        }
      },
      "48": {
        "start": {
          "line": 794,
          "column": 6
        },
        "end": {
          "line": 794,
          "column": 75
        }
      },
      "49": {
        "start": {
          "line": 794,
          "column": 29
        },
        "end": {
          "line": 794,
          "column": 75
        }
      }
    },
    "fnMap": {
      "0": {
        "name": "Counter",
        "decl": {
          "start": {
            "line": 27,
            "column": 9
          },
          "end": {
            "line": 27,
            "column": 16
          }
        },
        "loc": {
          "start": {
            "line": 27,
            "column": 26
          },
          "end": {
            "line": 52,
            "column": 1
          }
        },
        "line": 27
      },
      "1": {
        "name": "(anonymous_1)",
        "decl": {
          "start": {
            "line": 30,
            "column": 12
          },
          "end": {
            "line": 30,
            "column": 13
          }
        },
        "loc": {
          "start": {
            "line": 30,
            "column": 18
          },
          "end": {
            "line": 43,
            "column": 3
          }
        },
        "line": 30
      },
      "2": {
        "name": "(anonymous_2)",
        "decl": {
          "start": {
            "line": 33,
            "column": 33
          },
          "end": {
            "line": 33,
            "column": 34
          }
        },
        "loc": {
          "start": {
            "line": 33,
            "column": 39
          },
          "end": {
            "line": 41,
            "column": 5
          }
        },
        "line": 33
      },
      "3": {
        "name": "(anonymous_3)",
        "decl": {
          "start": {
            "line": 42,
            "column": 11
          },
          "end": {
            "line": 42,
            "column": 12
          }
        },
        "loc": {
          "start": {
            "line": 42,
            "column": 17
          },
          "end": {
            "line": 42,
            "column": 40
          }
        },
        "line": 42
      },
      "4": {
        "name": "Home",
        "decl": {
          "start": {
            "line": 55,
            "column": 9
          },
          "end": {
            "line": 55,
            "column": 13
          }
        },
        "loc": {
          "start": {
            "line": 55,
            "column": 16
          },
          "end": {
            "line": 777,
            "column": 1
          }
        },
        "line": 55
      },
      "5": {
        "name": "(anonymous_5)",
        "decl": {
          "start": {
            "line": 76,
            "column": 20
          },
          "end": {
            "line": 76,
            "column": 21
          }
        },
        "loc": {
          "start": {
            "line": 76,
            "column": 31
          },
          "end": {
            "line": 78,
            "column": 3
          }
        },
        "line": 76
      },
      "6": {
        "name": "(anonymous_6)",
        "decl": {
          "start": {
            "line": 566,
            "column": 8
          },
          "end": {
            "line": 566,
            "column": 9
          }
        },
        "loc": {
          "start": {
            "line": 566,
            "column": 41
          },
          "end": {
            "line": 622,
            "column": 9
          }
        },
        "line": 566
      },
      "7": {
        "name": "(anonymous_7)",
        "decl": {
          "start": {
            "line": 575,
            "column": 27
          },
          "end": {
            "line": 575,
            "column": 28
          }
        },
        "loc": {
          "start": {
            "line": 575,
            "column": 33
          },
          "end": {
            "line": 575,
            "column": 49
          }
        },
        "line": 575
      },
      "8": {
        "name": "(anonymous_8)",
        "decl": {
          "start": {
            "line": 789,
            "column": 52
          },
          "end": {
            "line": 789,
            "column": 53
          }
        },
        "loc": {
          "start": {
            "line": 789,
            "column": 72
          },
          "end": {
            "line": 796,
            "column": 3
          }
        },
        "line": 789
      },
      "9": {
        "name": "(anonymous_9)",
        "decl": {
          "start": {
            "line": 791,
            "column": 27
          },
          "end": {
            "line": 791,
            "column": 28
          }
        },
        "loc": {
          "start": {
            "line": 791,
            "column": 44
          },
          "end": {
            "line": 795,
            "column": 5
          }
        },
        "line": 791
      }
    },
    "branchMap": {
      "0": {
        "loc": {
          "start": {
            "line": 3,
            "column": 20
          },
          "end": {
            "line": 3,
            "column": 97
          }
        },
        "type": "binary-expr",
        "locations": [
          {
            "start": {
              "line": 3,
              "column": 20
            },
            "end": {
              "line": 3,
              "column": 60
            }
          },
          {
            "start": {
              "line": 3,
              "column": 64
            },
            "end": {
              "line": 3,
              "column": 97
            }
          }
        ],
        "line": 3
      },
      "1": {
        "loc": {
          "start": {
            "line": 6,
            "column": 0
          },
          "end": {
            "line": 16,
            "column": 1
          }
        },
        "type": "if",
        "locations": [
          {
            "start": {
              "line": 6,
              "column": 0
            },
            "end": {
              "line": 16,
              "column": 1
            }
          },
          {
            "start": {},
            "end": {}
          }
        ],
        "line": 6
      },
      "2": {
        "loc": {
          "start": {
            "line": 6,
            "column": 4
          },
          "end": {
            "line": 6,
            "column": 35
          }
        },
        "type": "binary-expr",
        "locations": [
          {
            "start": {
              "line": 6,
              "column": 4
            },
            "end": {
              "line": 6,
              "column": 19
            }
          },
          {
            "start": {
              "line": 6,
              "column": 23
            },
            "end": {
              "line": 6,
              "column": 35
            }
          }
        ],
        "line": 6
      },
      "3": {
        "loc": {
          "start": {
            "line": 7,
            "column": 2
          },
          "end": {
            "line": 11,
            "column": 3
          }
        },
        "type": "if",
        "locations": [
          {
            "start": {
              "line": 7,
              "column": 2
            },
            "end": {
              "line": 11,
              "column": 3
            }
          },
          {
            "start": {},
            "end": {}
          }
        ],
        "line": 7
      },
      "4": {
        "loc": {
          "start": {
            "line": 35,
            "column": 6
          },
          "end": {
            "line": 40,
            "column": 7
          }
        },
        "type": "if",
        "locations": [
          {
            "start": {
              "line": 35,
              "column": 6
            },
            "end": {
              "line": 40,
              "column": 7
            }
          },
          {
            "start": {
              "line": 38,
              "column": 13
            },
            "end": {
              "line": 40,
              "column": 7
            }
          }
        ],
        "line": 35
      },
      "5": {
        "loc": {
          "start": {
            "line": 77,
            "column": 17
          },
          "end": {
            "line": 77,
            "column": 51
          }
        },
        "type": "cond-expr",
        "locations": [
          {
            "start": {
              "line": 77,
              "column": 39
            },
            "end": {
              "line": 77,
              "column": 43
            }
          },
          {
            "start": {
              "line": 77,
              "column": 46
            },
            "end": {
              "line": 77,
              "column": 51
            }
          }
        ],
        "line": 77
      },
      "6": {
        "loc": {
          "start": {
            "line": 585,
            "column": 94
          },
          "end": {
            "line": 585,
            "column": 148
          }
        },
        "type": "cond-expr",
        "locations": [
          {
            "start": {
              "line": 585,
              "column": 116
            },
            "end": {
              "line": 585,
              "column": 143
            }
          },
          {
            "start": {
              "line": 585,
              "column": 146
            },
            "end": {
              "line": 585,
              "column": 148
            }
          }
        ],
        "line": 585
      },
      "7": {
        "loc": {
          "start": {
            "line": 607,
            "column": 14
          },
          "end": {
            "line": 611,
            "column": 22
          }
        },
        "type": "binary-expr",
        "locations": [
          {
            "start": {
              "line": 607,
              "column": 14
            },
            "end": {
              "line": 607,
              "column": 33
            }
          },
          {
            "start": {
              "line": 607,
              "column": 53
            },
            "end": {
              "line": 611,
              "column": 22
            }
          }
        ],
        "line": 607
      },
      "8": {
        "loc": {
          "start": {
            "line": 784,
            "column": 0
          },
          "end": {
            "line": 787,
            "column": 1
          }
        },
        "type": "if",
        "locations": [
          {
            "start": {
              "line": 784,
              "column": 0
            },
            "end": {
              "line": 787,
              "column": 1
            }
          },
          {
            "start": {},
            "end": {}
          }
        ],
        "line": 784
      },
      "9": {
        "loc": {
          "start": {
            "line": 784,
            "column": 4
          },
          "end": {
            "line": 784,
            "column": 35
          }
        },
        "type": "binary-expr",
        "locations": [
          {
            "start": {
              "line": 784,
              "column": 4
            },
            "end": {
              "line": 784,
              "column": 19
            }
          },
          {
            "start": {
              "line": 784,
              "column": 23
            },
            "end": {
              "line": 784,
              "column": 35
            }
          }
        ],
        "line": 784
      },
      "10": {
        "loc": {
          "start": {
            "line": 788,
            "column": 0
          },
          "end": {
            "line": 797,
            "column": 1
          }
        },
        "type": "if",
        "locations": [
          {
            "start": {
              "line": 788,
              "column": 0
            },
            "end": {
              "line": 797,
              "column": 1
            }
          },
          {
            "start": {},
            "end": {}
          }
        ],
        "line": 788
      },
      "11": {
        "loc": {
          "start": {
            "line": 788,
            "column": 4
          },
          "end": {
            "line": 788,
            "column": 35
          }
        },
        "type": "binary-expr",
        "locations": [
          {
            "start": {
              "line": 788,
              "column": 4
            },
            "end": {
              "line": 788,
              "column": 19
            }
          },
          {
            "start": {
              "line": 788,
              "column": 23
            },
            "end": {
              "line": 788,
              "column": 35
            }
          }
        ],
        "line": 788
      },
      "12": {
        "loc": {
          "start": {
            "line": 792,
            "column": 6
          },
          "end": {
            "line": 792,
            "column": 31
          }
        },
        "type": "if",
        "locations": [
          {
            "start": {
              "line": 792,
              "column": 6
            },
            "end": {
              "line": 792,
              "column": 31
            }
          },
          {
            "start": {},
            "end": {}
          }
        ],
        "line": 792
      },
      "13": {
        "loc": {
          "start": {
            "line": 794,
            "column": 6
          },
          "end": {
            "line": 794,
            "column": 75
          }
        },
        "type": "if",
        "locations": [
          {
            "start": {
              "line": 794,
              "column": 6
            },
            "end": {
              "line": 794,
              "column": 75
            }
          },
          {
            "start": {},
            "end": {}
          }
        ],
        "line": 794
      }
    },
    "s": {
      "0": 1,
      "1": 1,
      "2": 1,
      "3": 0,
      "4": 1,
      "5": 1,
      "6": 1,
      "7": 1,
      "8": 1,
      "9": 1,
      "10": 0,
      "11": 0,
      "12": 0,
      "13": 0,
      "14": 0,
      "15": 0,
      "16": 0,
      "17": 0,
      "18": 0,
      "19": 0,
      "20": 0,
      "21": 0,
      "22": 0,
      "23": 0,
      "24": 1,
      "25": 1,
      "26": 0,
      "27": 0,
      "28": 0,
      "29": 0,
      "30": 0,
      "31": 0,
      "32": 0,
      "33": 0,
      "34": 1,
      "35": 1,
      "36": 1,
      "37": 1,
      "38": 1,
      "39": 1,
      "40": 1,
      "41": 1,
      "42": 1,
      "43": 1,
      "44": 1,
      "45": 0,
      "46": 0,
      "47": 0,
      "48": 0,
      "49": 0
    },
    "f": {
      "0": 0,
      "1": 0,
      "2": 0,
      "3": 0,
      "4": 0,
      "5": 0,
      "6": 0,
      "7": 0,
      "8": 1,
      "9": 0
    },
    "b": {
      "0": [
        1,
        0
      ],
      "1": [
        1,
        0
      ],
      "2": [
        1,
        1
      ],
      "3": [
        0,
        1
      ],
      "4": [
        0,
        0
      ],
      "5": [
        0,
        0
      ],
      "6": [
        0,
        0
      ],
      "7": [
        0,
        0
      ],
      "8": [
        1,
        0
      ],
      "9": [
        1,
        1
      ],
      "10": [
        1,
        0
      ],
      "11": [
        1,
        1
      ],
      "12": [
        0,
        0
      ],
      "13": [
        0,
        0
      ]
    },
    "inputSourceMap": {
      "version": 3,
      "mappings": "AA0BS;;;;;;;;;;;;;;;;;AA1BT,OAAOA,SAASC,UAAUC,iBAAiB;AAC3C,OAAO;AACP,SAASC,mBAAmB;AAC5B,OAAOC,YAAY;AACnB,OAAOC,aAAa;AACpB,OAAOC,mBAAmB;AAC1B,OAAOC,mBAAmB;AAC1B,SAASC,QAAQC,OAAOC,gBAAgB;AACxC,SAASC,YAAY;AAErB,SAASC,QAAQ,EAAEC,IAAI,GAAG;AAAAC,KAAA;AACxB,QAAM,CAACC,OAAOC,QAAQ,IAAIf,SAAS,CAAC;AACpCC,YAAU,MAAM;AACd,QAAIe,QAAQ;AACZ,UAAMC,YAAYL,MAAM;AACxB,UAAMM,WAAWC,YAAY,MAAM;AACjCH,eAASC;AACT,UAAID,SAASJ,KAAK;AAChBQ,sBAAcF,QAAQ;AACtBH,iBAASH,GAAG;AAAA,MACd,OAAO;AACLG,iBAASM,KAAKC,MAAMN,KAAK,CAAC;AAAA,MAC5B;AAAA,IACF,GAAG,EAAE;AACL,WAAO,MAAMI,cAAcF,QAAQ;AAAA,EACrC,GAAG,CAACN,GAAG,CAAC;AACR,SAAO,mCAAGE;AAAAA,UAAMS,eAAe;AAAA,IAAE;AAAA,OAA1B;AAAA;AAAA;AAAA;AAAA,SAA2B;AACpC;AAACV,GAjBQF,SAAO;AAAAa,KAAPb;AAqBT,SAASc,OAAO;AAAAC,MAAA;AACZ,QAAM,CAACC,WAAWC,YAAY,IAAI5B,SAAS,IAAI;AAE/C,QAAM6B,OAAO;AAAA,IACX;AAAA,MACEC,UAAU;AAAA,MACVC,QAAQ;AAAA,IACV;AAAA,IACA;AAAA,MACED,UAAU;AAAA,MACVC,QAAQ;AAAA,IACV;AAAA,IACA;AAAA,MACED,UAAU;AAAA,MACVC,QAAQ;AAAA,IACV;AAAA,IAEF;AAAA,MACID,UAAU;AAAA,MACVC,QAAQ;AAAA,IACV;AAAA,EAAC;AAIH,QAAMC,YAAYA,CAACC,UAAU;AAC3BL,iBAAaD,cAAcM,QAAQ,OAAOA,KAAK;AAAA,EACjD;AAGF,SACE,uBAAC,SAAI,WAAU,uBACb;AAAA,2BAAC,YAAD;AAAA;AAAA;AAAA;AAAA,WAAO;AAAA,IAGP;AAAA,MAAC;AAAA;AAAA,QACC,WAAU;AAAA,QACV,OAAO;AAAA,UACLC,iBAAiB,OAAO9B,OAAO;AAAA,UAC/B+B,gBAAgB;AAAA,UAChBC,oBAAoB;AAAA,UACpBC,kBAAkB;AAAA,QACpB;AAAA,QAEA,iCAAC,SAAI,WAAU,aACb;AAAA,iCAAC,SAAI,WAAU,gCACb;AAAA,mCAAC,SAAI,KAAKhC,eAAe,KAAI,QAAO,WAAU,qBAA9C;AAAA;AAAA;AAAA;AAAA,mBAA+D;AAAA,YAC/D,uBAAC,SAAI,WAAU,+FAA8F,wBAA7G;AAAA;AAAA;AAAA;AAAA,mBAEA;AAAA,eAJF;AAAA;AAAA;AAAA;AAAA,iBAKA;AAAA,UACA,uBAAC,OAAE,WAAU,2DAA0D,4HAAvE;AAAA;AAAA;AAAA;AAAA,iBAEA;AAAA,UACA;AAAA,YAAC;AAAA;AAAA,cACD,IAAG;AAAA,cACH,WAAU;AAAA,cAE2H;AAAA;AAAA,YAJrI;AAAA;AAAA;AAAA;AAAA;AAAA;AAAA;AAAA;AAAA,UAOF;AAAA,aAjBA;AAAA;AAAA;AAAA;AAAA,eAkBA;AAAA;AAAA,MA3BF;AAAA;AAAA;AAAA;AAAA;AAAA;AAAA;AAAA;AAAA,IA4BA;AAAA,IAGD,uBAAC,aAAQ,IAAG,YAAW,WAAU,+DAC9B;AAAA,6BAAC,SAAI,WAAU,gDAEb;AAAA,+BAAC,SAAI,WAAU,gCACb;AAAA,iCAAC,SAAI,WAAU,gCACf;AAAA,mCAAC,SAAI,KAAKA,eAAe,KAAI,QAAO,WAAU,qBAA9C;AAAA;AAAA;AAAA;AAAA,mBAA+D;AAAA,YAC/D,uBAAC,SAAI,WAAU,+FAA8F,wBAA7G;AAAA;AAAA;AAAA;AAAA,mBAEA;AAAA,eAJA;AAAA;AAAA;AAAA;AAAA,iBAKF;AAAA,UACE,uBAAC,OAAE,WAAU,2BAA0B,iNAAvC;AAAA;AAAA;AAAA;AAAA,iBAEA;AAAA,UACA,uBAAC,QAAK,IAAG,aACP,iCAAC,YAAO,WAAU,kJAAiJ,gDAAnK;AAAA;AAAA;AAAA;AAAA,iBAEA,KAHF;AAAA;AAAA;AAAA;AAAA,iBAIA;AAAA,aAdF;AAAA;AAAA;AAAA;AAAA,eAeA;AAAA,QAGA,uBAAC,SAAI,WAAU,6DAEb;AAAA,iCAAC,SAAI,WAAU,+CACb;AAAA,mCAAC,SAAI,WAAU,sEACb,iCAAC,UAAO,WAAU,wBAAlB;AAAA;AAAA;AAAA;AAAA,mBAAsC,KADxC;AAAA;AAAA;AAAA;AAAA,mBAEA;AAAA,YACA,uBAAC,SAAI,WAAU,sEACb,iCAAC,SAAM,WAAU,wBAAjB;AAAA;AAAA;AAAA;AAAA,mBAAqC,KADvC;AAAA;AAAA;AAAA;AAAA,mBAEA;AAAA,YACA,uBAAC,SAAI,WAAU,sEACb,iCAAC,YAAS,WAAU,wBAApB;AAAA;AAAA;AAAA;AAAA,mBAAwC,KAD1C;AAAA;AAAA;AAAA;AAAA,mBAEA;AAAA,eATF;AAAA;AAAA;AAAA;AAAA,iBAUA;AAAA,UAEA,uBAAC,SACC;AAAA,mCAAC,QAAG,WAAU,qBAAoB,sBAAlC;AAAA;AAAA;AAAA;AAAA,mBAAwC;AAAA,YACxC,uBAAC,OAAE,WAAU,iBAAgB,sLAA7B;AAAA;AAAA;AAAA;AAAA,mBAEA;AAAA,eAJF;AAAA;AAAA;AAAA;AAAA,iBAKA;AAAA,UAEA,uBAAC,SACC;AAAA,mCAAC,QAAG,WAAU,qBAAoB,sBAAlC;AAAA;AAAA;AAAA;AAAA,mBAAwC;AAAA,YACxC,uBAAC,OAAE,WAAU,iBAAgB,yLAA7B;AAAA;AAAA;AAAA;AAAA,mBAEA;AAAA,eAJF;AAAA;AAAA;AAAA;AAAA,iBAKA;AAAA,UAEA,uBAAC,SACC;AAAA,mCAAC,QAAG,WAAU,qBAAoB,uBAAlC;AAAA;AAAA;AAAA;AAAA,mBAAyC;AAAA,YACzC,uBAAC,OAAE,WAAU,iBAAgB,sJAA7B;AAAA;AAAA;AAAA;AAAA,mBAEA;AAAA,eAJF;AAAA;AAAA;AAAA;AAAA,iBAKA;AAAA,aAjCF;AAAA;AAAA;AAAA;AAAA,eAkCE;AAAA,WAtDJ;AAAA;AAAA;AAAA;AAAA,aAuDI;AAAA,MAGJ,uBAAC,SAAI,WAAU,4DACb,iCAAC,SAAI,WAAU,uEACb;AAAA,+BAAC,SACC;AAAA,iCAAC,OAAE,WAAU,sBAAqB,iCAAC,WAAQ,KAAK,MAAd;AAAA;AAAA;AAAA;AAAA,iBAAiB,KAAnD;AAAA;AAAA;AAAA;AAAA,iBAAsD;AAAA,UACtD,uBAAC,OAAE,WAAU,gBAAe,+CAA5B;AAAA;AAAA;AAAA;AAAA,iBAA2D;AAAA,aAF7D;AAAA;AAAA;AAAA;AAAA,eAGA;AAAA,QACA,uBAAC,SACC;AAAA,iCAAC,OAAE,WAAU,sBAAqB,iCAAC,WAAQ,KAAK,MAAd;AAAA;AAAA;AAAA;AAAA,iBAAiB,KAAnD;AAAA;AAAA;AAAA;AAAA,iBAAsD;AAAA,UACtD,uBAAC,OAAE,WAAU,gBAAe,2CAA5B;AAAA;AAAA;AAAA;AAAA,iBAAuD;AAAA,aAFzD;AAAA;AAAA;AAAA;AAAA,eAGA;AAAA,QACA,uBAAC,SACC;AAAA,iCAAC,OAAE,WAAU,sBAAqB,iCAAC,WAAQ,KAAK,MAAd;AAAA;AAAA;AAAA;AAAA,iBAAiB,KAAnD;AAAA;AAAA;AAAA;AAAA,iBAAsD;AAAA,UACtD,uBAAC,OAAE,WAAU,gBAAe,wCAA5B;AAAA;AAAA;AAAA;AAAA,iBAAoD;AAAA,aAFtD;AAAA;AAAA;AAAA;AAAA,eAGA;AAAA,QACA,uBAAC,SACC;AAAA,iCAAC,OAAE,WAAU,sBAAqB,iCAAC,WAAQ,KAAK,OAAd;AAAA;AAAA;AAAA;AAAA,iBAAkB,KAApD;AAAA;AAAA;AAAA;AAAA,iBAAuD;AAAA,UACvD,uBAAC,OAAE,WAAU,gBAAe,4CAA5B;AAAA;AAAA;AAAA;AAAA,iBAAwD;AAAA,aAF1D;AAAA;AAAA;AAAA;AAAA,eAGA;AAAA,WAhBF;AAAA;AAAA;AAAA;AAAA,aAiBA,KAlBF;AAAA;AAAA;AAAA;AAAA,aAmBA;AAAA,SA9EH;AAAA;AAAA;AAAA;AAAA,WA+EC;AAAA,IAGA,uBAAC,aAAS,IAAG,eAAc,WAAU,kCACnC,iCAAC,SAAI,WAAU,sCACb;AAAA,6BAAC,QAAG,WAAU,8DAA6D,kDAA3E;AAAA;AAAA;AAAA;AAAA,aAEA;AAAA,MAEA,uBAAC,SAAI,WAAU,0CAEb;AAAA,+BAAC,SAAI,WAAU,4CACb;AAAA,iCAAC,QAAG,WAAU,4CAA2C,oBAAzD;AAAA;AAAA;AAAA;AAAA,iBAA6D;AAAA,UAC7D,uBAAC,OAAE,WAAU,0CAAyC,sBAAtD;AAAA;AAAA;AAAA;AAAA,iBAA4D;AAAA,UAC5D,uBAAC,QAAG,WAAU,kDACZ;AAAA,mCAAC,QAAG,qCAAJ;AAAA;AAAA;AAAA;AAAA,mBAAyB;AAAA,YACzB,uBAAC,QAAG,sDAAJ;AAAA;AAAA;AAAA;AAAA,mBAA0C;AAAA,YAC1C,uBAAC,QAAG,0DAAJ;AAAA;AAAA;AAAA;AAAA,mBAA8C;AAAA,eAHhD;AAAA;AAAA;AAAA;AAAA,iBAIA;AAAA,UACA,uBAAC,QAAK,IAAG,aACT,iCAAC,YAAO,WAAU,kGAAiG,8BAAnH;AAAA;AAAA;AAAA;AAAA,iBAEA,KAHA;AAAA;AAAA;AAAA;AAAA,iBAIA;AAAA,aAZF;AAAA;AAAA;AAAA;AAAA,eAaA;AAAA,QAGA,uBAAC,SAAI,WAAU,4CACb;AAAA,iCAAC,QAAG,WAAU,6CAA4C,+BAA1D;AAAA;AAAA;AAAA;AAAA,iBAAyE;AAAA,UACzE,uBAAC,OAAE,WAAU,sCAAqC,wBAAlD;AAAA;AAAA;AAAA;AAAA,iBAA0D;AAAA,UAC1D,uBAAC,OAAE,WAAU,0CAAyC;AAAA;AAAA,YAAO,uBAAC,UAAK,WAAU,yBAAwB,oBAAxC;AAAA;AAAA;AAAA;AAAA,mBAA4C;AAAA,eAAzG;AAAA;AAAA;AAAA;AAAA,iBAAgH;AAAA,UAChH,uBAAC,OAAE,WAAU,8BAA6B,oDAA1C;AAAA;AAAA;AAAA;AAAA,iBAA8E;AAAA,UAC9E,uBAAC,QAAG,WAAU,kDACZ;AAAA,mCAAC,QAAG,0CAAJ;AAAA;AAAA;AAAA;AAAA,mBAA8B;AAAA,YAC9B,uBAAC,QAAG,6DAAJ;AAAA;AAAA;AAAA;AAAA,mBAAiD;AAAA,YACjD,uBAAC,QAAG,wDAAJ;AAAA;AAAA;AAAA;AAAA,mBAA4C;AAAA,YAC5C,uBAAC,QAAG,wDAAJ;AAAA;AAAA;AAAA;AAAA,mBAA4C;AAAA,eAJ9C;AAAA;AAAA;AAAA;AAAA,iBAKA;AAAA,UACA,uBAAC,QAAK,IAAG,aACT,iCAAC,YAAO,WAAU,yFAAwF,2BAA1G;AAAA;AAAA;AAAA;AAAA,iBAEA,KAHA;AAAA;AAAA;AAAA;AAAA,iBAIA;AAAA,aAfF;AAAA;AAAA;AAAA;AAAA,eAgBA;AAAA,WAlCF;AAAA;AAAA;AAAA;AAAA,aAmCA;AAAA,SAxCF;AAAA;AAAA;AAAA;AAAA,WAyCA,KA1CF;AAAA;AAAA;AAAA;AAAA,WA2CA;AAAA,IAIA,uBAAC,aAAQ,IAAG,WAAU,WAAU,qGAE9B;AAAA,6BAAC,SAAI,WAAU,0BACb;AAAA,+BAAC,QAAG,WAAU,oDAAmD,8DAAjE;AAAA;AAAA;AAAA;AAAA,eAEA;AAAA,QACA,uBAAC,OAAE,WAAU,2CAA0C,4KAAvD;AAAA;AAAA;AAAA;AAAA,eAEA;AAAA,QACA,uBAAC,SAAI,WAAU,eACb,iCAAC,YAAO,WAAU,gHAA+G,yCAAjI;AAAA;AAAA;AAAA;AAAA,eAEA,KAHF;AAAA;AAAA;AAAA;AAAA,eAIA;AAAA,WAXF;AAAA;AAAA;AAAA;AAAA,aAYA;AAAA,MAGA,uBAAC,SAAI,WAAU,gCACb;AAAA,QAAC;AAAA;AAAA,UACC,KAAKC;AAAAA,UACL,KAAI;AAAA,UACJ,WAAU;AAAA;AAAA,QAHZ;AAAA;AAAA;AAAA;AAAA;AAAA;AAAA;AAAA;AAAA,MAGkD,KAJpD;AAAA;AAAA;AAAA;AAAA,aAMA;AAAA,SAvBF;AAAA;AAAA;AAAA;AAAA,WAwBA;AAAA,IAIA,uBAAC,aAAQ,IAAG,aAAY,WAAU,kGAChC;AAAA,6BAAC,QAAG,WAAU,oDAAmD,oCAAjE;AAAA;AAAA;AAAA;AAAA,aAAqF;AAAA,MAErF,uBAAC,SAAI,WAAU,+BACZuB,eAAKS;AAAAA,QAAI,CAACC,MAAMN,UACf;AAAA,UAAC;AAAA;AAAA,YAEC,WAAU;AAAA,YAEV;AAAA;AAAA,gBAAC;AAAA;AAAA,kBACC,WAAU;AAAA,kBACV,SAAS,MAAMD,UAAUC,KAAK;AAAA,kBAE9B;AAAA,2CAAC,UAAK,WAAU,gGACbM,eAAKT,YADR;AAAA;AAAA;AAAA;AAAA,2BAEA;AAAA,oBACA;AAAA,sBAAC;AAAA;AAAA,wBACC,WAAW,2DACTH,cAAcM,QAAQ,8BAA8B,EAAE;AAAA;AAAA,sBAF1D;AAAA;AAAA;AAAA;AAAA;AAAA;AAAA;AAAA;AAAA,oBAGK;AAAA;AAAA;AAAA,gBAVP;AAAA;AAAA;AAAA;AAAA;AAAA;AAAA;AAAA;AAAA,cAYA;AAAA,cAECN,cAAcM,SACb,uBAAC,SAAI,WAAU,8EACZM,eAAKR,UADR;AAAA;AAAA;AAAA;AAAA,qBAEA;AAAA;AAAA;AAAA,UApBGE;AAAAA,UADP;AAAA;AAAA;AAAA;AAAA;AAAA;AAAA;AAAA,QAuBA;AAAA,MACD,KA1BH;AAAA;AAAA;AAAA;AAAA,aA2BA;AAAA,SA9BF;AAAA;AAAA;AAAA;AAAA,WA+BA;AAAA,IAIA,uBAAC,YAAQ,IAAG,YAAW,WAAU,oCAC/B,iCAAC,SAAI,WAAU,0EAGb;AAAA,6BAAC,SAAI,WAAU,6BACb,iCAAC,SAAI,WAAU,2BACb;AAAA,+BAAC,SAAI,KAAK5B,eAAe,KAAI,QAAO,WAAU,qBAA9C;AAAA;AAAA;AAAA;AAAA,eAA+D;AAAA,QAC/D,uBAAC,UAAK,WAAU,qCAAoC,yBAApD;AAAA;AAAA;AAAA;AAAA,eAA6D;AAAA,WAF/D;AAAA;AAAA;AAAA;AAAA,aAGA,KAJF;AAAA;AAAA;AAAA;AAAA,aAKA;AAAA,MAGA,uBAAC,SACC;AAAA,+BAAC,QAAG,WAAU,8BAA6B,wBAA3C;AAAA;AAAA;AAAA;AAAA,eAAmD;AAAA,QACnD,uBAAC,OAAE,WAAU,WAAU,kCAAvB;AAAA;AAAA;AAAA;AAAA,eAAyC;AAAA,QACzC,uBAAC,OAAE,WAAU,WAAU,sCAAvB;AAAA;AAAA;AAAA;AAAA,eAA6C;AAAA,WAH/C;AAAA;AAAA;AAAA;AAAA,aAIA;AAAA,MAGA,uBAAC,SACC;AAAA,+BAAC,QAAG,WAAU,8BAA6B,wBAA3C;AAAA;AAAA;AAAA;AAAA,eAAmD;AAAA,QACnD,uBAAC,QAAG,WAAU,gBACZ;AAAA,iCAAC,QAAG,iCAAC,OAAE,MAAK,KAAI,WAAU,wEAAuE,wBAA7F;AAAA;AAAA;AAAA;AAAA,iBAAqG,KAAzG;AAAA;AAAA;AAAA;AAAA,iBAA6G;AAAA,UAC7G,uBAAC,QAAG,iCAAC,OAAE,MAAK,KAAI,WAAU,wEAAuE,yBAA7F;AAAA;AAAA;AAAA;AAAA,iBAAsG,KAA1G;AAAA;AAAA;AAAA;AAAA,iBAA8G;AAAA,UAC9G,uBAAC,QAAG,iCAAC,OAAE,MAAK,KAAI,WAAU,wEAAuE,wBAA7F;AAAA;AAAA;AAAA;AAAA,iBAAqG,KAAzG;AAAA;AAAA;AAAA;AAAA,iBAA6G;AAAA,aAH/G;AAAA;AAAA;AAAA;AAAA,eAIA;AAAA,WANF;AAAA;AAAA;AAAA;AAAA,aAOA;AAAA,MAGA,uBAAC,SACC;AAAA,+BAAC,QAAG,WAAU,8BAA6B,uBAA3C;AAAA;AAAA;AAAA;AAAA,eAAkD;AAAA,QAClD,uBAAC,QAAG,WAAU,gBACZ;AAAA,iCAAC,QAAG,iCAAC,OAAE,MAAK,KAAI,WAAU,wEAAuE,sCAA7F;AAAA;AAAA;AAAA;AAAA,iBAAmH,KAAvH;AAAA;AAAA;AAAA;AAAA,iBAA2H;AAAA,UAC3H,uBAAC,QAAG,iCAAC,OAAE,MAAK,KAAI,WAAU,wEAAuE,oCAA7F;AAAA;AAAA;AAAA;AAAA,iBAAiH,KAArH;AAAA;AAAA;AAAA;AAAA,iBAAyH;AAAA,UACzH,uBAAC,QAAG,iCAAC,OAAE,MAAK,KAAI,WAAU,wEAAuE,sCAA7F;AAAA;AAAA;AAAA;AAAA,iBAAmH,KAAvH;AAAA;AAAA;AAAA;AAAA,iBAA2H;AAAA,aAH7H;AAAA;AAAA;AAAA;AAAA,eAIA;AAAA,WANF;AAAA;AAAA;AAAA;AAAA,aAOA;AAAA,SAnCF;AAAA;AAAA;AAAA;AAAA,WAqCA,KAtCF;AAAA;AAAA;AAAA;AAAA,WAuCA;AAAA,OA1QF;AAAA;AAAA;AAAA;AAAA,SA6QA;AAEJ;AAACqB,IA7SQD,MAAI;AAAAe,MAAJf;AA+ST,eAAeA;AAAK,IAAAD,IAAAgB;AAAAC,aAAAjB,IAAA;AAAAiB,aAAAD,KAAA",
      "names": [
        "React",
        "useState",
        "useEffect",
        "ChevronDown",
        "Header",
        "fondo01",
        "logoAlzhivida",
        "imagenDocente",
        "Wrench",
        "Boxes",
        "BookOpen",
        "Link",
        "Counter",
        "end",
        "_s",
        "count",
        "setCount",
        "start",
        "increment",
        "interval",
        "setInterval",
        "clearInterval",
        "Math",
        "floor",
        "toLocaleString",
        "_c",
        "Home",
        "_s2",
        "openIndex",
        "setOpenIndex",
        "faqs",
        "question",
        "answer",
        "toggleFAQ",
        "index",
        "backgroundImage",
        "backgroundSize",
        "backgroundPosition",
        "backgroundRepeat",
        "map",
        "item",
        "_c2",
        "$RefreshReg$"
      ],
      "ignoreList": [],
      "sources": [
        "D:/Alzhivida/proyecto/frontend/src/pages/Home.jsx"
      ],
      "file": "D:/Alzhivida/proyecto/frontend/src/pages/Home.jsx"
    },
    "_coverageSchema": "1a1c01bbd47fc00a2c39e90264f33305004495a9",
    "hash": "587d4d2c4c57fc9fd6500c3d6363e18d7ee8d815"
  },
  "D:/Alzhivida/proyecto/frontend/src/layouts/Loading.jsx": {
    "path": "D:/Alzhivida/proyecto/frontend/src/layouts/Loading.jsx",
    "statementMap": {
      "0": {
        "start": {
          "line": 3,
          "column": 20
        },
        "end": {
          "line": 3,
          "column": 97
        }
      },
      "1": {
        "start": {
          "line": 6,
          "column": 0
        },
        "end": {
          "line": 16,
          "column": 1
        }
      },
      "2": {
        "start": {
          "line": 7,
          "column": 2
        },
        "end": {
          "line": 11,
          "column": 3
        }
      },
      "3": {
        "start": {
          "line": 8,
          "column": 4
        },
        "end": {
          "line": 10,
          "column": 6
        }
      },
      "4": {
        "start": {
          "line": 12,
          "column": 2
        },
        "end": {
          "line": 12,
          "column": 39
        }
      },
      "5": {
        "start": {
          "line": 13,
          "column": 2
        },
        "end": {
          "line": 13,
          "column": 39
        }
      },
      "6": {
        "start": {
          "line": 14,
          "column": 2
        },
        "end": {
          "line": 14,
          "column": 111
        }
      },
      "7": {
        "start": {
          "line": 15,
          "column": 2
        },
        "end": {
          "line": 15,
          "column": 75
        }
      },
      "8": {
        "start": {
          "line": 19,
          "column": 2
        },
        "end": {
          "line": 38,
          "column": 11
        }
      },
      "9": {
        "start": {
          "line": 40,
          "column": 0
        },
        "end": {
          "line": 40,
          "column": 13
        }
      },
      "10": {
        "start": {
          "line": 42,
          "column": 0
        },
        "end": {
          "line": 42,
          "column": 28
        }
      },
      "11": {
        "start": {
          "line": 43,
          "column": 0
        },
        "end": {
          "line": 46,
          "column": 1
        }
      },
      "12": {
        "start": {
          "line": 44,
          "column": 2
        },
        "end": {
          "line": 44,
          "column": 39
        }
      },
      "13": {
        "start": {
          "line": 45,
          "column": 2
        },
        "end": {
          "line": 45,
          "column": 39
        }
      },
      "14": {
        "start": {
          "line": 47,
          "column": 0
        },
        "end": {
          "line": 56,
          "column": 1
        }
      },
      "15": {
        "start": {
          "line": 48,
          "column": 2
        },
        "end": {
          "line": 55,
          "column": 5
        }
      },
      "16": {
        "start": {
          "line": 49,
          "column": 4
        },
        "end": {
          "line": 49,
          "column": 124
        }
      },
      "17": {
        "start": {
          "line": 50,
          "column": 4
        },
        "end": {
          "line": 54,
          "column": 7
        }
      },
      "18": {
        "start": {
          "line": 51,
          "column": 6
        },
        "end": {
          "line": 51,
          "column": 31
        }
      },
      "19": {
        "start": {
          "line": 51,
          "column": 24
        },
        "end": {
          "line": 51,
          "column": 31
        }
      },
      "20": {
        "start": {
          "line": 52,
          "column": 32
        },
        "end": {
          "line": 52,
          "column": 173
        }
      },
      "21": {
        "start": {
          "line": 53,
          "column": 6
        },
        "end": {
          "line": 53,
          "column": 75
        }
      },
      "22": {
        "start": {
          "line": 53,
          "column": 29
        },
        "end": {
          "line": 53,
          "column": 75
        }
      }
    },
    "fnMap": {
      "0": {
        "name": "Loading",
        "decl": {
          "start": {
            "line": 18,
            "column": 24
          },
          "end": {
            "line": 18,
            "column": 31
          }
        },
        "loc": {
          "start": {
            "line": 18,
            "column": 34
          },
          "end": {
            "line": 39,
            "column": 1
          }
        },
        "line": 18
      },
      "1": {
        "name": "(anonymous_1)",
        "decl": {
          "start": {
            "line": 48,
            "column": 52
          },
          "end": {
            "line": 48,
            "column": 53
          }
        },
        "loc": {
          "start": {
            "line": 48,
            "column": 72
          },
          "end": {
            "line": 55,
            "column": 3
          }
        },
        "line": 48
      },
      "2": {
        "name": "(anonymous_2)",
        "decl": {
          "start": {
            "line": 50,
            "column": 27
          },
          "end": {
            "line": 50,
            "column": 28
          }
        },
        "loc": {
          "start": {
            "line": 50,
            "column": 44
          },
          "end": {
            "line": 54,
            "column": 5
          }
        },
        "line": 50
      }
    },
    "branchMap": {
      "0": {
        "loc": {
          "start": {
            "line": 3,
            "column": 20
          },
          "end": {
            "line": 3,
            "column": 97
          }
        },
        "type": "binary-expr",
        "locations": [
          {
            "start": {
              "line": 3,
              "column": 20
            },
            "end": {
              "line": 3,
              "column": 60
            }
          },
          {
            "start": {
              "line": 3,
              "column": 64
            },
            "end": {
              "line": 3,
              "column": 97
            }
          }
        ],
        "line": 3
      },
      "1": {
        "loc": {
          "start": {
            "line": 6,
            "column": 0
          },
          "end": {
            "line": 16,
            "column": 1
          }
        },
        "type": "if",
        "locations": [
          {
            "start": {
              "line": 6,
              "column": 0
            },
            "end": {
              "line": 16,
              "column": 1
            }
          },
          {
            "start": {},
            "end": {}
          }
        ],
        "line": 6
      },
      "2": {
        "loc": {
          "start": {
            "line": 6,
            "column": 4
          },
          "end": {
            "line": 6,
            "column": 35
          }
        },
        "type": "binary-expr",
        "locations": [
          {
            "start": {
              "line": 6,
              "column": 4
            },
            "end": {
              "line": 6,
              "column": 19
            }
          },
          {
            "start": {
              "line": 6,
              "column": 23
            },
            "end": {
              "line": 6,
              "column": 35
            }
          }
        ],
        "line": 6
      },
      "3": {
        "loc": {
          "start": {
            "line": 7,
            "column": 2
          },
          "end": {
            "line": 11,
            "column": 3
          }
        },
        "type": "if",
        "locations": [
          {
            "start": {
              "line": 7,
              "column": 2
            },
            "end": {
              "line": 11,
              "column": 3
            }
          },
          {
            "start": {},
            "end": {}
          }
        ],
        "line": 7
      },
      "4": {
        "loc": {
          "start": {
            "line": 43,
            "column": 0
          },
          "end": {
            "line": 46,
            "column": 1
          }
        },
        "type": "if",
        "locations": [
          {
            "start": {
              "line": 43,
              "column": 0
            },
            "end": {
              "line": 46,
              "column": 1
            }
          },
          {
            "start": {},
            "end": {}
          }
        ],
        "line": 43
      },
      "5": {
        "loc": {
          "start": {
            "line": 43,
            "column": 4
          },
          "end": {
            "line": 43,
            "column": 35
          }
        },
        "type": "binary-expr",
        "locations": [
          {
            "start": {
              "line": 43,
              "column": 4
            },
            "end": {
              "line": 43,
              "column": 19
            }
          },
          {
            "start": {
              "line": 43,
              "column": 23
            },
            "end": {
              "line": 43,
              "column": 35
            }
          }
        ],
        "line": 43
      },
      "6": {
        "loc": {
          "start": {
            "line": 47,
            "column": 0
          },
          "end": {
            "line": 56,
            "column": 1
          }
        },
        "type": "if",
        "locations": [
          {
            "start": {
              "line": 47,
              "column": 0
            },
            "end": {
              "line": 56,
              "column": 1
            }
          },
          {
            "start": {},
            "end": {}
          }
        ],
        "line": 47
      },
      "7": {
        "loc": {
          "start": {
            "line": 47,
            "column": 4
          },
          "end": {
            "line": 47,
            "column": 35
          }
        },
        "type": "binary-expr",
        "locations": [
          {
            "start": {
              "line": 47,
              "column": 4
            },
            "end": {
              "line": 47,
              "column": 19
            }
          },
          {
            "start": {
              "line": 47,
              "column": 23
            },
            "end": {
              "line": 47,
              "column": 35
            }
          }
        ],
        "line": 47
      },
      "8": {
        "loc": {
          "start": {
            "line": 51,
            "column": 6
          },
          "end": {
            "line": 51,
            "column": 31
          }
        },
        "type": "if",
        "locations": [
          {
            "start": {
              "line": 51,
              "column": 6
            },
            "end": {
              "line": 51,
              "column": 31
            }
          },
          {
            "start": {},
            "end": {}
          }
        ],
        "line": 51
      },
      "9": {
        "loc": {
          "start": {
            "line": 53,
            "column": 6
          },
          "end": {
            "line": 53,
            "column": 75
          }
        },
        "type": "if",
        "locations": [
          {
            "start": {
              "line": 53,
              "column": 6
            },
            "end": {
              "line": 53,
              "column": 75
            }
          },
          {
            "start": {},
            "end": {}
          }
        ],
        "line": 53
      }
    },
    "s": {
      "0": 1,
      "1": 1,
      "2": 1,
      "3": 0,
      "4": 1,
      "5": 1,
      "6": 1,
      "7": 1,
      "8": 0,
      "9": 1,
      "10": 1,
      "11": 1,
      "12": 1,
      "13": 1,
      "14": 1,
      "15": 1,
      "16": 1,
      "17": 1,
      "18": 0,
      "19": 0,
      "20": 0,
      "21": 0,
      "22": 0
    },
    "f": {
      "0": 0,
      "1": 1,
      "2": 0
    },
    "b": {
      "0": [
        1,
        0
      ],
      "1": [
        1,
        0
      ],
      "2": [
        1,
        1
      ],
      "3": [
        0,
        1
      ],
      "4": [
        1,
        0
      ],
      "5": [
        1,
        1
      ],
      "6": [
        1,
        0
      ],
      "7": [
        1,
        1
      ],
      "8": [
        0,
        0
      ],
      "9": [
        0,
        0
      ]
    },
    "inputSourceMap": {
      "version": 3,
      "mappings": "AAKM;;;;;;;;;;;;;;;;AALN,OAAOA,SAAS;AAEhB,wBAAwBC,UAAU;AAChC,SACE,uBAAC,SAAI,WAAU,+FACb;AAAA,IAAC;AAAA;AAAA,MACC,KAAKD;AAAAA,MACL,KAAI;AAAA,MACJ,WAAU;AAAA;AAAA,IAHZ;AAAA;AAAA;AAAA;AAAA;AAAA;AAAA;AAAA;AAAA,EAGqC,KAJvC;AAAA;AAAA;AAAA;AAAA,SAMA;AAEJ;AAACE,KAVuBD;AAAO,IAAAC;AAAAC,aAAAD,IAAA",
      "names": [
        "gif",
        "Loading",
        "_c",
        "$RefreshReg$"
      ],
      "ignoreList": [],
      "sources": [
        "D:/Alzhivida/proyecto/frontend/src/layouts/Loading.jsx"
      ],
      "file": "D:/Alzhivida/proyecto/frontend/src/layouts/Loading.jsx"
    },
    "_coverageSchema": "1a1c01bbd47fc00a2c39e90264f33305004495a9",
    "hash": "6739901c3624f4b59f2b1bb1687ede7ec62e193f"
  },
  "D:/Alzhivida/proyecto/frontend/src/layouts/HeaderMod.jsx": {
    "path": "D:/Alzhivida/proyecto/frontend/src/layouts/HeaderMod.jsx",
    "statementMap": {
      "0": {
        "start": {
          "line": 3,
          "column": 20
        },
        "end": {
          "line": 3,
          "column": 97
        }
      },
      "1": {
        "start": {
          "line": 6,
          "column": 0
        },
        "end": {
          "line": 16,
          "column": 1
        }
      },
      "2": {
        "start": {
          "line": 7,
          "column": 2
        },
        "end": {
          "line": 11,
          "column": 3
        }
      },
      "3": {
        "start": {
          "line": 8,
          "column": 4
        },
        "end": {
          "line": 10,
          "column": 6
        }
      },
      "4": {
        "start": {
          "line": 12,
          "column": 2
        },
        "end": {
          "line": 12,
          "column": 39
        }
      },
      "5": {
        "start": {
          "line": 13,
          "column": 2
        },
        "end": {
          "line": 13,
          "column": 39
        }
      },
      "6": {
        "start": {
          "line": 14,
          "column": 2
        },
        "end": {
          "line": 14,
          "column": 113
        }
      },
      "7": {
        "start": {
          "line": 15,
          "column": 2
        },
        "end": {
          "line": 15,
          "column": 75
        }
      },
      "8": {
        "start": {
          "line": 17,
          "column": 9
        },
        "end": {
          "line": 17,
          "column": 23
        }
      },
      "9": {
        "start": {
          "line": 25,
          "column": 2
        },
        "end": {
          "line": 25,
          "column": 7
        }
      },
      "10": {
        "start": {
          "line": 26,
          "column": 30
        },
        "end": {
          "line": 26,
          "column": 45
        }
      },
      "11": {
        "start": {
          "line": 27,
          "column": 2
        },
        "end": {
          "line": 221,
          "column": 11
        }
      },
      "12": {
        "start": {
          "line": 52,
          "column": 41
        },
        "end": {
          "line": 74,
          "column": 9
        }
      },
      "13": {
        "start": {
          "line": 122,
          "column": 25
        },
        "end": {
          "line": 122,
          "column": 43
        }
      },
      "14": {
        "start": {
          "line": 152,
          "column": 41
        },
        "end": {
          "line": 167,
          "column": 9
        }
      },
      "15": {
        "start": {
          "line": 223,
          "column": 0
        },
        "end": {
          "line": 223,
          "column": 46
        }
      },
      "16": {
        "start": {
          "line": 224,
          "column": 0
        },
        "end": {
          "line": 224,
          "column": 15
        }
      },
      "17": {
        "start": {
          "line": 227,
          "column": 0
        },
        "end": {
          "line": 227,
          "column": 30
        }
      },
      "18": {
        "start": {
          "line": 228,
          "column": 0
        },
        "end": {
          "line": 231,
          "column": 1
        }
      },
      "19": {
        "start": {
          "line": 229,
          "column": 2
        },
        "end": {
          "line": 229,
          "column": 39
        }
      },
      "20": {
        "start": {
          "line": 230,
          "column": 2
        },
        "end": {
          "line": 230,
          "column": 39
        }
      },
      "21": {
        "start": {
          "line": 232,
          "column": 0
        },
        "end": {
          "line": 241,
          "column": 1
        }
      },
      "22": {
        "start": {
          "line": 233,
          "column": 2
        },
        "end": {
          "line": 240,
          "column": 5
        }
      },
      "23": {
        "start": {
          "line": 234,
          "column": 4
        },
        "end": {
          "line": 234,
          "column": 126
        }
      },
      "24": {
        "start": {
          "line": 235,
          "column": 4
        },
        "end": {
          "line": 239,
          "column": 7
        }
      },
      "25": {
        "start": {
          "line": 236,
          "column": 6
        },
        "end": {
          "line": 236,
          "column": 31
        }
      },
      "26": {
        "start": {
          "line": 236,
          "column": 24
        },
        "end": {
          "line": 236,
          "column": 31
        }
      },
      "27": {
        "start": {
          "line": 237,
          "column": 32
        },
        "end": {
          "line": 237,
          "column": 175
        }
      },
      "28": {
        "start": {
          "line": 238,
          "column": 6
        },
        "end": {
          "line": 238,
          "column": 75
        }
      },
      "29": {
        "start": {
          "line": 238,
          "column": 29
        },
        "end": {
          "line": 238,
          "column": 75
        }
      }
    },
    "fnMap": {
      "0": {
        "name": "HeaderMod",
        "decl": {
          "start": {
            "line": 24,
            "column": 9
          },
          "end": {
            "line": 24,
            "column": 18
          }
        },
        "loc": {
          "start": {
            "line": 24,
            "column": 21
          },
          "end": {
            "line": 222,
            "column": 1
          }
        },
        "line": 24
      },
      "1": {
        "name": "(anonymous_1)",
        "decl": {
          "start": {
            "line": 52,
            "column": 8
          },
          "end": {
            "line": 52,
            "column": 9
          }
        },
        "loc": {
          "start": {
            "line": 52,
            "column": 41
          },
          "end": {
            "line": 74,
            "column": 9
          }
        },
        "line": 52
      },
      "2": {
        "name": "(anonymous_2)",
        "decl": {
          "start": {
            "line": 122,
            "column": 19
          },
          "end": {
            "line": 122,
            "column": 20
          }
        },
        "loc": {
          "start": {
            "line": 122,
            "column": 25
          },
          "end": {
            "line": 122,
            "column": 43
          }
        },
        "line": 122
      },
      "3": {
        "name": "(anonymous_3)",
        "decl": {
          "start": {
            "line": 152,
            "column": 8
          },
          "end": {
            "line": 152,
            "column": 9
          }
        },
        "loc": {
          "start": {
            "line": 152,
            "column": 41
          },
          "end": {
            "line": 167,
            "column": 9
          }
        },
        "line": 152
      },
      "4": {
        "name": "(anonymous_4)",
        "decl": {
          "start": {
            "line": 233,
            "column": 52
          },
          "end": {
            "line": 233,
            "column": 53
          }
        },
        "loc": {
          "start": {
            "line": 233,
            "column": 72
          },
          "end": {
            "line": 240,
            "column": 3
          }
        },
        "line": 233
      },
      "5": {
        "name": "(anonymous_5)",
        "decl": {
          "start": {
            "line": 235,
            "column": 27
          },
          "end": {
            "line": 235,
            "column": 28
          }
        },
        "loc": {
          "start": {
            "line": 235,
            "column": 44
          },
          "end": {
            "line": 239,
            "column": 5
          }
        },
        "line": 235
      }
    },
    "branchMap": {
      "0": {
        "loc": {
          "start": {
            "line": 3,
            "column": 20
          },
          "end": {
            "line": 3,
            "column": 97
          }
        },
        "type": "binary-expr",
        "locations": [
          {
            "start": {
              "line": 3,
              "column": 20
            },
            "end": {
              "line": 3,
              "column": 60
            }
          },
          {
            "start": {
              "line": 3,
              "column": 64
            },
            "end": {
              "line": 3,
              "column": 97
            }
          }
        ],
        "line": 3
      },
      "1": {
        "loc": {
          "start": {
            "line": 6,
            "column": 0
          },
          "end": {
            "line": 16,
            "column": 1
          }
        },
        "type": "if",
        "locations": [
          {
            "start": {
              "line": 6,
              "column": 0
            },
            "end": {
              "line": 16,
              "column": 1
            }
          },
          {
            "start": {},
            "end": {}
          }
        ],
        "line": 6
      },
      "2": {
        "loc": {
          "start": {
            "line": 6,
            "column": 4
          },
          "end": {
            "line": 6,
            "column": 35
          }
        },
        "type": "binary-expr",
        "locations": [
          {
            "start": {
              "line": 6,
              "column": 4
            },
            "end": {
              "line": 6,
              "column": 19
            }
          },
          {
            "start": {
              "line": 6,
              "column": 23
            },
            "end": {
              "line": 6,
              "column": 35
            }
          }
        ],
        "line": 6
      },
      "3": {
        "loc": {
          "start": {
            "line": 7,
            "column": 2
          },
          "end": {
            "line": 11,
            "column": 3
          }
        },
        "type": "if",
        "locations": [
          {
            "start": {
              "line": 7,
              "column": 2
            },
            "end": {
              "line": 11,
              "column": 3
            }
          },
          {
            "start": {},
            "end": {}
          }
        ],
        "line": 7
      },
      "4": {
        "loc": {
          "start": {
            "line": 124,
            "column": 68
          },
          "end": {
            "line": 124,
            "column": 93
          }
        },
        "type": "cond-expr",
        "locations": [
          {
            "start": {
              "line": 124,
              "column": 77
            },
            "end": {
              "line": 124,
              "column": 84
            }
          },
          {
            "start": {
              "line": 124,
              "column": 87
            },
            "end": {
              "line": 124,
              "column": 93
            }
          }
        ],
        "line": 124
      },
      "5": {
        "loc": {
          "start": {
            "line": 144,
            "column": 4
          },
          "end": {
            "line": 216,
            "column": 12
          }
        },
        "type": "binary-expr",
        "locations": [
          {
            "start": {
              "line": 144,
              "column": 4
            },
            "end": {
              "line": 144,
              "column": 10
            }
          },
          {
            "start": {
              "line": 144,
              "column": 30
            },
            "end": {
              "line": 216,
              "column": 12
            }
          }
        ],
        "line": 144
      },
      "6": {
        "loc": {
          "start": {
            "line": 228,
            "column": 0
          },
          "end": {
            "line": 231,
            "column": 1
          }
        },
        "type": "if",
        "locations": [
          {
            "start": {
              "line": 228,
              "column": 0
            },
            "end": {
              "line": 231,
[...]
          },
          "end": {
            "line": 118,
            "column": 35
          }
        },
        "type": "binary-expr",
        "locations": [
          {
            "start": {
              "line": 118,
              "column": 4
            },
            "end": {
              "line": 118,
              "column": 19
            }
          },
          {
            "start": {
              "line": 118,
              "column": 23
            },
            "end": {
              "line": 118,
              "column": 35
            }
          }
        ],
        "line": 118
      },
      "8": {
        "loc": {
          "start": {
            "line": 122,
            "column": 6
          },
          "end": {
            "line": 122,
            "column": 31
          }
        },
        "type": "if",
        "locations": [
          {
            "start": {
              "line": 122,
              "column": 6
            },
            "end": {
              "line": 122,
              "column": 31
            }
          },
          {
            "start": {},
            "end": {}
          }
        ],
        "line": 122
      },
      "9": {
        "loc": {
          "start": {
            "line": 124,
            "column": 6
          },
          "end": {
            "line": 124,
            "column": 75
          }
        },
        "type": "if",
        "locations": [
          {
            "start": {
              "line": 124,
              "column": 6
            },
            "end": {
              "line": 124,
              "column": 75
            }
          },
          {
            "start": {},
            "end": {}
          }
        ],
        "line": 124
      }
    },
    "s": {
      "0": 1,
      "1": 1,
      "2": 1,
      "3": 0,
      "4": 1,
      "5": 1,
      "6": 1,
      "7": 1,
      "8": 2,
      "9": 1,
      "10": 1,
      "11": 1,
      "12": 1,
      "13": 1,
      "14": 1,
      "15": 1,
      "16": 0,
      "17": 0,
      "18": 0,
      "19": 0,
      "20": 0,
      "21": 0,
      "22": 0
    },
    "f": {
      "0": 2,
      "1": 0,
      "2": 0
    },
    "b": {
      "0": [
        1,
        0
      ],
      "1": [
        1,
        0
      ],
      "2": [
        1,
        1
      ],
      "3": [
        0,
        1
      ],
      "4": [
        1,
        0
      ],
      "5": [
        1,
        1
      ],
      "6": [
        1,
        0
      ],
      "7": [
        1,
        1
      ],
      "8": [
        0,
        0
      ],
      "9": [
        0,
        0
      ]
    },
    "inputSourceMap": {
      "version": 3,
      "mappings": "AAciC;;;;;;;;;;;;;;;;AAdjC,SAASA,iBAAiBC,QAAQC,QAAQC,aAAa;AACvD,OAAOC,UAAU;AACjB,OAAOC,WAAW;AAClB,OAAOC,cAAc;AACrB,OAAOC,cAAc;AACrB,OAAOC,kBAAkB;AACzB,OAAOC,eAAe;AACtB,OAAOC,eAAe;AACtB,OAAOC,YAAY;AAEnB,SAASC,YAAY;AACnB,SACE,uBAAC,UACC,iCAAC,UACC;AAAA,2BAAC,SAAM,MAAK,KAAI,SAAS,uBAAC,UAAD;AAAA;AAAA;AAAA;AAAA,WAAK,KAA9B;AAAA;AAAA;AAAA;AAAA,WAAkC;AAAA,IAClC,uBAAC,SAAM,MAAK,UAAS,SAAS,uBAAC,WAAD;AAAA;AAAA;AAAA;AAAA,WAAM,KAApC;AAAA;AAAA;AAAA;AAAA,WAAwC;AAAA,IACxC,uBAAC,SAAM,MAAK,aAAY,SAAS,uBAAC,cAAD;AAAA;AAAA;AAAA;AAAA,WAAS,KAA1C;AAAA;AAAA;AAAA;AAAA,WAA8C;AAAA,IAC9C,uBAAC,SAAM,MAAK,aAAY,SAAS,uBAAC,cAAD;AAAA;AAAA;AAAA;AAAA,WAAS,KAA1C;AAAA;AAAA;AAAA;AAAA,WAA8C;AAAA,IAC9C,uBAAC,SAAM,MAAK,cAAa,SAAS,uBAAC,eAAD;AAAA;AAAA;AAAA;AAAA,WAAU,KAA5C;AAAA;AAAA;AAAA;AAAA,WAA+C;AAAA,IAC/C,uBAAC,SAAM,MAAK,cAAa,SAAS,uBAAC,eAAD;AAAA;AAAA;AAAA;AAAA,WAAU,KAA5C;AAAA;AAAA;AAAA;AAAA,WAAgD;AAAA,IAChD,uBAAC,SAAM,MAAK,WAAU,SAAS,uBAAC,YAAD;AAAA;AAAA;AAAA;AAAA,WAAO,KAAtC;AAAA;AAAA;AAAA;AAAA,WAAyC;AAAA,IACzC,uBAAC,SAAM,MAAK,KAAI,SAAS,uBAAC,kBAAD;AAAA;AAAA;AAAA;AAAA,WAAa,KAAtC;AAAA;AAAA;AAAA;AAAA,WAA0C;AAAA,OAR5C;AAAA;AAAA;AAAA;AAAA,SASA,KAVF;AAAA;AAAA;AAAA;AAAA,SAWA;AAEJ;AAACC,KAfQD;AAiBT,eAAeA;AAAU,IAAAC;AAAAC,aAAAD,IAAA",
      "names": [
        "BrowserRouter",
        "Router",
        "Routes",
        "Route",
        "Home",
        "Login",
        "Register",
        "Sessions",
        "NoEncontrado",
        "Principal",
        "Forgotten",
        "Prueba",
        "AppRoutes",
        "_c",
        "$RefreshReg$"
      ],
      "ignoreList": [],
      "sources": [
        "D:/Alzhivida/proyecto/frontend/src/routes/AppRoutes.jsx"
      ],
      "file": "D:/Alzhivida/proyecto/frontend/src/routes/AppRoutes.jsx"
    },
    "_coverageSchema": "1a1c01bbd47fc00a2c39e90264f33305004495a9",
    "hash": "7a0fc0e19895cd08ef705a9910c23267d5c14548"
  },
  "D:/Alzhivida/proyecto/frontend/src/App.jsx": {
    "path": "D:/Alzhivida/proyecto/frontend/src/App.jsx",
    "statementMap": {
      "0": {
        "start": {
          "line": 3,
          "column": 20
        },
        "end": {
          "line": 3,
          "column": 97
        }
      },
      "1": {
        "start": {
          "line": 6,
          "column": 0
        },
        "end": {
          "line": 16,
          "column": 1
        }
      },
      "2": {
        "start": {
          "line": 7,
          "column": 2
        },
        "end": {
          "line": 11,
          "column": 3
        }
      },
      "3": {
        "start": {
          "line": 8,
          "column": 4
        },
        "end": {
          "line": 10,
          "column": 6
        }
      },
      "4": {
        "start": {
          "line": 12,
          "column": 2
        },
        "end": {
          "line": 12,
          "column": 39
        }
      },
      "5": {
        "start": {
          "line": 13,
          "column": 2
        },
        "end": {
          "line": 13,
          "column": 39
        }
      },
      "6": {
        "start": {
          "line": 14,
          "column": 2
        },
        "end": {
          "line": 14,
          "column": 99
        }
      },
      "7": {
        "start": {
          "line": 15,
          "column": 2
        },
        "end": {
          "line": 15,
          "column": 75
        }
      },
      "8": {
        "start": {
          "line": 19,
          "column": 2
        },
        "end": {
          "line": 23,
          "column": 11
        }
      },
      "9": {
        "start": {
          "line": 25,
          "column": 0
        },
        "end": {
          "line": 25,
          "column": 9
        }
      },
      "10": {
        "start": {
          "line": 28,
          "column": 0
        },
        "end": {
          "line": 28,
          "column": 24
        }
      },
      "11": {
        "start": {
          "line": 29,
          "column": 0
        },
        "end": {
          "line": 32,
          "column": 1
        }
      },
      "12": {
        "start": {
          "line": 30,
          "column": 2
        },
        "end": {
          "line": 30,
          "column": 39
        }
      },
      "13": {
        "start": {
          "line": 31,
          "column": 2
        },
        "end": {
          "line": 31,
          "column": 39
        }
      },
      "14": {
        "start": {
          "line": 33,
          "column": 0
        },
        "end": {
          "line": 42,
          "column": 1
        }
      },
      "15": {
        "start": {
          "line": 34,
          "column": 2
        },
        "end": {
          "line": 41,
          "column": 5
        }
      },
      "16": {
        "start": {
          "line": 35,
          "column": 4
        },
        "end": {
          "line": 35,
          "column": 112
        }
      },
      "17": {
        "start": {
          "line": 36,
          "column": 4
        },
        "end": {
          "line": 40,
          "column": 7
        }
      },
      "18": {
        "start": {
          "line": 37,
          "column": 6
        },
        "end": {
          "line": 37,
          "column": 31
        }
      },
      "19": {
        "start": {
          "line": 37,
          "column": 24
        },
        "end": {
          "line": 37,
          "column": 31
        }
      },
      "20": {
        "start": {
          "line": 38,
          "column": 32
        },
        "end": {
          "line": 38,
          "column": 161
        }
      },
      "21": {
        "start": {
          "line": 39,
          "column": 6
        },
        "end": {
          "line": 39,
          "column": 75
        }
      },
      "22": {
        "start": {
          "line": 39,
          "column": 29
        },
        "end": {
          "line": 39,
          "column": 75
        }
      }
    },
    "fnMap": {
      "0": {
        "name": "App",
        "decl": {
          "start": {
            "line": 18,
            "column": 9
          },
          "end": {
            "line": 18,
            "column": 12
          }
        },
        "loc": {
          "start": {
            "line": 18,
            "column": 15
          },
          "end": {
            "line": 24,
            "column": 1
          }
        },
        "line": 18
      },
      "1": {
        "name": "(anonymous_1)",
        "decl": {
          "start": {
            "line": 34,
            "column": 52
          },
          "end": {
            "line": 34,
            "column": 53
          }
        },
        "loc": {
          "start": {
            "line": 34,
            "column": 72
          },
          "end": {
            "line": 41,
            "column": 3
          }
        },
        "line": 34
      },
      "2": {
        "name": "(anonymous_2)",
        "decl": {
          "start": {
            "line": 36,
            "column": 27
          },
          "end": {
            "line": 36,
            "column": 28
          }
        },
        "loc": {
          "start": {
            "line": 36,
            "column": 44
          },
          "end": {
            "line": 40,
            "column": 5
          }
        },
        "line": 36
      }
    },
    "branchMap": {
      "0": {
        "loc": {
          "start": {
            "line": 3,
            "column": 20
          },
          "end": {
            "line": 3,
            "column": 97
          }
        },
        "type": "binary-expr",
        "locations": [
          {
            "start": {
              "line": 3,
              "column": 20
            },
            "end": {
              "line": 3,
              "column": 60
            }
          },
          {
            "start": {
              "line": 3,
              "column": 64
            },
            "end": {
              "line": 3,
              "column": 97
            }
          }
        ],
        "line": 3
      },
      "1": {
        "loc": {
          "start": {
            "line": 6,
            "column": 0
          },
          "end": {
            "line": 16,
            "column": 1
          }
        },
        "type": "if",
        "locations": [
          {
            "start": {
              "line": 6,
              "column": 0
            },
            "end": {
              "line": 16,
              "column": 1
            }
          },
          {
            "start": {},
            "end": {}
          }
        ],
        "line": 6
      },
      "2": {
        "loc": {
          "start": {
            "line": 6,
            "column": 4
          },
          "end": {
            "line": 6,
            "column": 35
          }
        },
        "type": "binary-expr",
        "locations": [
          {
            "start": {
              "line": 6,
              "column": 4
            },
            "end": {
              "line": 6,
              "column": 19
            }
          },
          {
            "start": {
              "line": 6,
              "column": 23
            },
            "end": {
              "line": 6,
              "column": 35
            }
          }
        ],
        "line": 6
      },
      "3": {
        "loc": {
          "start": {
            "line": 7,
            "column": 2
          },
          "end": {
            "line": 11,
            "column": 3
          }
        },
        "type": "if",
        "locations": [
          {
            "start": {
              "line": 7,
              "column": 2
            },
            "end": {
              "line": 11,
              "column": 3
            }
          },
          {
            "start": {},
            "end": {}
          }
        ],
        "line": 7
      },
      "4": {
        "loc": {
          "start": {
            "line": 29,
            "column": 0
          },
          "end": {
            "line": 32,
            "column": 1
          }
        },
        "type": "if",
        "locations": [
          {
            "start": {
              "line": 29,
              "column": 0
            },
            "end": {
              "line": 32,
              "column": 1
            }
          },
          {
            "start": {},
            "end": {}
          }
        ],
        "line": 29
      },
      "5": {
        "loc": {
          "start": {
            "line": 29,
            "column": 4
          },
          "end": {
            "line": 29,
            "column": 35
          }
        },
        "type": "binary-expr",
        "locations": [
          {
            "start": {
              "line": 29,
              "column": 4
            },
            "end": {
              "line": 29,
              "column": 19
            }
          },
          {
            "start": {
              "line": 29,
              "column": 23
            },
            "end": {
              "line": 29,
              "column": 35
            }
          }
        ],
        "line": 29
      },
      "6": {
        "loc": {
          "start": {
            "line": 33,
            "column": 0
          },
          "end": {
            "line": 42,
            "column": 1
          }
        },
        "type": "if",
        "locations": [
          {
            "start": {
              "line": 33,
              "column": 0
            },
            "end": {
              "line": 42,
              "column": 1
            }
          },
          {
            "start": {},
            "end": {}
          }
        ],
        "line": 33
      },
      "7": {
        "loc": {
          "start": {
            "line": 33,
            "column": 4
          },
          "end": {
            "line": 33,
            "column": 35
          }
        },
        "type": "binary-expr",
        "locations": [
          {
            "start": {
              "line": 33,
              "column": 4
            },
            "end": {
              "line": 33,
              "column": 19
            }
          },
          {
            "start": {
              "line": 33,
              "column": 23
            },
            "end": {
              "line": 33,
              "column": 35
            }
          }
        ],
        "line": 33
      },
      "8": {
        "loc": {
          "start": {
            "line": 37,
            "column": 6
          },
          "end": {
            "line": 37,
            "column": 31
          }
        },
        "type": "if",
        "locations": [
          {
            "start": {
              "line": 37,
              "column": 6
            },
            "end": {
              "line": 37,
              "column": 31
            }
          },
          {
            "start": {},
            "end": {}
          }
        ],
        "line": 37
      },
      "9": {
        "loc": {
          "start": {
            "line": 39,
            "column": 6
          },
          "end": {
            "line": 39,
            "column": 75
          }
        },
        "type": "if",
        "locations": [
          {
            "start": {
              "line": 39,
              "column": 6
            },
            "end": {
              "line": 39,
              "column": 75
            }
          },
          {
            "start": {},
            "end": {}
          }
        ],
        "line": 39
      }
    },
    "s": {
      "0": 1,
      "1": 1,
      "2": 1,
      "3": 0,
      "4": 1,
      "5": 1,
      "6": 1,
      "7": 1,
      "8": 2,
      "9": 1,
      "10": 1,
      "11": 1,
      "12": 1,
      "13": 1,
      "14": 1,
      "15": 1,
      "16": 0,
      "17": 0,
      "18": 0,
      "19": 0,
      "20": 0,
      "21": 0,
      "22": 0
    },
    "f": {
      "0": 2,
      "1": 0,
      "2": 0
    },
    "b": {
      "0": [
        1,
        0
      ],
      "1": [
        1,
        0
      ],
      "2": [
        1,
        1
      ],
      "3": [
        0,
        1
      ],
      "4": [
        1,
        0
      ],
      "5": [
        1,
        1
      ],
      "6": [
        1,
        0
      ],
      "7": [
        1,
        1
      ],
      "8": [
        0,
        0
      ],
      "9": [
        0,
        0
      ]
    },
    "inputSourceMap": {
      "version": 3,
      "mappings": "AAIS;;;;;;;;;;;;;;;;AAHT,OAAOA,eAAe;AAEtB,SAASC,MAAM;AACb,SAAO,uBAAC,eAAD;AAAA;AAAA;AAAA;AAAA,SAAU;AACnB;AAACC,KAFQD;AAIT,eAAeA;AAAG,IAAAC;AAAAC,aAAAD,IAAA",
      "names": [
        "AppRoutes",
        "App",
        "_c",
        "$RefreshReg$"
      ],
      "ignoreList": [],
      "sources": [
        "D:/Alzhivida/proyecto/frontend/src/App.jsx"
      ],
      "file": "D:/Alzhivida/proyecto/frontend/src/App.jsx"
    },
    "_coverageSchema": "1a1c01bbd47fc00a2c39e90264f33305004495a9",
    "hash": "2ef683e147339cf61bcce09dbd505ca6a18b4c4a"
  },
  "D:/Alzhivida/proyecto/frontend/src/main.jsx": {
    "path": "D:/Alzhivida/proyecto/frontend/src/main.jsx",
    "statementMap": {
      "0": {
        "start": {
          "line": 8,
          "column": 0
        },
        "end": {
          "line": 11,
          "column": 1
        }
      },
      "1": {
        "start": {
          "line": 9,
          "column": 13
        },
        "end": {
          "line": 9,
          "column": 34
        }
      },
      "2": {
        "start": {
          "line": 10,
          "column": 2
        },
        "end": {
          "line": 10,
          "column": 16
        }
      },
      "3": {
        "start": {
          "line": 12,
          "column": 0
        },
        "end": {
          "line": 22,
          "column": 2
        }
      }
    },
    "fnMap": {},
    "branchMap": {
      "0": {
        "loc": {
          "start": {
            "line": 8,
            "column": 0
          },
          "end": {
            "line": 11,
            "column": 1
          }
        },
        "type": "if",
        "locations": [
          {
            "start": {
              "line": 8,
              "column": 0
            },
            "end": {
              "line": 11,
              "column": 1
            }
          },
          {
            "start": {},
            "end": {}
          }
        ],
        "line": 8
      }
    },
    "s": {
      "0": 1,
      "1": 1,
      "2": 1,
      "3": 1
    },
    "f": {},
    "b": {
      "0": [
        1,
        0
      ]
    },
    "inputSourceMap": {
      "version": 3,
      "mappings": "AAgBI;AAhBJ,SAASA,kBAAkB;AAC3B,SAASC,kBAAkB;AAE3B,OAAOC,SAAS;AAChB,SAASC,eAAe;AACxB,OAAO;AACP,OAAO;AAGP,IAAI,mBAAmBC,WAAW;AAChC,QAAMC,KAAK,IAAIF,QAAQ,QAAQ;AAC/BE,KAAGC,SAAS;AACd;AAEAL,WAAWM,SAASC,eAAe,MAAM,CAAC,EAAEC;AAAAA,EAC1C,uBAAC,cACC,iCAAC,SAAD;AAAA;AAAA;AAAA;AAAA,SAAI,KADN;AAAA;AAAA;AAAA;AAAA,SAEA;AACF",
      "names": [
        "StrictMode",
        "createRoot",
        "App",
        "Workbox",
        "navigator",
        "wb",
        "register",
        "document",
        "getElementById",
        "render"
      ],
      "ignoreList": [],
      "sources": [
        "D:/Alzhivida/proyecto/frontend/src/main.jsx"
      ],
      "file": "D:/Alzhivida/proyecto/frontend/src/main.jsx"
    },
    "_coverageSchema": "1a1c01bbd47fc00a2c39e90264f33305004495a9",
    "hash": "1d00049a5f8406c82f469abb4b33931104bee80a"
  }
}